
4/17/2016, 5:56:00 PM

Operating System
  Name                        = Mac OS X
  Version                     = 10.11.4
  Architecture                = 64bit
  # CPUs                      = 8
  Memory                      = 17179869184

Node.js
  Node.js Version             = 4.3.1
  npm Version                 = 2.14.12

Titanium CLI
  CLI Version                 = 5.0.6

Titanium SDK
  SDK Version                 = 5.2.0.GA
  SDK Path                    = /Users/JarrodSmith/Library/Application Support/Titanium/mobilesdk/osx/5.2.0.GA
  Target Platform             = iphone

Command
  /usr/local/bin/node /Users/JarrodSmith/.appcelerator/install/5.2.0/package/node_modules/titanium/lib/titanium.js build run --platform ios --log-level trace --sdk 5.2.0.GA --project-dir /Users/JarrodSmith/GitHub/AVF1604_Smith_Jarrod/Weather --target device --ios-version 9.3 --device-family universal --developer-name jsmithpfm@yahoo.com (V7K4R78R4E) --device-id b148947d764c654d0ef20b873cb383522b05a819 --pp-uuid e7ee70c3-2d6c-484e-9f64-38719ccff92d --liveview --deploy-type development --no-colors --no-progress-bars --no-prompt --prompt-type socket-bundle --prompt-port 49616 --config-file /var/folders/zk/r7vy3c8503792qfczh43dhfw0000gn/T/build-1460933757229.json --no-banner --project-dir /Users/JarrodSmith/GitHub/AVF1604_Smith_Jarrod/Weather

[DEBUG]  Detecting modules in /Users/JarrodSmith/Library/Application Support/Titanium/modules
[DEBUG]  Detected android module: facebook 4.0.5 @ /Users/JarrodSmith/Library/Application Support/Titanium/modules/android/facebook/4.0.5
[DEBUG]  Detected android module: facebook 5.0.0 @ /Users/JarrodSmith/Library/Application Support/Titanium/modules/android/facebook/5.0.0
[DEBUG]  Detected android module: ti.cloudpush 3.4.0 @ /Users/JarrodSmith/Library/Application Support/Titanium/modules/android/ti.cloudpush/3.4.0
[DEBUG]  Detected android module: ti.cloudpush 3.4.1 @ /Users/JarrodSmith/Library/Application Support/Titanium/modules/android/ti.cloudpush/3.4.1
[DEBUG]  Detected android module: ti.map 2.3.4 @ /Users/JarrodSmith/Library/Application Support/Titanium/modules/android/ti.map/2.3.4
[DEBUG]  Detected android module: ti.map 2.3.6 @ /Users/JarrodSmith/Library/Application Support/Titanium/modules/android/ti.map/2.3.6
[DEBUG]  Detected commonjs module: ti.cloud 3.2.10 @ /Users/JarrodSmith/Library/Application Support/Titanium/modules/commonjs/ti.cloud/3.2.10
[DEBUG]  Detected commonjs module: ti.cloud 3.2.9 @ /Users/JarrodSmith/Library/Application Support/Titanium/modules/commonjs/ti.cloud/3.2.9
[DEBUG]  Detected iphone module: com.appcelerator.urlSession 2.0.0 @ /Users/JarrodSmith/Library/Application Support/Titanium/modules/iphone/com.appcelerator.urlSession/2.0.0
[DEBUG]  Detected iphone module: facebook 4.0.5 @ /Users/JarrodSmith/Library/Application Support/Titanium/modules/iphone/facebook/4.0.5
[DEBUG]  Detected iphone module: facebook 5.0.1 @ /Users/JarrodSmith/Library/Application Support/Titanium/modules/iphone/facebook/5.0.1
[DEBUG]  Detected iphone module: ti.coremotion 1.1.0 @ /Users/JarrodSmith/Library/Application Support/Titanium/modules/iphone/ti.coremotion/1.1.0
[DEBUG]  Detected iphone module: ti.coremotion 2.0.0 @ /Users/JarrodSmith/Library/Application Support/Titanium/modules/iphone/ti.coremotion/2.0.0
[DEBUG]  Detected iphone module: ti.map 2.4.1 @ /Users/JarrodSmith/Library/Application Support/Titanium/modules/iphone/ti.map/2.4.1
[DEBUG]  Detected iphone module: ti.map 2.5.2 @ /Users/JarrodSmith/Library/Application Support/Titanium/modules/iphone/ti.map/2.5.2
[DEBUG]  Detected iphone module: ti.safaridialog 1.0.2 @ /Users/JarrodSmith/Library/Application Support/Titanium/modules/iphone/ti.safaridialog/1.0.2
[DEBUG]  Detected iphone module: ti.safaridialog 1.0.3 @ /Users/JarrodSmith/Library/Application Support/Titanium/modules/iphone/ti.safaridialog/1.0.3
[DEBUG]  Detected iphone module: ti.safaridialog 1.0.5 @ /Users/JarrodSmith/Library/Application Support/Titanium/modules/iphone/ti.safaridialog/1.0.5
[DEBUG]  Detected iphone module: ti.touchid 1.2.0 @ /Users/JarrodSmith/Library/Application Support/Titanium/modules/iphone/ti.touchid/1.2.0
[DEBUG]  No project level plugins to load
[TRACE]  Snapshotting build directory
[DEBUG]  Titanium SDK iOS directory: /Users/JarrodSmith/Library/Application Support/Titanium/mobilesdk/osx/5.2.0.GA/iphone
[INFO]   Deploy type: development
[INFO]   Building for target: device
[INFO]   Building using iOS SDK: 9.3
[INFO]   Building for iOS device: b148947d764c654d0ef20b873cb383522b05a819
[INFO]   Building for device family: universal
[DEBUG]  Setting Xcode target to Debug
[DEBUG]  Setting Xcode build OS to iphoneos
[DEBUG]  Xcode installation: /Applications/Xcode.app/Contents/Developer
[DEBUG]  iOS WWDR certificate: installed
[INFO]   iOS Development Certificate: jsmithpfm@yahoo.com (V7K4R78R4E)
[INFO]   Minimum iOS version: 7.1
[INFO]   Using default keychain
[INFO]   Debugging disabled
[INFO]   Profiler disabled
[INFO]   Set to copy files instead of symlinking
[INFO]   Initializing the build directory
[TRACE]  offline build file /var/folders/zk/r7vy3c8503792qfczh43dhfw0000gn/T/build-44716c391478702012635502a60d1b63c5e12f3b.json
[TRACE]  online 1
[TRACE]  sending request {"json":{"username":"jasmith2@fullsail.edu","session":"238cda63f0f294051bb59e5d0ba11490df0c5415 XVWfbKJ+Ezjh57PHJ9D90T581dMN8BcMAwoY42kAMjlL7XjWnbLuE7BtTesHVlFF2uE53yQMXQM9vRcr4eQnPuOSWnBaWwqxgdcPzGv71Ocw+toCQSYyt3cJ5LM84xD9NYg2zht/9/3Jti/xt+m/QnHwIONRDUvhraAqJF89X23JbGjI0y6lrpry1NvNbwkIGJVNJeXayZULM8lcgeE9QYaYvpuyVouAR7UxEIfjeje5XmAslygEv0Oth64ypPCgEnUT1jZPkDytK3x3ygjdo3whImQ3LOIrBsXqXXIwq/qx6VWdmG7QOfLoOl8Gf3LulcdmYmN0TzoHa6sUpWW3jiDkWnYPN2qv5u8A5ktyWdhvlz0bpbKvDxeLGI81ZcV5h0s04xxxpsL/PJyZm2yhadq5JBvA/LXaQ4QLBXNdJ8kZU2vM7epUT1XjRVfh+aAM6Mul3OraTcI8OYgJ7UIpnsx1cWmdyWRloVsJi7rmg6whPvkiaG6mVb7f0amZNA2Qhkbxc4rUP5YwqZ+aDWeUd8U2AEXNfCG0qDPelXZC9maf2W+EboM9Tw7wTPJklCP7ncwgH8lCyPlA4Wko4FWrYJR9tCq4J1FjcRFX3FKBQFoIEHdjQVPKgolWImeAX3YnmRVpSPChB/pd4XxyKTNdGcNypZbZLQdkBV5wArGqfCsVGmwb76AKEdNRsc2yCku1MHCVnDRYKHu1MFM8d1iq5ILRmRCIjbWJ5vhNBMy1cbY0JUxnR0FhVuD0lT8xyw7Rq5aHhhae3lwYqAh9qtrJTZkq/gJAuRaiK4o5TqPF6Xg=","ipaddress":"192.168.1.11","fingerprint":"9b7caaa5be4dc2f8ea788f8c809fa0c074c7bbb2","fingerprint_description":"Mac OSX Serial Number: C02Q32SNG8WL","guid":"7db24ffa-7c55-461c-9666-64a104c59be5","appid":"com.JSDevelop.Weather","name":"Weather","org_id":100083105,"deploytype":"development","tiappxml":"<?xml version=\"1.0\" encoding=\"UTF-8\"?>\n<ti:app \n  xmlns:ti=\"http://ti.appcelerator.org\">\n  <id>com.JSDevelop.Weather</id>\n  <name>Weather</name>\n  <version>1.0</version>\n  <publisher>JarrodSmith</publisher>\n  <url/>\n  <description/>\n  <copyright>2016 by JarrodSmith</copyright>\n  <icon>appicon.png</icon>\n  <fullscreen>false</fullscreen>\n  <navbar-hidden>false</navbar-hidden>\n  <analytics>true</analytics>\n  <guid>7db24ffa-7c55-461c-9666-64a104c59be5</guid>\n  <property name=\"ti.ui.defaultunit\" type=\"string\">dp</property>\n  <ios>\n    <enable-launch-screen-storyboard>true</enable-launch-screen-storyboard>\n    <plist>\n      <dict>\n        <key>NSLocationWhenInUseUsageDescription</key>\n        <array>\n          <string>Please allow the app to access your Location to find XYZ near you.</string>\n        </array>\n        <key>NSLocationUsageDescription</key>\n        <array>\n          <string>Please allow the app to access your Location to find XYZ near you.</string>\n        </array>\n        <key>UISupportedInterfaceOrientations~iphone</key>\n        <array>\n          <string>UIInterfaceOrientationPortrait</string>\n        </array>\n        <key>UISupportedInterfaceOrientations~ipad</key>\n        <array>\n          <string>UIInterfaceOrientationPortrait</string>\n          <string>UIInterfaceOrientationPortraitUpsideDown</string>\n          <string>UIInterfaceOrientationLandscapeLeft</string>\n          <string>UIInterfaceOrientationLandscapeRight</string>\n        </array>\n        <key>UIRequiresPersistentWiFi</key>\n        <false/>\n        <key>UIPrerenderedIcon</key>\n        <false/>\n        <key>UIStatusBarHidden</key>\n        <false/>\n        <key>UIStatusBarStyle</key>\n        <string>UIStatusBarStyleDefault</string>\n      </dict>\n    </plist>\n  </ios>\n  <android \n    xmlns:android=\"http://schemas.android.com/apk/res/android\"/>\n    <mobileweb>\n      <precache/>\n      <splash>\n        <enabled>true</enabled>\n        <inline-css-images>true</inline-css-images>\n      </splash>\n      <theme>default</theme>\n    </mobileweb>\n    <modules/>\n    <deployment-targets>\n      <target device=\"android\">true</target>\n      <target device=\"ipad\">true</target>\n      <target device=\"iphone\">true</target>\n      <target device=\"mobileweb\">true</target>\n      <target device=\"windows\">false</target>\n    </deployment-targets>\n    <sdk-version>5.2.0.GA</sdk-version>\n    <property name=\"appc-app-id\" type=\"string\">5710568f06a4d0ef7cc70813</property>\n  </ti:app>","modules":[]},"gzip":true,"followAllRedirects":true,"url":"https://security.appcelerator.com/build-verify"}
[TRACE]  result from /build-verify=> {"key":"yuaWDRVeaZdDaOkdMZM6HA==","pepper":"8WLZaK/yqBHg0yp4yzejIQ==","hmacKey":"AcR7CowO1wGaYYF8IpJipg==","o":100083105,"u":"337d8ed0-fb3b-4f76-a5af-cd86373b5b31","p":"free","i":"571414824b62fb090c0af80e","success":true}, err=null
[INFO]   JavaScript files need to be encrypted
[INFO]   Creating Xcode project
[TRACE]  Removing pre-compile phase
[TRACE]  No native module libraries to add
[TRACE]  No extensions to add
[TRACE]  No change, skipping /Users/JarrodSmith/GitHub/AVF1604_Smith_Jarrod/Weather/build/iphone/Weather.xcodeproj/project.pbxproj
[INFO]   Creating Entitlements.plist
[TRACE]  No change, skipping /Users/JarrodSmith/GitHub/AVF1604_Smith_Jarrod/Weather/build/iphone/Weather.entitlements
[INFO]   Creating Info.plist
[INFO]   Disabling ATS
[TRACE]  No change, skipping /Users/JarrodSmith/GitHub/AVF1604_Smith_Jarrod/Weather/build/iphone/Info.plist
[INFO]   Creating main.m
[TRACE]  No change, skipping /Users/JarrodSmith/GitHub/AVF1604_Smith_Jarrod/Weather/build/iphone/main.m
[INFO]   Creating Xcode config files
[TRACE]  No change, skipping /Users/JarrodSmith/GitHub/AVF1604_Smith_Jarrod/Weather/build/iphone/project.xcconfig
[TRACE]  No change, skipping /Users/JarrodSmith/GitHub/AVF1604_Smith_Jarrod/Weather/build/iphone/module.xcconfig
[INFO]   Copying Titanium libraries
[TRACE]  No change, skipping /Users/JarrodSmith/GitHub/AVF1604_Smith_Jarrod/Weather/build/iphone/lib/libTiCore.a
[TRACE]  No change, skipping /Users/JarrodSmith/GitHub/AVF1604_Smith_Jarrod/Weather/build/iphone/lib/libtiverify.a
[TRACE]  No change, skipping /Users/JarrodSmith/GitHub/AVF1604_Smith_Jarrod/Weather/build/iphone/lib/libti_ios_debugger.a
[TRACE]  No change, skipping /Users/JarrodSmith/GitHub/AVF1604_Smith_Jarrod/Weather/build/iphone/lib/libti_ios_profiler.a
[INFO]   Copying Titanium iOS files
[TRACE]  Skipping Classes/ApplicationRouting.m, it'll be processed later
[TRACE]  No change, skipping /Users/JarrodSmith/GitHub/AVF1604_Smith_Jarrod/Weather/build/iphone/Weather_Prefix.pch
[TRACE]  No change, skipping /Users/JarrodSmith/GitHub/AVF1604_Smith_Jarrod/Weather/build/iphone/Weather.xcodeproj/xcshareddata/xcschemes/Weather.xcscheme
[INFO]   Installing default LaunchScreen.storyboard
[TRACE]  No change, skipping /Users/JarrodSmith/GitHub/AVF1604_Smith_Jarrod/Weather/build/iphone/LaunchScreen.storyboard
[INFO]   Creating debugger and profiler plists
[DEBUG]  Skipping /Users/JarrodSmith/GitHub/AVF1604_Smith_Jarrod/Weather/build/iphone/build/Products/Debug-iphoneos/Weather.app/debugger.plist
[DEBUG]  Skipping /Users/JarrodSmith/GitHub/AVF1604_Smith_Jarrod/Weather/build/iphone/build/Products/Debug-iphoneos/Weather.app/profiler.plist
[INFO]   Analyzing Resources directory
[INFO]   Analyzing platform files
[INFO]   Analyzing module files
[INFO]   Analyzing localized launch images
[INFO]   Analyzing CommonJS modules
[INFO]   Creating asset catalog
[TRACE]  No change, skipping /Users/JarrodSmith/GitHub/AVF1604_Smith_Jarrod/Weather/build/iphone/Assets.xcassets/Contents.json
[INFO]   Creating app icon set
[TRACE]  Found generated 29x29 app icon: /Users/JarrodSmith/GitHub/AVF1604_Smith_Jarrod/Weather/build/iphone/Assets.xcassets/AppIcon.appiconset/appicon-Small.png
[TRACE]  Found generated 58x58 app icon: /Users/JarrodSmith/GitHub/AVF1604_Smith_Jarrod/Weather/build/iphone/Assets.xcassets/AppIcon.appiconset/appicon-Small@2x.png
[TRACE]  Found generated 87x87 app icon: /Users/JarrodSmith/GitHub/AVF1604_Smith_Jarrod/Weather/build/iphone/Assets.xcassets/AppIcon.appiconset/appicon-Small@3x.png
[TRACE]  Found generated 40x40 app icon: /Users/JarrodSmith/GitHub/AVF1604_Smith_Jarrod/Weather/build/iphone/Assets.xcassets/AppIcon.appiconset/appicon-Small-40.png
[TRACE]  Found generated 80x80 app icon: /Users/JarrodSmith/GitHub/AVF1604_Smith_Jarrod/Weather/build/iphone/Assets.xcassets/AppIcon.appiconset/appicon-Small-40@2x.png
[TRACE]  Found generated 120x120 app icon: /Users/JarrodSmith/GitHub/AVF1604_Smith_Jarrod/Weather/build/iphone/Assets.xcassets/AppIcon.appiconset/appicon-Small-40@3x.png
[TRACE]  Found generated 120x120 app icon: /Users/JarrodSmith/GitHub/AVF1604_Smith_Jarrod/Weather/build/iphone/Assets.xcassets/AppIcon.appiconset/appicon-60@2x.png
[TRACE]  Found generated 180x180 app icon: /Users/JarrodSmith/GitHub/AVF1604_Smith_Jarrod/Weather/build/iphone/Assets.xcassets/AppIcon.appiconset/appicon-60@3x.png
[TRACE]  Found generated 76x76 app icon: /Users/JarrodSmith/GitHub/AVF1604_Smith_Jarrod/Weather/build/iphone/Assets.xcassets/AppIcon.appiconset/appicon-76.png
[TRACE]  Found generated 152x152 app icon: /Users/JarrodSmith/GitHub/AVF1604_Smith_Jarrod/Weather/build/iphone/Assets.xcassets/AppIcon.appiconset/appicon-76@2x.png
[TRACE]  Found generated 167x167 app icon: /Users/JarrodSmith/GitHub/AVF1604_Smith_Jarrod/Weather/build/iphone/Assets.xcassets/AppIcon.appiconset/appicon-83.5@2x.png
[TRACE]  No change, skipping /Users/JarrodSmith/GitHub/AVF1604_Smith_Jarrod/Weather/build/iphone/Assets.xcassets/AppIcon.appiconset/Contents.json
[INFO]   Creating launch logo image set
[TRACE]  Found generated 320x320 launch logo: /Users/JarrodSmith/GitHub/AVF1604_Smith_Jarrod/Weather/build/iphone/Assets.xcassets/LaunchLogo.imageset/LaunchLogo~iphone.png
[TRACE]  Found generated 374x374 launch logo: /Users/JarrodSmith/GitHub/AVF1604_Smith_Jarrod/Weather/build/iphone/Assets.xcassets/LaunchLogo.imageset/LaunchLogo@2x~iphone.png
[TRACE]  Found generated 621x621 launch logo: /Users/JarrodSmith/GitHub/AVF1604_Smith_Jarrod/Weather/build/iphone/Assets.xcassets/LaunchLogo.imageset/LaunchLogo@3x~iphone.png
[TRACE]  Found generated 384x384 launch logo: /Users/JarrodSmith/GitHub/AVF1604_Smith_Jarrod/Weather/build/iphone/Assets.xcassets/LaunchLogo.imageset/LaunchLogo~ipad.png
[TRACE]  Found generated 1024x1024 launch logo: /Users/JarrodSmith/GitHub/AVF1604_Smith_Jarrod/Weather/build/iphone/Assets.xcassets/LaunchLogo.imageset/LaunchLogo@2x~ipad.png
[TRACE]  No change, skipping /Users/JarrodSmith/GitHub/AVF1604_Smith_Jarrod/Weather/build/iphone/Assets.xcassets/LaunchLogo.imageset/Contents.json
[INFO]   Creating launch image set
[DEBUG]  Unsupported launch image Resources/iphone/Default.png, skipping
[TRACE]  No change, skipping /Users/JarrodSmith/GitHub/AVF1604_Smith_Jarrod/Weather/build/iphone/Assets.xcassets/LaunchImage.launchimage/Contents.json
[INFO]   App thinning disabled, skipping asset image sets
[DEBUG]  Copying resources
[TRACE]  No change, skipping /Users/JarrodSmith/GitHub/AVF1604_Smith_Jarrod/Weather/build/iphone/build/Products/Debug-iphoneos/Weather.app/KS_nav_ui.png
[DEBUG]  Overwriting /Users/JarrodSmith/GitHub/AVF1604_Smith_Jarrod/Weather/Resources/KS_nav_ui.png => /Users/JarrodSmith/GitHub/AVF1604_Smith_Jarrod/Weather/build/iphone/build/Products/Debug-iphoneos/Weather.app/KS_nav_ui.png
[TRACE]  No change, skipping /Users/JarrodSmith/GitHub/AVF1604_Smith_Jarrod/Weather/build/iphone/build/Products/Debug-iphoneos/Weather.app/KS_nav_views.png
[DEBUG]  Overwriting /Users/JarrodSmith/GitHub/AVF1604_Smith_Jarrod/Weather/Resources/KS_nav_views.png => /Users/JarrodSmith/GitHub/AVF1604_Smith_Jarrod/Weather/build/iphone/build/Products/Debug-iphoneos/Weather.app/KS_nav_views.png
[TRACE]  No change, skipping /Users/JarrodSmith/GitHub/AVF1604_Smith_Jarrod/Weather/build/iphone/Assets.xcassets/LaunchImage.launchimage/Default-568h@2x.png
[DEBUG]  Overwriting /Users/JarrodSmith/GitHub/AVF1604_Smith_Jarrod/Weather/Resources/iphone/Default-568h@2x.png => /Users/JarrodSmith/GitHub/AVF1604_Smith_Jarrod/Weather/build/iphone/Assets.xcassets/LaunchImage.launchimage/Default-568h@2x.png
[TRACE]  No change, skipping /Users/JarrodSmith/GitHub/AVF1604_Smith_Jarrod/Weather/build/iphone/Assets.xcassets/LaunchImage.launchimage/Default-667h@2x.png
[DEBUG]  Overwriting /Users/JarrodSmith/GitHub/AVF1604_Smith_Jarrod/Weather/Resources/iphone/Default-667h@2x.png => /Users/JarrodSmith/GitHub/AVF1604_Smith_Jarrod/Weather/build/iphone/Assets.xcassets/LaunchImage.launchimage/Default-667h@2x.png
[TRACE]  No change, skipping /Users/JarrodSmith/GitHub/AVF1604_Smith_Jarrod/Weather/build/iphone/Assets.xcassets/LaunchImage.launchimage/Default-Landscape-736h@3x.png
[DEBUG]  Overwriting /Users/JarrodSmith/GitHub/AVF1604_Smith_Jarrod/Weather/Resources/iphone/Default-Landscape-736h@3x.png => /Users/JarrodSmith/GitHub/AVF1604_Smith_Jarrod/Weather/build/iphone/Assets.xcassets/LaunchImage.launchimage/Default-Landscape-736h@3x.png
[TRACE]  No change, skipping /Users/JarrodSmith/GitHub/AVF1604_Smith_Jarrod/Weather/build/iphone/Assets.xcassets/LaunchImage.launchimage/Default-Landscape.png
[DEBUG]  Overwriting /Users/JarrodSmith/GitHub/AVF1604_Smith_Jarrod/Weather/Resources/iphone/Default-Landscape.png => /Users/JarrodSmith/GitHub/AVF1604_Smith_Jarrod/Weather/build/iphone/Assets.xcassets/LaunchImage.launchimage/Default-Landscape.png
[TRACE]  No change, skipping /Users/JarrodSmith/GitHub/AVF1604_Smith_Jarrod/Weather/build/iphone/Assets.xcassets/LaunchImage.launchimage/Default-Landscape@2x.png
[DEBUG]  Overwriting /Users/JarrodSmith/GitHub/AVF1604_Smith_Jarrod/Weather/Resources/iphone/Default-Landscape@2x.png => /Users/JarrodSmith/GitHub/AVF1604_Smith_Jarrod/Weather/build/iphone/Assets.xcassets/LaunchImage.launchimage/Default-Landscape@2x.png
[TRACE]  No change, skipping /Users/JarrodSmith/GitHub/AVF1604_Smith_Jarrod/Weather/build/iphone/Assets.xcassets/LaunchImage.launchimage/Default-Portrait-736h@3x.png
[DEBUG]  Overwriting /Users/JarrodSmith/GitHub/AVF1604_Smith_Jarrod/Weather/Resources/iphone/Default-Portrait-736h@3x.png => /Users/JarrodSmith/GitHub/AVF1604_Smith_Jarrod/Weather/build/iphone/Assets.xcassets/LaunchImage.launchimage/Default-Portrait-736h@3x.png
[TRACE]  No change, skipping /Users/JarrodSmith/GitHub/AVF1604_Smith_Jarrod/Weather/build/iphone/Assets.xcassets/LaunchImage.launchimage/Default-Portrait.png
[DEBUG]  Overwriting /Users/JarrodSmith/GitHub/AVF1604_Smith_Jarrod/Weather/Resources/iphone/Default-Portrait.png => /Users/JarrodSmith/GitHub/AVF1604_Smith_Jarrod/Weather/build/iphone/Assets.xcassets/LaunchImage.launchimage/Default-Portrait.png
[TRACE]  No change, skipping /Users/JarrodSmith/GitHub/AVF1604_Smith_Jarrod/Weather/build/iphone/Assets.xcassets/LaunchImage.launchimage/Default-Portrait@2x.png
[DEBUG]  Overwriting /Users/JarrodSmith/GitHub/AVF1604_Smith_Jarrod/Weather/Resources/iphone/Default-Portrait@2x.png => /Users/JarrodSmith/GitHub/AVF1604_Smith_Jarrod/Weather/build/iphone/Assets.xcassets/LaunchImage.launchimage/Default-Portrait@2x.png
[TRACE]  No change, skipping /Users/JarrodSmith/GitHub/AVF1604_Smith_Jarrod/Weather/build/iphone/Assets.xcassets/LaunchImage.launchimage/Default@2x.png
[DEBUG]  Overwriting /Users/JarrodSmith/GitHub/AVF1604_Smith_Jarrod/Weather/Resources/iphone/Default@2x.png => /Users/JarrodSmith/GitHub/AVF1604_Smith_Jarrod/Weather/build/iphone/Assets.xcassets/LaunchImage.launchimage/Default@2x.png
[DEBUG]  Copying CSS files
[INFO]   Processing JavaScript files
[DEBUG]  Copying /Users/JarrodSmith/GitHub/AVF1604_Smith_Jarrod/Weather/Resources/UI.js => /Users/JarrodSmith/GitHub/AVF1604_Smith_Jarrod/Weather/build/iphone/assets/UI_js
[DEBUG]  Copying /var/folders/zk/r7vy3c8503792qfczh43dhfw0000gn/T/liveview.js => /Users/JarrodSmith/GitHub/AVF1604_Smith_Jarrod/Weather/build/iphone/assets/app_js
[DEBUG]  Copying /Users/JarrodSmith/GitHub/AVF1604_Smith_Jarrod/Weather/Resources/data.js => /Users/JarrodSmith/GitHub/AVF1604_Smith_Jarrod/Weather/build/iphone/assets/data_js
[DEBUG]  Copying /Users/JarrodSmith/GitHub/AVF1604_Smith_Jarrod/Weather/Resources/geo.js => /Users/JarrodSmith/GitHub/AVF1604_Smith_Jarrod/Weather/build/iphone/assets/geo_js
[DEBUG]  Copying /Users/JarrodSmith/GitHub/AVF1604_Smith_Jarrod/Weather/Resources/sqlCreate.js => /Users/JarrodSmith/GitHub/AVF1604_Smith_Jarrod/Weather/build/iphone/assets/sqlCreate_js
[DEBUG]  Copying /Users/JarrodSmith/GitHub/AVF1604_Smith_Jarrod/Weather/Resources/sqlRead.js => /Users/JarrodSmith/GitHub/AVF1604_Smith_Jarrod/Weather/build/iphone/assets/sqlRead_js
[INFO]   Writing app properties
[DEBUG]  Writing /Users/JarrodSmith/GitHub/AVF1604_Smith_Jarrod/Weather/build/iphone/assets/_app_props__json
[INFO]   Encrypting JavaScript files
[DEBUG]  Preparing UI_js
[DEBUG]  Preparing app_js
[DEBUG]  Preparing data_js
[DEBUG]  Preparing geo_js
[DEBUG]  Preparing sqlCreate_js
[DEBUG]  Preparing sqlRead_js
[DEBUG]  Preparing _app_props__json
[DEBUG]  Running /Users/JarrodSmith/Library/Application Support/Titanium/mobilesdk/osx/5.2.0.GA/iphone/titanium_prep "com.JSDevelop.Weather" "/Users/JarrodSmith/GitHub/AVF1604_Smith_Jarrod/Weather/build/iphone/assets"
[DEBUG]  Writing application routing source file: /Users/JarrodSmith/GitHub/AVF1604_Smith_Jarrod/Weather/build/iphone/Classes/ApplicationRouting.m
[INFO]   Writing i18n files
[DEBUG]  No i18n files to process
[INFO]   Processing Titanium symbols
[DEBUG]  Processing Titanium namespace resources
[TRACE]  No change, skipping /Users/JarrodSmith/GitHub/AVF1604_Smith_Jarrod/Weather/build/iphone/build/Products/Debug-iphoneos/Weather.app/modules/ui/images/badge.png
[TRACE]  No change, skipping /Users/JarrodSmith/GitHub/AVF1604_Smith_Jarrod/Weather/build/iphone/build/Products/Debug-iphoneos/Weather.app/modules/ui/images/closeButton.png
[TRACE]  No change, skipping /Users/JarrodSmith/GitHub/AVF1604_Smith_Jarrod/Weather/build/iphone/build/Products/Debug-iphoneos/Weather.app/modules/ui/images/photoDefault.png
[TRACE]  No change, skipping /Users/JarrodSmith/GitHub/AVF1604_Smith_Jarrod/Weather/build/iphone/Classes/defines.h
[INFO]   Removing files
[DEBUG]  Removing /Users/JarrodSmith/GitHub/AVF1604_Smith_Jarrod/Weather/build/iphone/build/Products/Debug-iphoneos/Weather.ipa
[DEBUG]  Removing empty directories
[INFO]   Optimizing .plist and .png files
[TRACE]  No change, skipping /Users/JarrodSmith/GitHub/AVF1604_Smith_Jarrod/Weather/build/iphone/build/Products/Debug-iphoneos/Weather.app/Info.plist
[TRACE]  No change, skipping /Users/JarrodSmith/GitHub/AVF1604_Smith_Jarrod/Weather/build/iphone/build/Products/Debug-iphoneos/Weather.app/KS_nav_ui.png
[TRACE]  No change, skipping /Users/JarrodSmith/GitHub/AVF1604_Smith_Jarrod/Weather/build/iphone/build/Products/Debug-iphoneos/Weather.app/KS_nav_views.png
[TRACE]  No change, skipping /Users/JarrodSmith/GitHub/AVF1604_Smith_Jarrod/Weather/build/iphone/build/Products/Debug-iphoneos/Weather.app/modules/ui/images/badge.png
[TRACE]  No change, skipping /Users/JarrodSmith/GitHub/AVF1604_Smith_Jarrod/Weather/build/iphone/build/Products/Debug-iphoneos/Weather.app/modules/ui/images/closeButton.png
[TRACE]  No change, skipping /Users/JarrodSmith/GitHub/AVF1604_Smith_Jarrod/Weather/build/iphone/build/Products/Debug-iphoneos/Weather.app/modules/ui/images/photoDefault.png
[DEBUG]  Optimizing /Users/JarrodSmith/GitHub/AVF1604_Smith_Jarrod/Weather/build/iphone/build/Products/Debug-iphoneos/Weather.app/LaunchScreen.storyboardc/Info.plist
[DEBUG]  Optimizing /Users/JarrodSmith/GitHub/AVF1604_Smith_Jarrod/Weather/build/iphone/build/Products/Debug-iphoneos/Weather.app/AppIcon29x29@2x.png
[DEBUG]  Optimizing /Users/JarrodSmith/GitHub/AVF1604_Smith_Jarrod/Weather/build/iphone/build/Products/Debug-iphoneos/Weather.app/AppIcon29x29@2x~ipad.png
[DEBUG]  Optimizing /Users/JarrodSmith/GitHub/AVF1604_Smith_Jarrod/Weather/build/iphone/build/Products/Debug-iphoneos/Weather.app/AppIcon29x29@3x.png
[DEBUG]  Optimizing /Users/JarrodSmith/GitHub/AVF1604_Smith_Jarrod/Weather/build/iphone/build/Products/Debug-iphoneos/Weather.app/AppIcon29x29~ipad.png
[DEBUG]  Optimizing /Users/JarrodSmith/GitHub/AVF1604_Smith_Jarrod/Weather/build/iphone/build/Products/Debug-iphoneos/Weather.app/AppIcon40x40@2x.png
[DEBUG]  Optimizing /Users/JarrodSmith/GitHub/AVF1604_Smith_Jarrod/Weather/build/iphone/build/Products/Debug-iphoneos/Weather.app/AppIcon40x40@2x~ipad.png
[DEBUG]  Optimizing /Users/JarrodSmith/GitHub/AVF1604_Smith_Jarrod/Weather/build/iphone/build/Products/Debug-iphoneos/Weather.app/AppIcon40x40@3x.png
[DEBUG]  Optimizing /Users/JarrodSmith/GitHub/AVF1604_Smith_Jarrod/Weather/build/iphone/build/Products/Debug-iphoneos/Weather.app/AppIcon40x40~ipad.png
[DEBUG]  Optimizing /Users/JarrodSmith/GitHub/AVF1604_Smith_Jarrod/Weather/build/iphone/build/Products/Debug-iphoneos/Weather.app/AppIcon60x60@2x.png
[DEBUG]  Optimizing /Users/JarrodSmith/GitHub/AVF1604_Smith_Jarrod/Weather/build/iphone/build/Products/Debug-iphoneos/Weather.app/AppIcon60x60@3x.png
[DEBUG]  Optimizing /Users/JarrodSmith/GitHub/AVF1604_Smith_Jarrod/Weather/build/iphone/build/Products/Debug-iphoneos/Weather.app/AppIcon76x76@2x~ipad.png
[DEBUG]  Optimizing /Users/JarrodSmith/GitHub/AVF1604_Smith_Jarrod/Weather/build/iphone/build/Products/Debug-iphoneos/Weather.app/AppIcon76x76~ipad.png
[DEBUG]  Optimizing /Users/JarrodSmith/GitHub/AVF1604_Smith_Jarrod/Weather/build/iphone/build/Products/Debug-iphoneos/Weather.app/AppIcon83.5x83.5@2x~ipad.png
[DEBUG]  Optimizing /Users/JarrodSmith/GitHub/AVF1604_Smith_Jarrod/Weather/build/iphone/build/Products/Debug-iphoneos/Weather.app/LaunchImage-700-568h@2x.png
[DEBUG]  Optimizing /Users/JarrodSmith/GitHub/AVF1604_Smith_Jarrod/Weather/build/iphone/build/Products/Debug-iphoneos/Weather.app/LaunchImage-700-Landscape@2x~ipad.png
[DEBUG]  Optimizing /Users/JarrodSmith/GitHub/AVF1604_Smith_Jarrod/Weather/build/iphone/build/Products/Debug-iphoneos/Weather.app/LaunchImage-700-Landscape~ipad.png
[DEBUG]  Optimizing /Users/JarrodSmith/GitHub/AVF1604_Smith_Jarrod/Weather/build/iphone/build/Products/Debug-iphoneos/Weather.app/LaunchImage-700-Portrait@2x~ipad.png
[DEBUG]  Optimizing /Users/JarrodSmith/GitHub/AVF1604_Smith_Jarrod/Weather/build/iphone/build/Products/Debug-iphoneos/Weather.app/LaunchImage-700-Portrait~ipad.png
[DEBUG]  Optimizing /Users/JarrodSmith/GitHub/AVF1604_Smith_Jarrod/Weather/build/iphone/build/Products/Debug-iphoneos/Weather.app/LaunchImage-700@2x.png
[DEBUG]  Optimizing /Users/JarrodSmith/GitHub/AVF1604_Smith_Jarrod/Weather/build/iphone/build/Products/Debug-iphoneos/Weather.app/LaunchImage-800-667h@2x.png
[DEBUG]  Optimizing /Users/JarrodSmith/GitHub/AVF1604_Smith_Jarrod/Weather/build/iphone/build/Products/Debug-iphoneos/Weather.app/LaunchImage-800-Landscape-736h@3x.png
[DEBUG]  Optimizing /Users/JarrodSmith/GitHub/AVF1604_Smith_Jarrod/Weather/build/iphone/build/Products/Debug-iphoneos/Weather.app/LaunchImage-800-Portrait-736h@3x.png
[INFO]   Invoking xcodebuild
[DEBUG]  Invoking: DEVELOPER_DIR=/Applications/Xcode.app/Contents/Developer /Applications/Xcode.app/Contents/Developer/usr/bin/xcodebuild build -target Weather -configuration Debug -scheme Weather -derivedDataPath /Users/JarrodSmith/GitHub/AVF1604_Smith_Jarrod/Weather/build/iphone OBJROOT=/Users/JarrodSmith/GitHub/AVF1604_Smith_Jarrod/Weather/build/iphone/build/Intermediates SHARED_PRECOMPS_DIR=/Users/JarrodSmith/GitHub/AVF1604_Smith_Jarrod/Weather/build/iphone/build/Intermediates/PrecompiledHeaders SYMROOT=/Users/JarrodSmith/GitHub/AVF1604_Smith_Jarrod/Weather/build/iphone/build/Products
[TRACE]  User defaults from command line:
[TRACE]      IDEDerivedDataPathOverride = /Users/JarrodSmith/GitHub/AVF1604_Smith_Jarrod/Weather/build/iphone
[TRACE]  Build settings from command line:
[TRACE]      OBJROOT = /Users/JarrodSmith/GitHub/AVF1604_Smith_Jarrod/Weather/build/iphone/build/Intermediates
[TRACE]      SHARED_PRECOMPS_DIR = /Users/JarrodSmith/GitHub/AVF1604_Smith_Jarrod/Weather/build/iphone/build/Intermediates/PrecompiledHeaders
[TRACE]      SYMROOT = /Users/JarrodSmith/GitHub/AVF1604_Smith_Jarrod/Weather/build/iphone/build/Products
[TRACE]  
[TRACE]  === BUILD TARGET Weather OF PROJECT Weather WITH CONFIGURATION Debug ===
[TRACE]  Check dependencies
[TRACE]  
[TRACE]  CompileC build/Intermediates/Weather.build/Debug-iphoneos/Weather.build/Objects-normal/armv7/ApplicationRouting.o Classes/ApplicationRouting.m normal armv7 objective-c com.apple.compilers.llvm.clang.1_0.compiler
[TRACE]      cd /Users/JarrodSmith/GitHub/AVF1604_Smith_Jarrod/Weather/build/iphone
[TRACE]      export LANG=en_US.US-ASCII
[TRACE]      export PATH="/Applications/Xcode.app/Contents/Developer/Platforms/iPhoneOS.platform/Developer/usr/bin:/Applications/Xcode.app/Contents/Developer/usr/bin:/Library/Java/JavaVirtualMachines/jdk1.7.0_80.jdk/Contents/Home/bin:/usr/local/bin:/usr/bin:/bin:/usr/sbin:/sbin:/usr/local/git/bin"
[TRACE]      /Applications/Xcode.app/Contents/Developer/Toolchains/XcodeDefault.xctoolchain/usr/bin/clang -x objective-c -arch armv7 -fmessage-length=0 -fdiagnostics-show-note-include-stack -fmacro-backtrace-limit=0 -std=c99 -fmodules -gmodules -fmodules-cache-path=/Users/JarrodSmith/GitHub/AVF1604_Smith_Jarrod/Weather/build/iphone/ModuleCache -fmodules-prune-interval=86400 -fmodules-prune-after=345600 -fbuild-session-file=/Users/JarrodSmith/GitHub/AVF1604_Smith_Jarrod/Weather/build/iphone/ModuleCache/Session.modulevalidation -fmodules-validate-once-per-build-session -Wnon-modular-include-in-framework-module -Werror=non-modular-include-in-framework-module -Wno-trigraphs -fpascal-strings -O0 -Wno-missing-field-initializers -Wno-missing-prototypes -Wno-return-type -Wno-implicit-atomic-properties -Wno-arc-repeated-use-of-weak -Wduplicate-method-match -Wno-missing-braces -Wno-parentheses -Wswitch -Wunused-function -Wno-unused-label -Wno-unused-parameter -Wno-unused-variable -Wno-unused-value -Wempty-body -Wuninitialized -Wno-unknown-pragmas -Wno-shadow -Wno-four-char-constants -Wno-conversion -Wconstant-conversion -Wint-conversion -Wbool-conversion -Wenum-conversion -Wshorten-64-to-32 -Wpointer-sign -Wno-newline-eof -Wno-selector -Wno-strict-selector-match -Wno-undeclared-selector -Wno-deprecated-implementations -DDEPLOYTYPE=development -DDEFAULT_BGCOLOR_RED=1 -DDEFAULT_BGCOLOR_GREEN=1 -DDEFAULT_BGCOLOR_BLUE=1 -DOBJC_OLD_DISPATCH_PROTOTYPES=0 -isysroot /Applications/Xcode.app/Contents/Developer/Platforms/iPhoneOS.platform/Developer/SDKs/iPhoneOS9.3.sdk -fstrict-aliasing -Wprotocol -Wdeprecated-declarations -miphoneos-version-min=7.1 -g -fvisibility=hidden -Wno-sign-conversion -iquote /Users/JarrodSmith/GitHub/AVF1604_Smith_Jarrod/Weather/build/iphone/build/Intermediates/Weather.build/Debug-iphoneos/Weather.build/Weather-generated-files.hmap -I/Users/JarrodSmith/GitHub/AVF1604_Smith_Jarrod/Weather/build/iphone/build/Intermediates/Weather.build/Debug-iphoneos/Weather.build/Weather-own-target-headers.hmap -I/Users/JarrodSmith/GitHub/AVF1604_Smith_Jarrod/Weather/build/iphone/build/Intermediates/Weather.build/Debug-iphoneos/Weather.build/Weather-all-target-headers.hmap -iquote /Users/JarrodSmith/GitHub/AVF1604_Smith_Jarrod/Weather/build/iphone/build/Intermediates/Weather.build/Debug-iphoneos/Weather.build/Weather-project-headers.hmap -I/Users/JarrodSmith/GitHub/AVF1604_Smith_Jarrod/Weather/build/iphone/build/Products/Debug-iphoneos/include -I/Applications/Xcode.app/Contents/Developer/Platforms/iPhoneOS.platform/Developer/SDKs/iPhoneOS9.3.sdk/usr/include/libxml2 -Iheaders -I/Users/JarrodSmith/GitHub/AVF1604_Smith_Jarrod/Weather/build/iphone/build/Intermediates/Weather.build/Debug-iphoneos/Weather.build/DerivedSources/armv7 -I/Users/JarrodSmith/GitHub/AVF1604_Smith_Jarrod/Weather/build/iphone/build/Intermediates/Weather.build/Debug-iphoneos/Weather.build/DerivedSources -F/Users/JarrodSmith/GitHub/AVF1604_Smith_Jarrod/Weather/build/iphone/build/Products/Debug-iphoneos -DDEBUG -include /Users/JarrodSmith/GitHub/AVF1604_Smith_Jarrod/Weather/build/iphone/build/Intermediates/PrecompiledHeaders/Weather_Prefix-fzgwgswqjdjdvsgxvacbzusgatne/Weather_Prefix.pch -MMD -MT dependencies -MF /Users/JarrodSmith/GitHub/AVF1604_Smith_Jarrod/Weather/build/iphone/build/Intermediates/Weather.build/Debug-iphoneos/Weather.build/Objects-normal/armv7/ApplicationRouting.d --serialize-diagnostics /Users/JarrodSmith/GitHub/AVF1604_Smith_Jarrod/Weather/build/iphone/build/Intermediates/Weather.build/Debug-iphoneos/Weather.build/Objects-normal/armv7/ApplicationRouting.dia -c /Users/JarrodSmith/GitHub/AVF1604_Smith_Jarrod/Weather/build/iphone/Classes/ApplicationRouting.m -o /Users/JarrodSmith/GitHub/AVF1604_Smith_Jarrod/Weather/build/iphone/build/Intermediates/Weather.build/Debug-iphoneos/Weather.build/Objects-normal/armv7/ApplicationRouting.o
[TRACE]  
[TRACE]  CompileC build/Intermediates/Weather.build/Debug-iphoneos/Weather.build/Objects-normal/arm64/ApplicationRouting.o Classes/ApplicationRouting.m normal arm64 objective-c com.apple.compilers.llvm.clang.1_0.compiler
[TRACE]      cd /Users/JarrodSmith/GitHub/AVF1604_Smith_Jarrod/Weather/build/iphone
[TRACE]      export LANG=en_US.US-ASCII
[TRACE]      export PATH="/Applications/Xcode.app/Contents/Developer/Platforms/iPhoneOS.platform/Developer/usr/bin:/Applications/Xcode.app/Contents/Developer/usr/bin:/Library/Java/JavaVirtualMachines/jdk1.7.0_80.jdk/Contents/Home/bin:/usr/local/bin:/usr/bin:/bin:/usr/sbin:/sbin:/usr/local/git/bin"
[TRACE]      /Applications/Xcode.app/Contents/Developer/Toolchains/XcodeDefault.xctoolchain/usr/bin/clang -x objective-c -arch arm64 -fmessage-length=0 -fdiagnostics-show-note-include-stack -fmacro-backtrace-limit=0 -std=c99 -fmodules -gmodules -fmodules-cache-path=/Users/JarrodSmith/GitHub/AVF1604_Smith_Jarrod/Weather/build/iphone/ModuleCache -fmodules-prune-interval=86400 -fmodules-prune-after=345600 -fbuild-session-file=/Users/JarrodSmith/GitHub/AVF1604_Smith_Jarrod/Weather/build/iphone/ModuleCache/Session.modulevalidation -fmodules-validate-once-per-build-session -Wnon-modular-include-in-framework-module -Werror=non-modular-include-in-framework-module -Wno-trigraphs -fpascal-strings -O0 -Wno-missing-field-initializers -Wno-missing-prototypes -Wno-return-type -Wno-implicit-atomic-properties -Wno-arc-repeated-use-of-weak -Wduplicate-method-match -Wno-missing-braces -Wno-parentheses -Wswitch -Wunused-function -Wno-unused-label -Wno-unused-parameter -Wno-unused-variable -Wno-unused-value -Wempty-body -Wuninitialized -Wno-unknown-pragmas -Wno-shadow -Wno-four-char-constants -Wno-conversion -Wconstant-conversion -Wint-conversion -Wbool-conversion -Wenum-conversion -Wshorten-64-to-32 -Wpointer-sign -Wno-newline-eof -Wno-selector -Wno-strict-selector-match -Wno-undeclared-selector -Wno-deprecated-implementations -DDEPLOYTYPE=development -DDEFAULT_BGCOLOR_RED=1 -DDEFAULT_BGCOLOR_GREEN=1 -DDEFAULT_BGCOLOR_BLUE=1 -DOBJC_OLD_DISPATCH_PROTOTYPES=0 -isysroot /Applications/Xcode.app/Contents/Developer/Platforms/iPhoneOS.platform/Developer/SDKs/iPhoneOS9.3.sdk -fstrict-aliasing -Wprotocol -Wdeprecated-declarations -miphoneos-version-min=7.1 -g -fvisibility=hidden -Wno-sign-conversion -iquote /Users/JarrodSmith/GitHub/AVF1604_Smith_Jarrod/Weather/build/iphone/build/Intermediates/Weather.build/Debug-iphoneos/Weather.build/Weather-generated-files.hmap -I/Users/JarrodSmith/GitHub/AVF1604_Smith_Jarrod/Weather/build/iphone/build/Intermediates/Weather.build/Debug-iphoneos/Weather.build/Weather-own-target-headers.hmap -I/Users/JarrodSmith/GitHub/AVF1604_Smith_Jarrod/Weather/build/iphone/build/Intermediates/Weather.build/Debug-iphoneos/Weather.build/Weather-all-target-headers.hmap -iquote /Users/JarrodSmith/GitHub/AVF1604_Smith_Jarrod/Weather/build/iphone/build/Intermediates/Weather.build/Debug-iphoneos/Weather.build/Weather-project-headers.hmap -I/Users/JarrodSmith/GitHub/AVF1604_Smith_Jarrod/Weather/build/iphone/build/Products/Debug-iphoneos/include -I/Applications/Xcode.app/Contents/Developer/Platforms/iPhoneOS.platform/Developer/SDKs/iPhoneOS9.3.sdk/usr/include/libxml2 -Iheaders -I/Users/JarrodSmith/GitHub/AVF1604_Smith_Jarrod/Weather/build/iphone/build/Intermediates/Weather.build/Debug-iphoneos/Weather.build/DerivedSources/arm64 -I/Users/JarrodSmith/GitHub/AVF1604_Smith_Jarrod/Weather/build/iphone/build/Intermediates/Weather.build/Debug-iphoneos/Weather.build/DerivedSources -F/Users/JarrodSmith/GitHub/AVF1604_Smith_Jarrod/Weather/build/iphone/build/Products/Debug-iphoneos -DDEBUG -include /Users/JarrodSmith/GitHub/AVF1604_Smith_Jarrod/Weather/build/iphone/build/Intermediates/PrecompiledHeaders/Weather_Prefix-buhulfbxkgvhmxepdslmolniqorr/Weather_Prefix.pch -MMD -MT dependencies -MF /Users/JarrodSmith/GitHub/AVF1604_Smith_Jarrod/Weather/build/iphone/build/Intermediates/Weather.build/Debug-iphoneos/Weather.build/Objects-normal/arm64/ApplicationRouting.d --serialize-diagnostics /Users/JarrodSmith/GitHub/AVF1604_Smith_Jarrod/Weather/build/iphone/build/Intermediates/Weather.build/Debug-iphoneos/Weather.build/Objects-normal/arm64/ApplicationRouting.dia -c /Users/JarrodSmith/GitHub/AVF1604_Smith_Jarrod/Weather/build/iphone/Classes/ApplicationRouting.m -o /Users/JarrodSmith/GitHub/AVF1604_Smith_Jarrod/Weather/build/iphone/build/Intermediates/Weather.build/Debug-iphoneos/Weather.build/Objects-normal/arm64/ApplicationRouting.o
[TRACE]  
[TRACE]  Ld build/Intermediates/Weather.build/Debug-iphoneos/Weather.build/Objects-normal/armv7/Weather normal armv7
[TRACE]      cd /Users/JarrodSmith/GitHub/AVF1604_Smith_Jarrod/Weather/build/iphone
[TRACE]      export IPHONEOS_DEPLOYMENT_TARGET=7.1
[TRACE]      export PATH="/Applications/Xcode.app/Contents/Developer/Platforms/iPhoneOS.platform/Developer/usr/bin:/Applications/Xcode.app/Contents/Developer/usr/bin:/Library/Java/JavaVirtualMachines/jdk1.7.0_80.jdk/Contents/Home/bin:/usr/local/bin:/usr/bin:/bin:/usr/sbin:/sbin:/usr/local/git/bin"
[TRACE]      /Applications/Xcode.app/Contents/Developer/Toolchains/XcodeDefault.xctoolchain/usr/bin/clang++ -arch armv7 -isysroot /Applications/Xcode.app/Contents/Developer/Platforms/iPhoneOS.platform/Developer/SDKs/iPhoneOS9.3.sdk -L/Users/JarrodSmith/GitHub/AVF1604_Smith_Jarrod/Weather/build/iphone/build/Products/Debug-iphoneos -L/Users/JarrodSmith/GitHub/AVF1604_Smith_Jarrod/Weather/build/iphone/lib -L/Users/JarrodSmith/GitHub/AVF1604_Smith_Jarrod/Weather/build/iphone/Classes/APSAnalytics -L/Users/JarrodSmith/GitHub/AVF1604_Smith_Jarrod/Weather/build/iphone/Classes/APSHTTPClient -F/Users/JarrodSmith/GitHub/AVF1604_Smith_Jarrod/Weather/build/iphone/build/Products/Debug-iphoneos -filelist /Users/JarrodSmith/GitHub/AVF1604_Smith_Jarrod/Weather/build/iphone/build/Intermediates/Weather.build/Debug-iphoneos/Weather.build/Objects-normal/armv7/Weather.LinkFileList -miphoneos-version-min=7.1 -dead_strip -Xlinker -no_deduplicate -ObjC -weak-lti_ios_profiler -weak-lti_ios_debugger -weak-lTiCore -weak_framework Contacts -weak_framework ContactsUI -weak_framework WatchConnectivity -weak_framework CoreSpotlight -fobjc-link-runtime -stdlib=libc++ -weak_framework iAd -framework CoreMedia -weak_framework CoreMotion -lAPSAnalytics -weak_framework CoreText -framework EventKit -framework EventKitUI -weak_framework Security -licucore -framework Foundation -weak_framework UIKit -framework CoreGraphics -weak_framework AddressBook -framework AddressBookUI -framework CFNetwork -framework CoreLocation -weak_framework MapKit -framework MessageUI -framework MobileCoreServices -framework OpenGLES -framework QuartzCore -framework SystemConfiguration -lsqlite3 -lz -framework AudioToolbox -weak_framework MediaPlayer -framework AVFoundation -lxml2 -framework StoreKit -lAPSHTTPClient -framework ExternalAccessory -ltiverify -Xlinker -dependency_info -Xlinker /Users/JarrodSmith/GitHub/AVF1604_Smith_Jarrod/Weather/build/iphone/build/Intermediates/Weather.build/Debug-iphoneos/Weather.build/Objects-normal/armv7/Weather_dependency_info.dat -o /Users/JarrodSmith/GitHub/AVF1604_Smith_Jarrod/Weather/build/iphone/build/Intermediates/Weather.build/Debug-iphoneos/Weather.build/Objects-normal/armv7/Weather
[TRACE]  
[TRACE]  Ld build/Intermediates/Weather.build/Debug-iphoneos/Weather.build/Objects-normal/arm64/Weather normal arm64
[TRACE]      cd /Users/JarrodSmith/GitHub/AVF1604_Smith_Jarrod/Weather/build/iphone
[TRACE]      export IPHONEOS_DEPLOYMENT_TARGET=7.1
[TRACE]      export PATH="/Applications/Xcode.app/Contents/Developer/Platforms/iPhoneOS.platform/Developer/usr/bin:/Applications/Xcode.app/Contents/Developer/usr/bin:/Library/Java/JavaVirtualMachines/jdk1.7.0_80.jdk/Contents/Home/bin:/usr/local/bin:/usr/bin:/bin:/usr/sbin:/sbin:/usr/local/git/bin"
[TRACE]      /Applications/Xcode.app/Contents/Developer/Toolchains/XcodeDefault.xctoolchain/usr/bin/clang++ -arch arm64 -isysroot /Applications/Xcode.app/Contents/Developer/Platforms/iPhoneOS.platform/Developer/SDKs/iPhoneOS9.3.sdk -L/Users/JarrodSmith/GitHub/AVF1604_Smith_Jarrod/Weather/build/iphone/build/Products/Debug-iphoneos -L/Users/JarrodSmith/GitHub/AVF1604_Smith_Jarrod/Weather/build/iphone/lib -L/Users/JarrodSmith/GitHub/AVF1604_Smith_Jarrod/Weather/build/iphone/Classes/APSAnalytics -L/Users/JarrodSmith/GitHub/AVF1604_Smith_Jarrod/Weather/build/iphone/Classes/APSHTTPClient -F/Users/JarrodSmith/GitHub/AVF1604_Smith_Jarrod/Weather/build/iphone/build/Products/Debug-iphoneos -filelist /Users/JarrodSmith/GitHub/AVF1604_Smith_Jarrod/Weather/build/iphone/build/Intermediates/Weather.build/Debug-iphoneos/Weather.build/Objects-normal/arm64/Weather.LinkFileList -miphoneos-version-min=7.1 -dead_strip -Xlinker -no_deduplicate -ObjC -weak-lti_ios_profiler -weak-lti_ios_debugger -weak-lTiCore -weak_framework Contacts -weak_framework ContactsUI -weak_framework WatchConnectivity -weak_framework CoreSpotlight -fobjc-link-runtime -stdlib=libc++ -weak_framework iAd -framework CoreMedia -weak_framework CoreMotion -lAPSAnalytics -weak_framework CoreText -framework EventKit -framework EventKitUI -weak_framework Security -licucore -framework Foundation -weak_framework UIKit -framework CoreGraphics -weak_framework AddressBook -framework AddressBookUI -framework CFNetwork -framework CoreLocation -weak_framework MapKit -framework MessageUI -framework MobileCoreServices -framework OpenGLES -framework QuartzCore -framework SystemConfiguration -lsqlite3 -lz -framework AudioToolbox -weak_framework MediaPlayer -framework AVFoundation -lxml2 -framework StoreKit -lAPSHTTPClient -framework ExternalAccessory -ltiverify -Xlinker -dependency_info -Xlinker /Users/JarrodSmith/GitHub/AVF1604_Smith_Jarrod/Weather/build/iphone/build/Intermediates/Weather.build/Debug-iphoneos/Weather.build/Objects-normal/arm64/Weather_dependency_info.dat -o /Users/JarrodSmith/GitHub/AVF1604_Smith_Jarrod/Weather/build/iphone/build/Intermediates/Weather.build/Debug-iphoneos/Weather.build/Objects-normal/arm64/Weather
[TRACE]  
[TRACE]  CreateUniversalBinary build/Products/Debug-iphoneos/Weather.app/Weather normal armv7\ arm64
[TRACE]      cd /Users/JarrodSmith/GitHub/AVF1604_Smith_Jarrod/Weather/build/iphone
[TRACE]      export PATH="/Applications/Xcode.app/Contents/Developer/Platforms/iPhoneOS.platform/Developer/usr/bin:/Applications/Xcode.app/Contents/Developer/usr/bin:/Library/Java/JavaVirtualMachines/jdk1.7.0_80.jdk/Contents/Home/bin:/usr/local/bin:/usr/bin:/bin:/usr/sbin:/sbin:/usr/local/git/bin"
[TRACE]      /Applications/Xcode.app/Contents/Developer/Toolchains/XcodeDefault.xctoolchain/usr/bin/lipo -create /Users/JarrodSmith/GitHub/AVF1604_Smith_Jarrod/Weather/build/iphone/build/Intermediates/Weather.build/Debug-iphoneos/Weather.build/Objects-normal/armv7/Weather /Users/JarrodSmith/GitHub/AVF1604_Smith_Jarrod/Weather/build/iphone/build/Intermediates/Weather.build/Debug-iphoneos/Weather.build/Objects-normal/arm64/Weather -output /Users/JarrodSmith/GitHub/AVF1604_Smith_Jarrod/Weather/build/iphone/build/Products/Debug-iphoneos/Weather.app/Weather
[TRACE]  
[TRACE]  CompileAssetCatalog build/Products/Debug-iphoneos/Weather.app Assets.xcassets
[TRACE]      cd /Users/JarrodSmith/GitHub/AVF1604_Smith_Jarrod/Weather/build/iphone
[TRACE]      export PATH="/Applications/Xcode.app/Contents/Developer/Platforms/iPhoneOS.platform/Developer/usr/bin:/Applications/Xcode.app/Contents/Developer/usr/bin:/Library/Java/JavaVirtualMachines/jdk1.7.0_80.jdk/Contents/Home/bin:/usr/local/bin:/usr/bin:/bin:/usr/sbin:/sbin:/usr/local/git/bin"
[TRACE]      /Applications/Xcode.app/Contents/Developer/usr/bin/actool --output-format human-readable-text --notices --warnings --export-dependency-info /Users/JarrodSmith/GitHub/AVF1604_Smith_Jarrod/Weather/build/iphone/build/Intermediates/Weather.build/Debug-iphoneos/Weather.build/assetcatalog_dependencies --output-partial-info-plist /Users/JarrodSmith/GitHub/AVF1604_Smith_Jarrod/Weather/build/iphone/build/Intermediates/Weather.build/Debug-iphoneos/Weather.build/assetcatalog_generated_info.plist --app-icon AppIcon --launch-image LaunchImage --compress-pngs --enable-on-demand-resources YES --target-device iphone --target-device ipad --minimum-deployment-target 7.1 --platform iphoneos --compile /Users/JarrodSmith/GitHub/AVF1604_Smith_Jarrod/Weather/build/iphone/build/Products/Debug-iphoneos/Weather.app /Users/JarrodSmith/GitHub/AVF1604_Smith_Jarrod/Weather/build/iphone/Assets.xcassets
[TRACE]  /* com.apple.actool.document.notices */
[TRACE]  /Users/JarrodSmith/GitHub/AVF1604_Smith_Jarrod/Weather/build/iphone/Assets.xcassets:./LaunchImage.launchimage/[iphone][736h][3x][portrait][full-screen][8.0]: notice: This launch image only applies to iOS 6.x and prior but the minimum deployment is 7.0 or later.
[TRACE]  /Users/JarrodSmith/GitHub/AVF1604_Smith_Jarrod/Weather/build/iphone/Assets.xcassets:./LaunchImage.launchimage/[iphone][736h][3x][landscape][full-screen][8.0]: notice: This launch image only applies to iOS 6.x and prior but the minimum deployment is 7.0 or later.
[TRACE]  /Users/JarrodSmith/GitHub/AVF1604_Smith_Jarrod/Weather/build/iphone/Assets.xcassets:./LaunchImage.launchimage/[iphone][667h][2x][portrait][full-screen][8.0]: notice: This launch image only applies to iOS 6.x and prior but the minimum deployment is 7.0 or later.
[TRACE]  /* com.apple.actool.compilation-results */
[TRACE]  /Users/JarrodSmith/GitHub/AVF1604_Smith_Jarrod/Weather/build/iphone/build/Products/Debug-iphoneos/Weather.app/AppIcon29x29@2x.png
[TRACE]  /Users/JarrodSmith/GitHub/AVF1604_Smith_Jarrod/Weather/build/iphone/build/Products/Debug-iphoneos/Weather.app/AppIcon29x29@3x.png
[TRACE]  /Users/JarrodSmith/GitHub/AVF1604_Smith_Jarrod/Weather/build/iphone/build/Products/Debug-iphoneos/Weather.app/AppIcon40x40@2x.png
[TRACE]  /Users/JarrodSmith/GitHub/AVF1604_Smith_Jarrod/Weather/build/iphone/build/Products/Debug-iphoneos/Weather.app/AppIcon40x40@3x.png
[TRACE]  /Users/JarrodSmith/GitHub/AVF1604_Smith_Jarrod/Weather/build/iphone/build/Products/Debug-iphoneos/Weather.app/AppIcon60x60@2x.png
[TRACE]  /Users/JarrodSmith/GitHub/AVF1604_Smith_Jarrod/Weather/build/iphone/build/Products/Debug-iphoneos/Weather.app/AppIcon60x60@3x.png
[TRACE]  /Users/JarrodSmith/GitHub/AVF1604_Smith_Jarrod/Weather/build/iphone/build/Products/Debug-iphoneos/Weather.app/AppIcon29x29~ipad.png
[TRACE]  /Users/JarrodSmith/GitHub/AVF1604_Smith_Jarrod/Weather/build/iphone/build/Products/Debug-iphoneos/Weather.app/AppIcon29x29@2x~ipad.png
[TRACE]  /Users/JarrodSmith/GitHub/AVF1604_Smith_Jarrod/Weather/build/iphone/build/Products/Debug-iphoneos/Weather.app/AppIcon40x40~ipad.png
[TRACE]  /Users/JarrodSmith/GitHub/AVF1604_Smith_Jarrod/Weather/build/iphone/build/Products/Debug-iphoneos/Weather.app/AppIcon40x40@2x~ipad.png
[TRACE]  /Users/JarrodSmith/GitHub/AVF1604_Smith_Jarrod/Weather/build/iphone/build/Products/Debug-iphoneos/Weather.app/AppIcon76x76~ipad.png
[TRACE]  /Users/JarrodSmith/GitHub/AVF1604_Smith_Jarrod/Weather/build/iphone/build/Products/Debug-iphoneos/Weather.app/AppIcon76x76@2x~ipad.png
[TRACE]  /Users/JarrodSmith/GitHub/AVF1604_Smith_Jarrod/Weather/build/iphone/build/Products/Debug-iphoneos/Weather.app/AppIcon83.5x83.5@2x~ipad.png
[TRACE]  /Users/JarrodSmith/GitHub/AVF1604_Smith_Jarrod/Weather/build/iphone/build/Products/Debug-iphoneos/Weather.app/LaunchImage-800-Portrait-736h@3x.png
[TRACE]  /Users/JarrodSmith/GitHub/AVF1604_Smith_Jarrod/Weather/build/iphone/build/Products/Debug-iphoneos/Weather.app/LaunchImage-800-Landscape-736h@3x.png
[TRACE]  /Users/JarrodSmith/GitHub/AVF1604_Smith_Jarrod/Weather/build/iphone/build/Products/Debug-iphoneos/Weather.app/LaunchImage-800-667h@2x.png
[TRACE]  /Users/JarrodSmith/GitHub/AVF1604_Smith_Jarrod/Weather/build/iphone/build/Products/Debug-iphoneos/Weather.app/LaunchImage-700@2x.png
[TRACE]  /Users/JarrodSmith/GitHub/AVF1604_Smith_Jarrod/Weather/build/iphone/build/Products/Debug-iphoneos/Weather.app/LaunchImage-700-568h@2x.png
[TRACE]  /Users/JarrodSmith/GitHub/AVF1604_Smith_Jarrod/Weather/build/iphone/build/Products/Debug-iphoneos/Weather.app/LaunchImage-700-Portrait~ipad.png
[TRACE]  /Users/JarrodSmith/GitHub/AVF1604_Smith_Jarrod/Weather/build/iphone/build/Products/Debug-iphoneos/Weather.app/LaunchImage-700-Landscape~ipad.png
[TRACE]  /Users/JarrodSmith/GitHub/AVF1604_Smith_Jarrod/Weather/build/iphone/build/Products/Debug-iphoneos/Weather.app/LaunchImage-700-Portrait@2x~ipad.png
[TRACE]  /Users/JarrodSmith/GitHub/AVF1604_Smith_Jarrod/Weather/build/iphone/build/Products/Debug-iphoneos/Weather.app/LaunchImage-700-Landscape@2x~ipad.png
[TRACE]  /Users/JarrodSmith/GitHub/AVF1604_Smith_Jarrod/Weather/build/iphone/build/Products/Debug-iphoneos/Weather.app/Assets.car
[TRACE]  /Users/JarrodSmith/GitHub/AVF1604_Smith_Jarrod/Weather/build/iphone/build/Intermediates/Weather.build/Debug-iphoneos/Weather.build/assetcatalog_generated_info.plist
[TRACE]  
[TRACE]  ProcessInfoPlistFile build/Products/Debug-iphoneos/Weather.app/Info.plist Info.plist
[TRACE]      cd /Users/JarrodSmith/GitHub/AVF1604_Smith_Jarrod/Weather/build/iphone
[TRACE]      export PATH="/Applications/Xcode.app/Contents/Developer/Platforms/iPhoneOS.platform/Developer/usr/bin:/Applications/Xcode.app/Contents/Developer/usr/bin:/Library/Java/JavaVirtualMachines/jdk1.7.0_80.jdk/Contents/Home/bin:/usr/local/bin:/usr/bin:/bin:/usr/sbin:/sbin:/usr/local/git/bin"
[TRACE]      builtin-infoPlistUtility /Users/JarrodSmith/GitHub/AVF1604_Smith_Jarrod/Weather/build/iphone/Info.plist -genpkginfo /Users/JarrodSmith/GitHub/AVF1604_Smith_Jarrod/Weather/build/iphone/build/Products/Debug-iphoneos/Weather.app/PkgInfo -expandbuildsettings -format binary -platform iphoneos -additionalcontentfile /Users/JarrodSmith/GitHub/AVF1604_Smith_Jarrod/Weather/build/iphone/build/Intermediates/Weather.build/Debug-iphoneos/Weather.build/LaunchScreen-SBPartialInfo.plist -additionalcontentfile /Users/JarrodSmith/GitHub/AVF1604_Smith_Jarrod/Weather/build/iphone/build/Intermediates/Weather.build/Debug-iphoneos/Weather.build/assetcatalog_generated_info.plist -o /Users/JarrodSmith/GitHub/AVF1604_Smith_Jarrod/Weather/build/iphone/build/Products/Debug-iphoneos/Weather.app/Info.plist
[TRACE]  
[TRACE]  GenerateDSYMFile build/Products/Debug-iphoneos/Weather.app.dSYM build/Products/Debug-iphoneos/Weather.app/Weather
[TRACE]      cd /Users/JarrodSmith/GitHub/AVF1604_Smith_Jarrod/Weather/build/iphone
[TRACE]      export PATH="/Applications/Xcode.app/Contents/Developer/Platforms/iPhoneOS.platform/Developer/usr/bin:/Applications/Xcode.app/Contents/Developer/usr/bin:/Library/Java/JavaVirtualMachines/jdk1.7.0_80.jdk/Contents/Home/bin:/usr/local/bin:/usr/bin:/bin:/usr/sbin:/sbin:/usr/local/git/bin"
[TRACE]      /Applications/Xcode.app/Contents/Developer/Toolchains/XcodeDefault.xctoolchain/usr/bin/dsymutil /Users/JarrodSmith/GitHub/AVF1604_Smith_Jarrod/Weather/build/iphone/build/Products/Debug-iphoneos/Weather.app/Weather -o /Users/JarrodSmith/GitHub/AVF1604_Smith_Jarrod/Weather/build/iphone/build/Products/Debug-iphoneos/Weather.app.dSYM
[TRACE]  
[TRACE]  Touch build/Products/Debug-iphoneos/Weather.app
[TRACE]      cd /Users/JarrodSmith/GitHub/AVF1604_Smith_Jarrod/Weather/build/iphone
[TRACE]      export PATH="/Applications/Xcode.app/Contents/Developer/Platforms/iPhoneOS.platform/Developer/usr/bin:/Applications/Xcode.app/Contents/Developer/usr/bin:/Library/Java/JavaVirtualMachines/jdk1.7.0_80.jdk/Contents/Home/bin:/usr/local/bin:/usr/bin:/bin:/usr/sbin:/sbin:/usr/local/git/bin"
[TRACE]      /usr/bin/touch -c /Users/JarrodSmith/GitHub/AVF1604_Smith_Jarrod/Weather/build/iphone/build/Products/Debug-iphoneos/Weather.app
[TRACE]  
[TRACE]  Strip build/Products/Debug-iphoneos/Weather.app/Weather
[TRACE]      cd /Users/JarrodSmith/GitHub/AVF1604_Smith_Jarrod/Weather/build/iphone
[TRACE]      export PATH="/Applications/Xcode.app/Contents/Developer/Platforms/iPhoneOS.platform/Developer/usr/bin:/Applications/Xcode.app/Contents/Developer/usr/bin:/Library/Java/JavaVirtualMachines/jdk1.7.0_80.jdk/Contents/Home/bin:/usr/local/bin:/usr/bin:/bin:/usr/sbin:/sbin:/usr/local/git/bin"
[TRACE]      /Applications/Xcode.app/Contents/Developer/Toolchains/XcodeDefault.xctoolchain/usr/bin/strip /Users/JarrodSmith/GitHub/AVF1604_Smith_Jarrod/Weather/build/iphone/build/Products/Debug-iphoneos/Weather.app/Weather
[TRACE]  
[TRACE]  CopySwiftLibs build/Products/Debug-iphoneos/Weather.app
[TRACE]      cd /Users/JarrodSmith/GitHub/AVF1604_Smith_Jarrod/Weather/build/iphone
[TRACE]      export CODESIGN_ALLOCATE=/Applications/Xcode.app/Contents/Developer/Toolchains/XcodeDefault.xctoolchain/usr/bin/codesign_allocate
[TRACE]      export DEVELOPER_DIR=/Applications/Xcode.app/Contents/Developer
[TRACE]      export PATH="/Applications/Xcode.app/Contents/Developer/Platforms/iPhoneOS.platform/Developer/usr/bin:/Applications/Xcode.app/Contents/Developer/usr/bin:/Library/Java/JavaVirtualMachines/jdk1.7.0_80.jdk/Contents/Home/bin:/usr/local/bin:/usr/bin:/bin:/usr/sbin:/sbin:/usr/local/git/bin"
[TRACE]      export SDKROOT=/Applications/Xcode.app/Contents/Developer/Platforms/iPhoneOS.platform/Developer/SDKs/iPhoneOS9.3.sdk
[TRACE]      /Applications/Xcode.app/Contents/Developer/Toolchains/XcodeDefault.xctoolchain/usr/bin/swift-stdlib-tool --copy --verbose --sign 8709E7306628EB152EE6CD345D9EDC73A945D240 --scan-executable /Users/JarrodSmith/GitHub/AVF1604_Smith_Jarrod/Weather/build/iphone/build/Products/Debug-iphoneos/Weather.app/Weather --scan-folder /Users/JarrodSmith/GitHub/AVF1604_Smith_Jarrod/Weather/build/iphone/build/Products/Debug-iphoneos/Weather.app/Frameworks --scan-folder /Users/JarrodSmith/GitHub/AVF1604_Smith_Jarrod/Weather/build/iphone/build/Products/Debug-iphoneos/Weather.app/PlugIns --scan-folder /Applications/Xcode.app/Contents/Developer/Platforms/iPhoneOS.platform/Developer/SDKs/iPhoneOS9.3.sdk/System/Library/Frameworks/iAd.framework --scan-folder /Applications/Xcode.app/Contents/Developer/Platforms/iPhoneOS.platform/Developer/SDKs/iPhoneOS9.3.sdk/System/Library/Frameworks/CoreMedia.framework --scan-folder /Applications/Xcode.app/Contents/Developer/Platforms/iPhoneOS.platform/Developer/SDKs/iPhoneOS9.3.sdk/System/Library/Frameworks/CoreMotion.framework --scan-folder /Applications/Xcode.app/Contents/Developer/Platforms/iPhoneOS.platform/Developer/SDKs/iPhoneOS9.3.sdk/System/Library/Frameworks/CoreText.framework --scan-folder /Applications/Xcode.app/Contents/Developer/Platforms/iPhoneOS.platform/Developer/SDKs/iPhoneOS9.3.sdk/System/Library/Frameworks/EventKit.framework --scan-folder /Applications/Xcode.app/Contents/Developer/Platforms/iPhoneOS.platform/Developer/SDKs/iPhoneOS9.3.sdk/System/Library/Frameworks/EventKitUI.framework --scan-folder /Applications/Xcode.app/Contents/Developer/Platforms/iPhoneOS.platform/Developer/SDKs/iPhoneOS9.3.sdk/System/Library/Frameworks/Security.framework --scan-folder /Applications/Xcode.app/Contents/Developer/Platforms/iPhoneOS.platform/Developer/SDKs/iPhoneOS9.3.sdk/System/Library/Frameworks/Foundation.framework --scan-folder /Applications/Xcode.app/Contents/Developer/Platforms/iPhoneOS.platform/Developer/SDKs/iPhoneOS9.3.sdk/System/Library/Frameworks/UIKit.framework --scan-folder /Applications/Xcode.app/Contents/Developer/Platforms/iPhoneOS.platform/Developer/SDKs/iPhoneOS9.3.sdk/System/Library/Frameworks/CoreGraphics.framework --scan-folder /Applications/Xcode.app/Contents/Developer/Platforms/iPhoneOS.platform/Developer/SDKs/iPhoneOS9.3.sdk/System/Library/Frameworks/AddressBook.framework --scan-folder /Applications/Xcode.app/Contents/Developer/Platforms/iPhoneOS.platform/Developer/SDKs/iPhoneOS9.3.sdk/System/Library/Frameworks/AddressBookUI.framework --scan-folder /Applications/Xcode.app/Contents/Developer/Platforms/iPhoneOS.platform/Developer/SDKs/iPhoneOS9.3.sdk/System/Library/Frameworks/CFNetwork.framework --scan-folder /Applications/Xcode.app/Contents/Developer/Platforms/iPhoneOS.platform/Developer/SDKs/iPhoneOS9.3.sdk/System/Library/Frameworks/CoreLocation.framework --scan-folder /Applications/Xcode.app/Contents/Developer/Platforms/iPhoneOS.platform/Developer/SDKs/iPhoneOS9.3.sdk/System/Library/Frameworks/MapKit.framework --scan-folder /Applications/Xcode.app/Contents/Developer/Platforms/iPhoneOS.platform/Developer/SDKs/iPhoneOS9.3.sdk/System/Library/Frameworks/MessageUI.framework --scan-folder /Applications/Xcode.app/Contents/Developer/Platforms/iPhoneOS.platform/Developer/SDKs/iPhoneOS9.3.sdk/System/Library/Frameworks/MobileCoreServices.framework --scan-folder /Applications/Xcode.app/Contents/Developer/Platforms/iPhoneOS.platform/Developer/SDKs/iPhoneOS9.3.sdk/System/Library/Frameworks/OpenGLES.framework --scan-folder /Applications/Xcode.app/Contents/Developer/Platforms/iPhoneOS.platform/Developer/SDKs/iPhoneOS9.3.sdk/System/Library/Frameworks/QuartzCore.framework --scan-folder /Applications/Xcode.app/Contents/Developer/Platforms/iPhoneOS.platform/Developer/SDKs/iPhoneOS9.3.sdk/System/Library/Frameworks/SystemConfiguration.framework --scan-folder /Applications/Xcode.app/Contents/Developer/Platforms/iPhoneOS.platform/Developer/SDKs/iPhoneOS9.3.sdk/System/Library/Frameworks/AudioToolbox.framework --scan-folder /Applications/Xcode.app/Contents/Developer/Platforms/iPhoneOS.platform/Developer/SDKs/iPhoneOS9.3.sdk/System/Library/Frameworks/MediaPlayer.framework --scan-folder /Applications/Xcode.app/Contents/Developer/Platforms/iPhoneOS.platform/Developer/SDKs/iPhoneOS9.3.sdk/System/Library/Frameworks/AVFoundation.framework --scan-folder /Applications/Xcode.app/Contents/Developer/Platforms/iPhoneOS.platform/Developer/SDKs/iPhoneOS9.3.sdk/System/Library/Frameworks/StoreKit.framework --scan-folder /Applications/Xcode.app/Contents/Developer/Platforms/iPhoneOS.platform/Developer/SDKs/iPhoneOS9.3.sdk/System/Library/Frameworks/ExternalAccessory.framework --platform iphoneos --destination /Users/JarrodSmith/GitHub/AVF1604_Smith_Jarrod/Weather/build/iphone/build/Products/Debug-iphoneos/Weather.app/Frameworks --strip-bitcode
[TRACE]  
[TRACE]  ProcessProductPackaging Weather.entitlements build/Intermediates/Weather.build/Debug-iphoneos/Weather.build/Weather.app.xcent
[TRACE]      cd /Users/JarrodSmith/GitHub/AVF1604_Smith_Jarrod/Weather/build/iphone
[TRACE]      export PATH="/Applications/Xcode.app/Contents/Developer/Platforms/iPhoneOS.platform/Developer/usr/bin:/Applications/Xcode.app/Contents/Developer/usr/bin:/Library/Java/JavaVirtualMachines/jdk1.7.0_80.jdk/Contents/Home/bin:/usr/local/bin:/usr/bin:/bin:/usr/sbin:/sbin:/usr/local/git/bin"
[TRACE]      builtin-productPackagingUtility /Users/JarrodSmith/GitHub/AVF1604_Smith_Jarrod/Weather/build/iphone/Weather.entitlements -entitlements -format xml -o /Users/JarrodSmith/GitHub/AVF1604_Smith_Jarrod/Weather/build/iphone/build/Intermediates/Weather.build/Debug-iphoneos/Weather.build/Weather.app.xcent
[TRACE]  
[TRACE]  CodeSign build/Products/Debug-iphoneos/Weather.app
[TRACE]      cd /Users/JarrodSmith/GitHub/AVF1604_Smith_Jarrod/Weather/build/iphone
[TRACE]      export CODESIGN_ALLOCATE=/Applications/Xcode.app/Contents/Developer/Toolchains/XcodeDefault.xctoolchain/usr/bin/codesign_allocate
[TRACE]      export PATH="/Applications/Xcode.app/Contents/Developer/Platforms/iPhoneOS.platform/Developer/usr/bin:/Applications/Xcode.app/Contents/Developer/usr/bin:/Library/Java/JavaVirtualMachines/jdk1.7.0_80.jdk/Contents/Home/bin:/usr/local/bin:/usr/bin:/bin:/usr/sbin:/sbin:/usr/local/git/bin"
[TRACE]      
[TRACE]  Signing Identity:     "iPhone Developer: jsmithpfm@yahoo.com (V7K4R78R4E)"
[TRACE]  Provisioning Profile: "iOS Team Provisioning Profile: com.JSDevelop.Weather"
[TRACE]                        (e7ee70c3-2d6c-484e-9f64-38719ccff92d)
[TRACE]      /usr/bin/codesign --force --sign 8709E7306628EB152EE6CD345D9EDC73A945D240 --entitlements /Users/JarrodSmith/GitHub/AVF1604_Smith_Jarrod/Weather/build/iphone/build/Intermediates/Weather.build/Debug-iphoneos/Weather.build/Weather.app.xcent --timestamp=none /Users/JarrodSmith/GitHub/AVF1604_Smith_Jarrod/Weather/build/iphone/build/Products/Debug-iphoneos/Weather.app
[TRACE]  
[TRACE]  Validate build/Products/Debug-iphoneos/Weather.app
[TRACE]      cd /Users/JarrodSmith/GitHub/AVF1604_Smith_Jarrod/Weather/build/iphone
[TRACE]      export PATH="/Applications/Xcode.app/Contents/Developer/Platforms/iPhoneOS.platform/Developer/usr/bin:/Applications/Xcode.app/Contents/Developer/usr/bin:/Library/Java/JavaVirtualMachines/jdk1.7.0_80.jdk/Contents/Home/bin:/usr/local/bin:/usr/bin:/bin:/usr/sbin:/sbin:/usr/local/git/bin"
[TRACE]      export PRODUCT_TYPE=com.apple.product-type.application
[TRACE]      builtin-validationUtility /Users/JarrodSmith/GitHub/AVF1604_Smith_Jarrod/Weather/build/iphone/build/Products/Debug-iphoneos/Weather.app
[TRACE]  
[TRACE]  Touch build/Products/Debug-iphoneos/Weather.app.dSYM
[TRACE]      cd /Users/JarrodSmith/GitHub/AVF1604_Smith_Jarrod/Weather/build/iphone
[TRACE]      export PATH="/Applications/Xcode.app/Contents/Developer/Platforms/iPhoneOS.platform/Developer/usr/bin:/Applications/Xcode.app/Contents/Developer/usr/bin:/Library/Java/JavaVirtualMachines/jdk1.7.0_80.jdk/Contents/Home/bin:/usr/local/bin:/usr/bin:/bin:/usr/sbin:/sbin:/usr/local/git/bin"
[TRACE]      /usr/bin/touch -c /Users/JarrodSmith/GitHub/AVF1604_Smith_Jarrod/Weather/build/iphone/build/Products/Debug-iphoneos/Weather.app.dSYM
[TRACE]  
[TRACE]  ** BUILD SUCCEEDED **
[INFO]   Finished building the application in 42s 763ms
[INFO]   Installing app on device: Jarrod's iPad
[INFO]   App successfully installed on device: Jarrod's iPad