
4/14/2016, 9:39:31 PM

Operating System
  Name                        = Mac OS X
  Version                     = 10.11.4
  Architecture                = 64bit
  # CPUs                      = 8
  Memory                      = 17179869184

Node.js
  Node.js Version             = 4.3.1
  npm Version                 = 2.14.12

Titanium CLI
  CLI Version                 = 5.0.6

Titanium SDK
  SDK Version                 = 5.2.0.GA
  SDK Path                    = /Users/JarrodSmith/Library/Application Support/Titanium/mobilesdk/osx/5.2.0.GA
  Target Platform             = mobileweb

Command
  /usr/local/bin/node /Users/JarrodSmith/.appcelerator/install/5.2.0/package/node_modules/titanium/lib/titanium.js build run --platform mobileweb --log-level trace --sdk 5.2.0.GA --project-dir /Users/JarrodSmith/GitHub/AVF1604_Smith_Jarrod/All Things Weather --deploy-type development --skip-js-minify --no-colors --no-progress-bars --no-prompt --prompt-type socket-bundle --prompt-port 49616 --config-file /var/folders/zk/r7vy3c8503792qfczh43dhfw0000gn/T/build-1460687969766.json --no-banner --project-dir /Users/JarrodSmith/GitHub/AVF1604_Smith_Jarrod/All Things Weather

[DEBUG]  Detecting modules in /Users/JarrodSmith/Library/Application Support/Titanium/modules
[DEBUG]  Detected android module: facebook 4.0.5 @ /Users/JarrodSmith/Library/Application Support/Titanium/modules/android/facebook/4.0.5
[DEBUG]  Detected android module: facebook 5.0.0 @ /Users/JarrodSmith/Library/Application Support/Titanium/modules/android/facebook/5.0.0
[DEBUG]  Detected android module: ti.cloudpush 3.4.0 @ /Users/JarrodSmith/Library/Application Support/Titanium/modules/android/ti.cloudpush/3.4.0
[DEBUG]  Detected android module: ti.cloudpush 3.4.1 @ /Users/JarrodSmith/Library/Application Support/Titanium/modules/android/ti.cloudpush/3.4.1
[DEBUG]  Detected android module: ti.map 2.3.4 @ /Users/JarrodSmith/Library/Application Support/Titanium/modules/android/ti.map/2.3.4
[DEBUG]  Detected android module: ti.map 2.3.6 @ /Users/JarrodSmith/Library/Application Support/Titanium/modules/android/ti.map/2.3.6
[DEBUG]  Detected commonjs module: ti.cloud 3.2.10 @ /Users/JarrodSmith/Library/Application Support/Titanium/modules/commonjs/ti.cloud/3.2.10
[DEBUG]  Detected commonjs module: ti.cloud 3.2.9 @ /Users/JarrodSmith/Library/Application Support/Titanium/modules/commonjs/ti.cloud/3.2.9
[DEBUG]  Detected iphone module: com.appcelerator.urlSession 2.0.0 @ /Users/JarrodSmith/Library/Application Support/Titanium/modules/iphone/com.appcelerator.urlSession/2.0.0
[DEBUG]  Detected iphone module: facebook 4.0.5 @ /Users/JarrodSmith/Library/Application Support/Titanium/modules/iphone/facebook/4.0.5
[DEBUG]  Detected iphone module: facebook 5.0.1 @ /Users/JarrodSmith/Library/Application Support/Titanium/modules/iphone/facebook/5.0.1
[DEBUG]  Detected iphone module: ti.coremotion 1.1.0 @ /Users/JarrodSmith/Library/Application Support/Titanium/modules/iphone/ti.coremotion/1.1.0
[DEBUG]  Detected iphone module: ti.coremotion 2.0.0 @ /Users/JarrodSmith/Library/Application Support/Titanium/modules/iphone/ti.coremotion/2.0.0
[DEBUG]  Detected iphone module: ti.map 2.4.1 @ /Users/JarrodSmith/Library/Application Support/Titanium/modules/iphone/ti.map/2.4.1
[DEBUG]  Detected iphone module: ti.map 2.5.2 @ /Users/JarrodSmith/Library/Application Support/Titanium/modules/iphone/ti.map/2.5.2
[DEBUG]  Detected iphone module: ti.safaridialog 1.0.2 @ /Users/JarrodSmith/Library/Application Support/Titanium/modules/iphone/ti.safaridialog/1.0.2
[DEBUG]  Detected iphone module: ti.safaridialog 1.0.3 @ /Users/JarrodSmith/Library/Application Support/Titanium/modules/iphone/ti.safaridialog/1.0.3
[DEBUG]  Detected iphone module: ti.safaridialog 1.0.5 @ /Users/JarrodSmith/Library/Application Support/Titanium/modules/iphone/ti.safaridialog/1.0.5
[DEBUG]  Detected iphone module: ti.touchid 1.2.0 @ /Users/JarrodSmith/Library/Application Support/Titanium/modules/iphone/ti.touchid/1.2.0
[DEBUG]  No project level plugins to load
[INFO]   Compiling "development" build
[INFO]   Reading Titanium Mobile Web package.json file
[INFO]   Validating theme
[DEBUG]  Using default theme
[TRACE]  offline build file /var/folders/zk/r7vy3c8503792qfczh43dhfw0000gn/T/build-22d1e27b70315c2b37b1287d56c439c71768ab9c.json
[TRACE]  online 1
[TRACE]  optimizing build, last build was 12705.277 sec ago
[INFO]   Copying project files
[DEBUG]  Copying /Users/JarrodSmith/Library/Application Support/Titanium/mobilesdk/osx/5.2.0.GA/mobileweb/titanium/Ti/API.js => /Users/JarrodSmith/GitHub/AVF1604_Smith_Jarrod/All Things Weather/build/mobileweb/titanium/Ti/API.js
[DEBUG]  Copying /Users/JarrodSmith/Library/Application Support/Titanium/mobilesdk/osx/5.2.0.GA/mobileweb/titanium/Ti/Accelerometer.js => /Users/JarrodSmith/GitHub/AVF1604_Smith_Jarrod/All Things Weather/build/mobileweb/titanium/Ti/Accelerometer.js
[DEBUG]  Copying /Users/JarrodSmith/Library/Application Support/Titanium/mobilesdk/osx/5.2.0.GA/mobileweb/titanium/Ti/Analytics.js => /Users/JarrodSmith/GitHub/AVF1604_Smith_Jarrod/All Things Weather/build/mobileweb/titanium/Ti/Analytics.js
[DEBUG]  Copying /Users/JarrodSmith/Library/Application Support/Titanium/mobilesdk/osx/5.2.0.GA/mobileweb/titanium/Ti/App/Properties.js => /Users/JarrodSmith/GitHub/AVF1604_Smith_Jarrod/All Things Weather/build/mobileweb/titanium/Ti/App/Properties.js
[DEBUG]  Copying /Users/JarrodSmith/Library/Application Support/Titanium/mobilesdk/osx/5.2.0.GA/mobileweb/titanium/Ti/App.js => /Users/JarrodSmith/GitHub/AVF1604_Smith_Jarrod/All Things Weather/build/mobileweb/titanium/Ti/App.js
[DEBUG]  Copying /Users/JarrodSmith/Library/Application Support/Titanium/mobilesdk/osx/5.2.0.GA/mobileweb/titanium/Ti/Blob.js => /Users/JarrodSmith/GitHub/AVF1604_Smith_Jarrod/All Things Weather/build/mobileweb/titanium/Ti/Blob.js
[DEBUG]  Copying /Users/JarrodSmith/Library/Application Support/Titanium/mobilesdk/osx/5.2.0.GA/mobileweb/titanium/Ti/BlobStream.js => /Users/JarrodSmith/GitHub/AVF1604_Smith_Jarrod/All Things Weather/build/mobileweb/titanium/Ti/BlobStream.js
[DEBUG]  Copying /Users/JarrodSmith/Library/Application Support/Titanium/mobilesdk/osx/5.2.0.GA/mobileweb/titanium/Ti/Buffer.js => /Users/JarrodSmith/GitHub/AVF1604_Smith_Jarrod/All Things Weather/build/mobileweb/titanium/Ti/Buffer.js
[DEBUG]  Copying /Users/JarrodSmith/Library/Application Support/Titanium/mobilesdk/osx/5.2.0.GA/mobileweb/titanium/Ti/BufferStream.js => /Users/JarrodSmith/GitHub/AVF1604_Smith_Jarrod/All Things Weather/build/mobileweb/titanium/Ti/BufferStream.js
[DEBUG]  Copying /Users/JarrodSmith/Library/Application Support/Titanium/mobilesdk/osx/5.2.0.GA/mobileweb/titanium/Ti/Codec.js => /Users/JarrodSmith/GitHub/AVF1604_Smith_Jarrod/All Things Weather/build/mobileweb/titanium/Ti/Codec.js
[DEBUG]  Copying /Users/JarrodSmith/Library/Application Support/Titanium/mobilesdk/osx/5.2.0.GA/mobileweb/titanium/Ti/Facebook/LoginButton.js => /Users/JarrodSmith/GitHub/AVF1604_Smith_Jarrod/All Things Weather/build/mobileweb/titanium/Ti/Facebook/LoginButton.js
[DEBUG]  Copying /Users/JarrodSmith/Library/Application Support/Titanium/mobilesdk/osx/5.2.0.GA/mobileweb/titanium/Ti/Facebook.js => /Users/JarrodSmith/GitHub/AVF1604_Smith_Jarrod/All Things Weather/build/mobileweb/titanium/Ti/Facebook.js
[DEBUG]  Copying /Users/JarrodSmith/Library/Application Support/Titanium/mobilesdk/osx/5.2.0.GA/mobileweb/titanium/Ti/Filesystem/File.js => /Users/JarrodSmith/GitHub/AVF1604_Smith_Jarrod/All Things Weather/build/mobileweb/titanium/Ti/Filesystem/File.js
[DEBUG]  Copying /Users/JarrodSmith/Library/Application Support/Titanium/mobilesdk/osx/5.2.0.GA/mobileweb/titanium/Ti/Filesystem/FileStream.js => /Users/JarrodSmith/GitHub/AVF1604_Smith_Jarrod/All Things Weather/build/mobileweb/titanium/Ti/Filesystem/FileStream.js
[DEBUG]  Copying /Users/JarrodSmith/Library/Application Support/Titanium/mobilesdk/osx/5.2.0.GA/mobileweb/titanium/Ti/Filesystem.js => /Users/JarrodSmith/GitHub/AVF1604_Smith_Jarrod/All Things Weather/build/mobileweb/titanium/Ti/Filesystem.js
[DEBUG]  Copying /Users/JarrodSmith/Library/Application Support/Titanium/mobilesdk/osx/5.2.0.GA/mobileweb/titanium/Ti/Geolocation.js => /Users/JarrodSmith/GitHub/AVF1604_Smith_Jarrod/All Things Weather/build/mobileweb/titanium/Ti/Geolocation.js
[DEBUG]  Copying /Users/JarrodSmith/Library/Application Support/Titanium/mobilesdk/osx/5.2.0.GA/mobileweb/titanium/Ti/Gesture.js => /Users/JarrodSmith/GitHub/AVF1604_Smith_Jarrod/All Things Weather/build/mobileweb/titanium/Ti/Gesture.js
[DEBUG]  Copying /Users/JarrodSmith/Library/Application Support/Titanium/mobilesdk/osx/5.2.0.GA/mobileweb/titanium/Ti/IOStream.js => /Users/JarrodSmith/GitHub/AVF1604_Smith_Jarrod/All Things Weather/build/mobileweb/titanium/Ti/IOStream.js
[DEBUG]  Copying /Users/JarrodSmith/Library/Application Support/Titanium/mobilesdk/osx/5.2.0.GA/mobileweb/titanium/Ti/Locale.js => /Users/JarrodSmith/GitHub/AVF1604_Smith_Jarrod/All Things Weather/build/mobileweb/titanium/Ti/Locale.js
[DEBUG]  Copying /Users/JarrodSmith/Library/Application Support/Titanium/mobilesdk/osx/5.2.0.GA/mobileweb/titanium/Ti/Map/Annotation.js => /Users/JarrodSmith/GitHub/AVF1604_Smith_Jarrod/All Things Weather/build/mobileweb/titanium/Ti/Map/Annotation.js
[DEBUG]  Copying /Users/JarrodSmith/Library/Application Support/Titanium/mobilesdk/osx/5.2.0.GA/mobileweb/titanium/Ti/Map/View.js => /Users/JarrodSmith/GitHub/AVF1604_Smith_Jarrod/All Things Weather/build/mobileweb/titanium/Ti/Map/View.js
[DEBUG]  Copying /Users/JarrodSmith/Library/Application Support/Titanium/mobilesdk/osx/5.2.0.GA/mobileweb/titanium/Ti/Map.js => /Users/JarrodSmith/GitHub/AVF1604_Smith_Jarrod/All Things Weather/build/mobileweb/titanium/Ti/Map.js
[DEBUG]  Copying /Users/JarrodSmith/Library/Application Support/Titanium/mobilesdk/osx/5.2.0.GA/mobileweb/titanium/Ti/Media/AudioPlayer.js => /Users/JarrodSmith/GitHub/AVF1604_Smith_Jarrod/All Things Weather/build/mobileweb/titanium/Ti/Media/AudioPlayer.js
[DEBUG]  Copying /Users/JarrodSmith/Library/Application Support/Titanium/mobilesdk/osx/5.2.0.GA/mobileweb/titanium/Ti/Media/Sound.js => /Users/JarrodSmith/GitHub/AVF1604_Smith_Jarrod/All Things Weather/build/mobileweb/titanium/Ti/Media/Sound.js
[DEBUG]  Copying /Users/JarrodSmith/Library/Application Support/Titanium/mobilesdk/osx/5.2.0.GA/mobileweb/titanium/Ti/Media/VideoPlayer.js => /Users/JarrodSmith/GitHub/AVF1604_Smith_Jarrod/All Things Weather/build/mobileweb/titanium/Ti/Media/VideoPlayer.js
[DEBUG]  Copying /Users/JarrodSmith/Library/Application Support/Titanium/mobilesdk/osx/5.2.0.GA/mobileweb/titanium/Ti/Media.js => /Users/JarrodSmith/GitHub/AVF1604_Smith_Jarrod/All Things Weather/build/mobileweb/titanium/Ti/Media.js
[DEBUG]  Copying /Users/JarrodSmith/Library/Application Support/Titanium/mobilesdk/osx/5.2.0.GA/mobileweb/titanium/Ti/Network/HTTPClient.js => /Users/JarrodSmith/GitHub/AVF1604_Smith_Jarrod/All Things Weather/build/mobileweb/titanium/Ti/Network/HTTPClient.js
[DEBUG]  Copying /Users/JarrodSmith/Library/Application Support/Titanium/mobilesdk/osx/5.2.0.GA/mobileweb/titanium/Ti/Network.js => /Users/JarrodSmith/GitHub/AVF1604_Smith_Jarrod/All Things Weather/build/mobileweb/titanium/Ti/Network.js
[DEBUG]  Copying /Users/JarrodSmith/Library/Application Support/Titanium/mobilesdk/osx/5.2.0.GA/mobileweb/titanium/Ti/Platform/DisplayCaps.js => /Users/JarrodSmith/GitHub/AVF1604_Smith_Jarrod/All Things Weather/build/mobileweb/titanium/Ti/Platform/DisplayCaps.js
[DEBUG]  Copying /Users/JarrodSmith/Library/Application Support/Titanium/mobilesdk/osx/5.2.0.GA/mobileweb/titanium/Ti/Platform.js => /Users/JarrodSmith/GitHub/AVF1604_Smith_Jarrod/All Things Weather/build/mobileweb/titanium/Ti/Platform.js
[DEBUG]  Copying /Users/JarrodSmith/Library/Application Support/Titanium/mobilesdk/osx/5.2.0.GA/mobileweb/titanium/Ti/UI/2DMatrix.js => /Users/JarrodSmith/GitHub/AVF1604_Smith_Jarrod/All Things Weather/build/mobileweb/titanium/Ti/UI/2DMatrix.js
[DEBUG]  Copying /Users/JarrodSmith/Library/Application Support/Titanium/mobilesdk/osx/5.2.0.GA/mobileweb/titanium/Ti/UI/ActivityIndicator.js => /Users/JarrodSmith/GitHub/AVF1604_Smith_Jarrod/All Things Weather/build/mobileweb/titanium/Ti/UI/ActivityIndicator.js
[DEBUG]  Copying /Users/JarrodSmith/Library/Application Support/Titanium/mobilesdk/osx/5.2.0.GA/mobileweb/titanium/Ti/UI/ActivityIndicatorStyle.js => /Users/JarrodSmith/GitHub/AVF1604_Smith_Jarrod/All Things Weather/build/mobileweb/titanium/Ti/UI/ActivityIndicatorStyle.js
[DEBUG]  Copying /Users/JarrodSmith/Library/Application Support/Titanium/mobilesdk/osx/5.2.0.GA/mobileweb/titanium/Ti/UI/AlertDialog.js => /Users/JarrodSmith/GitHub/AVF1604_Smith_Jarrod/All Things Weather/build/mobileweb/titanium/Ti/UI/AlertDialog.js
[DEBUG]  Copying /Users/JarrodSmith/Library/Application Support/Titanium/mobilesdk/osx/5.2.0.GA/mobileweb/titanium/Ti/UI/Animation.js => /Users/JarrodSmith/GitHub/AVF1604_Smith_Jarrod/All Things Weather/build/mobileweb/titanium/Ti/UI/Animation.js
[DEBUG]  Copying /Users/JarrodSmith/Library/Application Support/Titanium/mobilesdk/osx/5.2.0.GA/mobileweb/titanium/Ti/UI/Button.js => /Users/JarrodSmith/GitHub/AVF1604_Smith_Jarrod/All Things Weather/build/mobileweb/titanium/Ti/UI/Button.js
[DEBUG]  Copying /Users/JarrodSmith/Library/Application Support/Titanium/mobilesdk/osx/5.2.0.GA/mobileweb/titanium/Ti/UI/Clipboard.js => /Users/JarrodSmith/GitHub/AVF1604_Smith_Jarrod/All Things Weather/build/mobileweb/titanium/Ti/UI/Clipboard.js
[DEBUG]  Copying /Users/JarrodSmith/Library/Application Support/Titanium/mobilesdk/osx/5.2.0.GA/mobileweb/titanium/Ti/UI/EmailDialog.js => /Users/JarrodSmith/GitHub/AVF1604_Smith_Jarrod/All Things Weather/build/mobileweb/titanium/Ti/UI/EmailDialog.js
[DEBUG]  Copying /Users/JarrodSmith/Library/Application Support/Titanium/mobilesdk/osx/5.2.0.GA/mobileweb/titanium/Ti/UI/ImageView.js => /Users/JarrodSmith/GitHub/AVF1604_Smith_Jarrod/All Things Weather/build/mobileweb/titanium/Ti/UI/ImageView.js
[DEBUG]  Copying /Users/JarrodSmith/Library/Application Support/Titanium/mobilesdk/osx/5.2.0.GA/mobileweb/titanium/Ti/UI/Label.js => /Users/JarrodSmith/GitHub/AVF1604_Smith_Jarrod/All Things Weather/build/mobileweb/titanium/Ti/UI/Label.js
[DEBUG]  Copying /Users/JarrodSmith/Library/Application Support/Titanium/mobilesdk/osx/5.2.0.GA/mobileweb/titanium/Ti/UI/MobileWeb/NavigationGroup.js => /Users/JarrodSmith/GitHub/AVF1604_Smith_Jarrod/All Things Weather/build/mobileweb/titanium/Ti/UI/MobileWeb/NavigationGroup.js
[DEBUG]  Copying /Users/JarrodSmith/Library/Application Support/Titanium/mobilesdk/osx/5.2.0.GA/mobileweb/titanium/Ti/UI/MobileWeb/TableViewSeparatorStyle.js => /Users/JarrodSmith/GitHub/AVF1604_Smith_Jarrod/All Things Weather/build/mobileweb/titanium/Ti/UI/MobileWeb/TableViewSeparatorStyle.js
[DEBUG]  Copying /Users/JarrodSmith/Library/Application Support/Titanium/mobilesdk/osx/5.2.0.GA/mobileweb/titanium/Ti/UI/MobileWeb.js => /Users/JarrodSmith/GitHub/AVF1604_Smith_Jarrod/All Things Weather/build/mobileweb/titanium/Ti/UI/MobileWeb.js
[DEBUG]  Copying /Users/JarrodSmith/Library/Application Support/Titanium/mobilesdk/osx/5.2.0.GA/mobileweb/titanium/Ti/UI/OptionDialog.js => /Users/JarrodSmith/GitHub/AVF1604_Smith_Jarrod/All Things Weather/build/mobileweb/titanium/Ti/UI/OptionDialog.js
[DEBUG]  Copying /Users/JarrodSmith/Library/Application Support/Titanium/mobilesdk/osx/5.2.0.GA/mobileweb/titanium/Ti/UI/Picker.js => /Users/JarrodSmith/GitHub/AVF1604_Smith_Jarrod/All Things Weather/build/mobileweb/titanium/Ti/UI/Picker.js
[DEBUG]  Copying /Users/JarrodSmith/Library/Application Support/Titanium/mobilesdk/osx/5.2.0.GA/mobileweb/titanium/Ti/UI/PickerColumn.js => /Users/JarrodSmith/GitHub/AVF1604_Smith_Jarrod/All Things Weather/build/mobileweb/titanium/Ti/UI/PickerColumn.js
[DEBUG]  Copying /Users/JarrodSmith/Library/Application Support/Titanium/mobilesdk/osx/5.2.0.GA/mobileweb/titanium/Ti/UI/PickerRow.js => /Users/JarrodSmith/GitHub/AVF1604_Smith_Jarrod/All Things Weather/build/mobileweb/titanium/Ti/UI/PickerRow.js
[DEBUG]  Copying /Users/JarrodSmith/Library/Application Support/Titanium/mobilesdk/osx/5.2.0.GA/mobileweb/titanium/Ti/UI/ProgressBar.js => /Users/JarrodSmith/GitHub/AVF1604_Smith_Jarrod/All Things Weather/build/mobileweb/titanium/Ti/UI/ProgressBar.js
[DEBUG]  Copying /Users/JarrodSmith/Library/Application Support/Titanium/mobilesdk/osx/5.2.0.GA/mobileweb/titanium/Ti/UI/ScrollView.js => /Users/JarrodSmith/GitHub/AVF1604_Smith_Jarrod/All Things Weather/build/mobileweb/titanium/Ti/UI/ScrollView.js
[DEBUG]  Copying /Users/JarrodSmith/Library/Application Support/Titanium/mobilesdk/osx/5.2.0.GA/mobileweb/titanium/Ti/UI/ScrollableView.js => /Users/JarrodSmith/GitHub/AVF1604_Smith_Jarrod/All Things Weather/build/mobileweb/titanium/Ti/UI/ScrollableView.js
[DEBUG]  Copying /Users/JarrodSmith/Library/Application Support/Titanium/mobilesdk/osx/5.2.0.GA/mobileweb/titanium/Ti/UI/Slider.js => /Users/JarrodSmith/GitHub/AVF1604_Smith_Jarrod/All Things Weather/build/mobileweb/titanium/Ti/UI/Slider.js
[DEBUG]  Copying /Users/JarrodSmith/Library/Application Support/Titanium/mobilesdk/osx/5.2.0.GA/mobileweb/titanium/Ti/UI/Switch.js => /Users/JarrodSmith/GitHub/AVF1604_Smith_Jarrod/All Things Weather/build/mobileweb/titanium/Ti/UI/Switch.js
[DEBUG]  Copying /Users/JarrodSmith/Library/Application Support/Titanium/mobilesdk/osx/5.2.0.GA/mobileweb/titanium/Ti/UI/Tab.js => /Users/JarrodSmith/GitHub/AVF1604_Smith_Jarrod/All Things Weather/build/mobileweb/titanium/Ti/UI/Tab.js
[DEBUG]  Copying /Users/JarrodSmith/Library/Application Support/Titanium/mobilesdk/osx/5.2.0.GA/mobileweb/titanium/Ti/UI/TabGroup.js => /Users/JarrodSmith/GitHub/AVF1604_Smith_Jarrod/All Things Weather/build/mobileweb/titanium/Ti/UI/TabGroup.js
[DEBUG]  Copying /Users/JarrodSmith/Library/Application Support/Titanium/mobilesdk/osx/5.2.0.GA/mobileweb/titanium/Ti/UI/TableView.js => /Users/JarrodSmith/GitHub/AVF1604_Smith_Jarrod/All Things Weather/build/mobileweb/titanium/Ti/UI/TableView.js
[DEBUG]  Copying /Users/JarrodSmith/Library/Application Support/Titanium/mobilesdk/osx/5.2.0.GA/mobileweb/titanium/Ti/UI/TableViewRow.js => /Users/JarrodSmith/GitHub/AVF1604_Smith_Jarrod/All Things Weather/build/mobileweb/titanium/Ti/UI/TableViewRow.js
[DEBUG]  Copying /Users/JarrodSmith/Library/Application Support/Titanium/mobilesdk/osx/5.2.0.GA/mobileweb/titanium/Ti/UI/TableViewSection.js => /Users/JarrodSmith/GitHub/AVF1604_Smith_Jarrod/All Things Weather/build/mobileweb/titanium/Ti/UI/TableViewSection.js
[DEBUG]  Copying /Users/JarrodSmith/Library/Application Support/Titanium/mobilesdk/osx/5.2.0.GA/mobileweb/titanium/Ti/UI/TextArea.js => /Users/JarrodSmith/GitHub/AVF1604_Smith_Jarrod/All Things Weather/build/mobileweb/titanium/Ti/UI/TextArea.js
[DEBUG]  Copying /Users/JarrodSmith/Library/Application Support/Titanium/mobilesdk/osx/5.2.0.GA/mobileweb/titanium/Ti/UI/TextField.js => /Users/JarrodSmith/GitHub/AVF1604_Smith_Jarrod/All Things Weather/build/mobileweb/titanium/Ti/UI/TextField.js
[DEBUG]  Copying /Users/JarrodSmith/Library/Application Support/Titanium/mobilesdk/osx/5.2.0.GA/mobileweb/titanium/Ti/UI/View.js => /Users/JarrodSmith/GitHub/AVF1604_Smith_Jarrod/All Things Weather/build/mobileweb/titanium/Ti/UI/View.js
[DEBUG]  Copying /Users/JarrodSmith/Library/Application Support/Titanium/mobilesdk/osx/5.2.0.GA/mobileweb/titanium/Ti/UI/WebView.js => /Users/JarrodSmith/GitHub/AVF1604_Smith_Jarrod/All Things Weather/build/mobileweb/titanium/Ti/UI/WebView.js
[DEBUG]  Copying /Users/JarrodSmith/Library/Application Support/Titanium/mobilesdk/osx/5.2.0.GA/mobileweb/titanium/Ti/UI/Window.js => /Users/JarrodSmith/GitHub/AVF1604_Smith_Jarrod/All Things Weather/build/mobileweb/titanium/Ti/UI/Window.js
[DEBUG]  Copying /Users/JarrodSmith/Library/Application Support/Titanium/mobilesdk/osx/5.2.0.GA/mobileweb/titanium/Ti/UI.js => /Users/JarrodSmith/GitHub/AVF1604_Smith_Jarrod/All Things Weather/build/mobileweb/titanium/Ti/UI.js
[DEBUG]  Copying /Users/JarrodSmith/Library/Application Support/Titanium/mobilesdk/osx/5.2.0.GA/mobileweb/titanium/Ti/Utils.js => /Users/JarrodSmith/GitHub/AVF1604_Smith_Jarrod/All Things Weather/build/mobileweb/titanium/Ti/Utils.js
[DEBUG]  Copying /Users/JarrodSmith/Library/Application Support/Titanium/mobilesdk/osx/5.2.0.GA/mobileweb/titanium/Ti/XML.js => /Users/JarrodSmith/GitHub/AVF1604_Smith_Jarrod/All Things Weather/build/mobileweb/titanium/Ti/XML.js
[DEBUG]  Copying /Users/JarrodSmith/Library/Application Support/Titanium/mobilesdk/osx/5.2.0.GA/mobileweb/titanium/Ti/Yahoo.js => /Users/JarrodSmith/GitHub/AVF1604_Smith_Jarrod/All Things Weather/build/mobileweb/titanium/Ti/Yahoo.js
[DEBUG]  Copying /Users/JarrodSmith/Library/Application Support/Titanium/mobilesdk/osx/5.2.0.GA/mobileweb/titanium/Ti/_/Evented.js => /Users/JarrodSmith/GitHub/AVF1604_Smith_Jarrod/All Things Weather/build/mobileweb/titanium/Ti/_/Evented.js
[DEBUG]  Copying /Users/JarrodSmith/Library/Application Support/Titanium/mobilesdk/osx/5.2.0.GA/mobileweb/titanium/Ti/_/Filesystem/Local.js => /Users/JarrodSmith/GitHub/AVF1604_Smith_Jarrod/All Things Weather/build/mobileweb/titanium/Ti/_/Filesystem/Local.js
[DEBUG]  Copying /Users/JarrodSmith/Library/Application Support/Titanium/mobilesdk/osx/5.2.0.GA/mobileweb/titanium/Ti/_/Gestures/DoubleTap.js => /Users/JarrodSmith/GitHub/AVF1604_Smith_Jarrod/All Things Weather/build/mobileweb/titanium/Ti/_/Gestures/DoubleTap.js
[DEBUG]  Copying /Users/JarrodSmith/Library/Application Support/Titanium/mobilesdk/osx/5.2.0.GA/mobileweb/titanium/Ti/_/Gestures/Dragging.js => /Users/JarrodSmith/GitHub/AVF1604_Smith_Jarrod/All Things Weather/build/mobileweb/titanium/Ti/_/Gestures/Dragging.js
[DEBUG]  Copying /Users/JarrodSmith/Library/Application Support/Titanium/mobilesdk/osx/5.2.0.GA/mobileweb/titanium/Ti/_/Gestures/LongPress.js => /Users/JarrodSmith/GitHub/AVF1604_Smith_Jarrod/All Things Weather/build/mobileweb/titanium/Ti/_/Gestures/LongPress.js
[DEBUG]  Copying /Users/JarrodSmith/Library/Application Support/Titanium/mobilesdk/osx/5.2.0.GA/mobileweb/titanium/Ti/_/Gestures/Pinch.js => /Users/JarrodSmith/GitHub/AVF1604_Smith_Jarrod/All Things Weather/build/mobileweb/titanium/Ti/_/Gestures/Pinch.js
[DEBUG]  Copying /Users/JarrodSmith/Library/Application Support/Titanium/mobilesdk/osx/5.2.0.GA/mobileweb/titanium/Ti/_/Gestures/SingleTap.js => /Users/JarrodSmith/GitHub/AVF1604_Smith_Jarrod/All Things Weather/build/mobileweb/titanium/Ti/_/Gestures/SingleTap.js
[DEBUG]  Copying /Users/JarrodSmith/Library/Application Support/Titanium/mobilesdk/osx/5.2.0.GA/mobileweb/titanium/Ti/_/Gestures/Swipe.js => /Users/JarrodSmith/GitHub/AVF1604_Smith_Jarrod/All Things Weather/build/mobileweb/titanium/Ti/_/Gestures/Swipe.js
[DEBUG]  Copying /Users/JarrodSmith/Library/Application Support/Titanium/mobilesdk/osx/5.2.0.GA/mobileweb/titanium/Ti/_/Gestures/TouchCancel.js => /Users/JarrodSmith/GitHub/AVF1604_Smith_Jarrod/All Things Weather/build/mobileweb/titanium/Ti/_/Gestures/TouchCancel.js
[DEBUG]  Copying /Users/JarrodSmith/Library/Application Support/Titanium/mobilesdk/osx/5.2.0.GA/mobileweb/titanium/Ti/_/Gestures/TouchEnd.js => /Users/JarrodSmith/GitHub/AVF1604_Smith_Jarrod/All Things Weather/build/mobileweb/titanium/Ti/_/Gestures/TouchEnd.js
[DEBUG]  Copying /Users/JarrodSmith/Library/Application Support/Titanium/mobilesdk/osx/5.2.0.GA/mobileweb/titanium/Ti/_/Gestures/TouchMove.js => /Users/JarrodSmith/GitHub/AVF1604_Smith_Jarrod/All Things Weather/build/mobileweb/titanium/Ti/_/Gestures/TouchMove.js
[DEBUG]  Copying /Users/JarrodSmith/Library/Application Support/Titanium/mobilesdk/osx/5.2.0.GA/mobileweb/titanium/Ti/_/Gestures/TouchStart.js => /Users/JarrodSmith/GitHub/AVF1604_Smith_Jarrod/All Things Weather/build/mobileweb/titanium/Ti/_/Gestures/TouchStart.js
[DEBUG]  Copying /Users/JarrodSmith/Library/Application Support/Titanium/mobilesdk/osx/5.2.0.GA/mobileweb/titanium/Ti/_/Gestures/TwoFingerTap.js => /Users/JarrodSmith/GitHub/AVF1604_Smith_Jarrod/All Things Weather/build/mobileweb/titanium/Ti/_/Gestures/TwoFingerTap.js
[DEBUG]  Copying /Users/JarrodSmith/Library/Application Support/Titanium/mobilesdk/osx/5.2.0.GA/mobileweb/titanium/Ti/_/Layouts/Base.js => /Users/JarrodSmith/GitHub/AVF1604_Smith_Jarrod/All Things Weather/build/mobileweb/titanium/Ti/_/Layouts/Base.js
[DEBUG]  Copying /Users/JarrodSmith/Library/Application Support/Titanium/mobilesdk/osx/5.2.0.GA/mobileweb/titanium/Ti/_/Layouts/Composite.js => /Users/JarrodSmith/GitHub/AVF1604_Smith_Jarrod/All Things Weather/build/mobileweb/titanium/Ti/_/Layouts/Composite.js
[DEBUG]  Copying /Users/JarrodSmith/Library/Application Support/Titanium/mobilesdk/osx/5.2.0.GA/mobileweb/titanium/Ti/_/Layouts/ConstrainingHorizontal.js => /Users/JarrodSmith/GitHub/AVF1604_Smith_Jarrod/All Things Weather/build/mobileweb/titanium/Ti/_/Layouts/ConstrainingHorizontal.js
[DEBUG]  Copying /Users/JarrodSmith/Library/Application Support/Titanium/mobilesdk/osx/5.2.0.GA/mobileweb/titanium/Ti/_/Layouts/ConstrainingVertical.js => /Users/JarrodSmith/GitHub/AVF1604_Smith_Jarrod/All Things Weather/build/mobileweb/titanium/Ti/_/Layouts/ConstrainingVertical.js
[DEBUG]  Copying /Users/JarrodSmith/Library/Application Support/Titanium/mobilesdk/osx/5.2.0.GA/mobileweb/titanium/Ti/_/Layouts/Horizontal.js => /Users/JarrodSmith/GitHub/AVF1604_Smith_Jarrod/All Things Weather/build/mobileweb/titanium/Ti/_/Layouts/Horizontal.js
[DEBUG]  Copying /Users/JarrodSmith/Library/Application Support/Titanium/mobilesdk/osx/5.2.0.GA/mobileweb/titanium/Ti/_/Layouts/Vertical.js => /Users/JarrodSmith/GitHub/AVF1604_Smith_Jarrod/All Things Weather/build/mobileweb/titanium/Ti/_/Layouts/Vertical.js
[DEBUG]  Copying /Users/JarrodSmith/Library/Application Support/Titanium/mobilesdk/osx/5.2.0.GA/mobileweb/titanium/Ti/_/Layouts.js => /Users/JarrodSmith/GitHub/AVF1604_Smith_Jarrod/All Things Weather/build/mobileweb/titanium/Ti/_/Layouts.js
[DEBUG]  Copying /Users/JarrodSmith/Library/Application Support/Titanium/mobilesdk/osx/5.2.0.GA/mobileweb/titanium/Ti/_/Map/Google.js => /Users/JarrodSmith/GitHub/AVF1604_Smith_Jarrod/All Things Weather/build/mobileweb/titanium/Ti/_/Map/Google.js
[DEBUG]  Copying /Users/JarrodSmith/Library/Application Support/Titanium/mobilesdk/osx/5.2.0.GA/mobileweb/titanium/Ti/_/UI/Element.js => /Users/JarrodSmith/GitHub/AVF1604_Smith_Jarrod/All Things Weather/build/mobileweb/titanium/Ti/_/UI/Element.js
[DEBUG]  Copying /Users/JarrodSmith/Library/Application Support/Titanium/mobilesdk/osx/5.2.0.GA/mobileweb/titanium/Ti/_/UI/FontWidget.js => /Users/JarrodSmith/GitHub/AVF1604_Smith_Jarrod/All Things Weather/build/mobileweb/titanium/Ti/_/UI/FontWidget.js
[DEBUG]  Copying /Users/JarrodSmith/Library/Application Support/Titanium/mobilesdk/osx/5.2.0.GA/mobileweb/titanium/Ti/_/UI/KineticScrollView.js => /Users/JarrodSmith/GitHub/AVF1604_Smith_Jarrod/All Things Weather/build/mobileweb/titanium/Ti/_/UI/KineticScrollView.js
[DEBUG]  Copying /Users/JarrodSmith/Library/Application Support/Titanium/mobilesdk/osx/5.2.0.GA/mobileweb/titanium/Ti/_/UI/SuperView.js => /Users/JarrodSmith/GitHub/AVF1604_Smith_Jarrod/All Things Weather/build/mobileweb/titanium/Ti/_/UI/SuperView.js
[DEBUG]  Copying /Users/JarrodSmith/Library/Application Support/Titanium/mobilesdk/osx/5.2.0.GA/mobileweb/titanium/Ti/_/UI/TextBox.js => /Users/JarrodSmith/GitHub/AVF1604_Smith_Jarrod/All Things Weather/build/mobileweb/titanium/Ti/_/UI/TextBox.js
[DEBUG]  Copying /Users/JarrodSmith/Library/Application Support/Titanium/mobilesdk/osx/5.2.0.GA/mobileweb/titanium/Ti/_/UI/WebViewBridge.js => /Users/JarrodSmith/GitHub/AVF1604_Smith_Jarrod/All Things Weather/build/mobileweb/titanium/Ti/_/UI/WebViewBridge.js
[DEBUG]  Copying /Users/JarrodSmith/Library/Application Support/Titanium/mobilesdk/osx/5.2.0.GA/mobileweb/titanium/Ti/_/UI/Widget.js => /Users/JarrodSmith/GitHub/AVF1604_Smith_Jarrod/All Things Weather/build/mobileweb/titanium/Ti/_/UI/Widget.js
[DEBUG]  Copying /Users/JarrodSmith/Library/Application Support/Titanium/mobilesdk/osx/5.2.0.GA/mobileweb/titanium/Ti/_/UI/blank.html => /Users/JarrodSmith/GitHub/AVF1604_Smith_Jarrod/All Things Weather/build/mobileweb/titanium/Ti/_/UI/blank.html
[DEBUG]  Copying /Users/JarrodSmith/Library/Application Support/Titanium/mobilesdk/osx/5.2.0.GA/mobileweb/titanium/Ti/_/analytics.js => /Users/JarrodSmith/GitHub/AVF1604_Smith_Jarrod/All Things Weather/build/mobileweb/titanium/Ti/_/analytics.js
[DEBUG]  Copying /Users/JarrodSmith/Library/Application Support/Titanium/mobilesdk/osx/5.2.0.GA/mobileweb/titanium/Ti/_/browser.js => /Users/JarrodSmith/GitHub/AVF1604_Smith_Jarrod/All Things Weather/build/mobileweb/titanium/Ti/_/browser.js
[DEBUG]  Copying /Users/JarrodSmith/Library/Application Support/Titanium/mobilesdk/osx/5.2.0.GA/mobileweb/titanium/Ti/_/colors.js => /Users/JarrodSmith/GitHub/AVF1604_Smith_Jarrod/All Things Weather/build/mobileweb/titanium/Ti/_/colors.js
[DEBUG]  Copying /Users/JarrodSmith/Library/Application Support/Titanium/mobilesdk/osx/5.2.0.GA/mobileweb/titanium/Ti/_/css.js => /Users/JarrodSmith/GitHub/AVF1604_Smith_Jarrod/All Things Weather/build/mobileweb/titanium/Ti/_/css.js
[DEBUG]  Copying /Users/JarrodSmith/Library/Application Support/Titanium/mobilesdk/osx/5.2.0.GA/mobileweb/titanium/Ti/_/declare.js => /Users/JarrodSmith/GitHub/AVF1604_Smith_Jarrod/All Things Weather/build/mobileweb/titanium/Ti/_/declare.js
[DEBUG]  Copying /Users/JarrodSmith/Library/Application Support/Titanium/mobilesdk/osx/5.2.0.GA/mobileweb/titanium/Ti/_/dom.js => /Users/JarrodSmith/GitHub/AVF1604_Smith_Jarrod/All Things Weather/build/mobileweb/titanium/Ti/_/dom.js
[DEBUG]  Copying /Users/JarrodSmith/Library/Application Support/Titanium/mobilesdk/osx/5.2.0.GA/mobileweb/titanium/Ti/_/encoding.js => /Users/JarrodSmith/GitHub/AVF1604_Smith_Jarrod/All Things Weather/build/mobileweb/titanium/Ti/_/encoding.js
[DEBUG]  Copying /Users/JarrodSmith/Library/Application Support/Titanium/mobilesdk/osx/5.2.0.GA/mobileweb/titanium/Ti/_/event.js => /Users/JarrodSmith/GitHub/AVF1604_Smith_Jarrod/All Things Weather/build/mobileweb/titanium/Ti/_/event.js
[DEBUG]  Copying /Users/JarrodSmith/Library/Application Support/Titanium/mobilesdk/osx/5.2.0.GA/mobileweb/titanium/Ti/_/has.js => /Users/JarrodSmith/GitHub/AVF1604_Smith_Jarrod/All Things Weather/build/mobileweb/titanium/Ti/_/has.js
[DEBUG]  Copying /Users/JarrodSmith/Library/Application Support/Titanium/mobilesdk/osx/5.2.0.GA/mobileweb/titanium/Ti/_/image.js => /Users/JarrodSmith/GitHub/AVF1604_Smith_Jarrod/All Things Weather/build/mobileweb/titanium/Ti/_/image.js
[DEBUG]  Copying /Users/JarrodSmith/Library/Application Support/Titanium/mobilesdk/osx/5.2.0.GA/mobileweb/titanium/Ti/_/include.js => /Users/JarrodSmith/GitHub/AVF1604_Smith_Jarrod/All Things Weather/build/mobileweb/titanium/Ti/_/include.js
[DEBUG]  Copying /Users/JarrodSmith/Library/Application Support/Titanium/mobilesdk/osx/5.2.0.GA/mobileweb/titanium/Ti/_/lang.js => /Users/JarrodSmith/GitHub/AVF1604_Smith_Jarrod/All Things Weather/build/mobileweb/titanium/Ti/_/lang.js
[DEBUG]  Copying /Users/JarrodSmith/Library/Application Support/Titanium/mobilesdk/osx/5.2.0.GA/mobileweb/titanium/Ti/_/ready.js => /Users/JarrodSmith/GitHub/AVF1604_Smith_Jarrod/All Things Weather/build/mobileweb/titanium/Ti/_/ready.js
[DEBUG]  Copying /Users/JarrodSmith/Library/Application Support/Titanium/mobilesdk/osx/5.2.0.GA/mobileweb/titanium/Ti/_/string.js => /Users/JarrodSmith/GitHub/AVF1604_Smith_Jarrod/All Things Weather/build/mobileweb/titanium/Ti/_/string.js
[DEBUG]  Copying /Users/JarrodSmith/Library/Application Support/Titanium/mobilesdk/osx/5.2.0.GA/mobileweb/titanium/Ti/_/style.js => /Users/JarrodSmith/GitHub/AVF1604_Smith_Jarrod/All Things Weather/build/mobileweb/titanium/Ti/_/style.js
[DEBUG]  Copying /Users/JarrodSmith/Library/Application Support/Titanium/mobilesdk/osx/5.2.0.GA/mobileweb/titanium/Ti/_/text.js => /Users/JarrodSmith/GitHub/AVF1604_Smith_Jarrod/All Things Weather/build/mobileweb/titanium/Ti/_/text.js
[DEBUG]  Copying /Users/JarrodSmith/Library/Application Support/Titanium/mobilesdk/osx/5.2.0.GA/mobileweb/titanium/Ti/_.js => /Users/JarrodSmith/GitHub/AVF1604_Smith_Jarrod/All Things Weather/build/mobileweb/titanium/Ti/_.js
[DEBUG]  Copying /Users/JarrodSmith/Library/Application Support/Titanium/mobilesdk/osx/5.2.0.GA/mobileweb/titanium/Ti.js => /Users/JarrodSmith/GitHub/AVF1604_Smith_Jarrod/All Things Weather/build/mobileweb/titanium/Ti.js
[DEBUG]  Copying /Users/JarrodSmith/Library/Application Support/Titanium/mobilesdk/osx/5.2.0.GA/mobileweb/titanium/dependencies.json => /Users/JarrodSmith/GitHub/AVF1604_Smith_Jarrod/All Things Weather/build/mobileweb/titanium/dependencies.json
[DEBUG]  Copying /Users/JarrodSmith/Library/Application Support/Titanium/mobilesdk/osx/5.2.0.GA/mobileweb/titanium/package.json => /Users/JarrodSmith/GitHub/AVF1604_Smith_Jarrod/All Things Weather/build/mobileweb/titanium/package.json
[DEBUG]  Copying /Users/JarrodSmith/Library/Application Support/Titanium/mobilesdk/osx/5.2.0.GA/mobileweb/themes/common.css => /Users/JarrodSmith/GitHub/AVF1604_Smith_Jarrod/All Things Weather/build/mobileweb/themes/common.css
[DEBUG]  Copying /Users/JarrodSmith/Library/Application Support/Titanium/mobilesdk/osx/5.2.0.GA/mobileweb/themes/default/Facebook/login.png => /Users/JarrodSmith/GitHub/AVF1604_Smith_Jarrod/All Things Weather/build/mobileweb/themes/default/Facebook/login.png
[DEBUG]  Copying /Users/JarrodSmith/Library/Application Support/Titanium/mobilesdk/osx/5.2.0.GA/mobileweb/themes/default/Facebook/loginPressed.png => /Users/JarrodSmith/GitHub/AVF1604_Smith_Jarrod/All Things Weather/build/mobileweb/themes/default/Facebook/loginPressed.png
[DEBUG]  Copying /Users/JarrodSmith/Library/Application Support/Titanium/mobilesdk/osx/5.2.0.GA/mobileweb/themes/default/Facebook/loginWide.png => /Users/JarrodSmith/GitHub/AVF1604_Smith_Jarrod/All Things Weather/build/mobileweb/themes/default/Facebook/loginWide.png
[DEBUG]  Copying /Users/JarrodSmith/Library/Application Support/Titanium/mobilesdk/osx/5.2.0.GA/mobileweb/themes/default/Facebook/loginWidePressed.png => /Users/JarrodSmith/GitHub/AVF1604_Smith_Jarrod/All Things Weather/build/mobileweb/themes/default/Facebook/loginWidePressed.png
[DEBUG]  Copying /Users/JarrodSmith/Library/Application Support/Titanium/mobilesdk/osx/5.2.0.GA/mobileweb/themes/default/Facebook/logout.png => /Users/JarrodSmith/GitHub/AVF1604_Smith_Jarrod/All Things Weather/build/mobileweb/themes/default/Facebook/logout.png
[DEBUG]  Copying /Users/JarrodSmith/Library/Application Support/Titanium/mobilesdk/osx/5.2.0.GA/mobileweb/themes/default/Facebook/logoutPressed.png => /Users/JarrodSmith/GitHub/AVF1604_Smith_Jarrod/All Things Weather/build/mobileweb/themes/default/Facebook/logoutPressed.png
[DEBUG]  Copying /Users/JarrodSmith/Library/Application Support/Titanium/mobilesdk/osx/5.2.0.GA/mobileweb/themes/default/Map/location.png => /Users/JarrodSmith/GitHub/AVF1604_Smith_Jarrod/All Things Weather/build/mobileweb/themes/default/Map/location.png
[DEBUG]  Copying /Users/JarrodSmith/Library/Application Support/Titanium/mobilesdk/osx/5.2.0.GA/mobileweb/themes/default/Map/marker_green.png => /Users/JarrodSmith/GitHub/AVF1604_Smith_Jarrod/All Things Weather/build/mobileweb/themes/default/Map/marker_green.png
[DEBUG]  Copying /Users/JarrodSmith/Library/Application Support/Titanium/mobilesdk/osx/5.2.0.GA/mobileweb/themes/default/Map/marker_purple.png => /Users/JarrodSmith/GitHub/AVF1604_Smith_Jarrod/All Things Weather/build/mobileweb/themes/default/Map/marker_purple.png
[DEBUG]  Copying /Users/JarrodSmith/Library/Application Support/Titanium/mobilesdk/osx/5.2.0.GA/mobileweb/themes/default/Map/marker_red.png => /Users/JarrodSmith/GitHub/AVF1604_Smith_Jarrod/All Things Weather/build/mobileweb/themes/default/Map/marker_red.png
[DEBUG]  Copying /Users/JarrodSmith/Library/Application Support/Titanium/mobilesdk/osx/5.2.0.GA/mobileweb/themes/default/UI/TableViewRow/check.png => /Users/JarrodSmith/GitHub/AVF1604_Smith_Jarrod/All Things Weather/build/mobileweb/themes/default/UI/TableViewRow/check.png
[DEBUG]  Copying /Users/JarrodSmith/Library/Application Support/Titanium/mobilesdk/osx/5.2.0.GA/mobileweb/themes/default/UI/TableViewRow/child.png => /Users/JarrodSmith/GitHub/AVF1604_Smith_Jarrod/All Things Weather/build/mobileweb/themes/default/UI/TableViewRow/child.png
[DEBUG]  Copying /Users/JarrodSmith/Library/Application Support/Titanium/mobilesdk/osx/5.2.0.GA/mobileweb/themes/default/UI/TableViewRow/detail.png => /Users/JarrodSmith/GitHub/AVF1604_Smith_Jarrod/All Things Weather/build/mobileweb/themes/default/UI/TableViewRow/detail.png
[DEBUG]  Copying /Users/JarrodSmith/Library/Application Support/Titanium/mobilesdk/osx/5.2.0.GA/mobileweb/themes/default/UI/TableViewRow/detailActive.png => /Users/JarrodSmith/GitHub/AVF1604_Smith_Jarrod/All Things Weather/build/mobileweb/themes/default/UI/TableViewRow/detailActive.png
[DEBUG]  Copying /Users/JarrodSmith/Library/Application Support/Titanium/mobilesdk/osx/5.2.0.GA/mobileweb/themes/default/default.css => /Users/JarrodSmith/GitHub/AVF1604_Smith_Jarrod/All Things Weather/build/mobileweb/themes/default/default.css
[DEBUG]  Copying /Users/JarrodSmith/GitHub/AVF1604_Smith_Jarrod/All Things Weather/Resources/KS_nav_ui.png => /Users/JarrodSmith/GitHub/AVF1604_Smith_Jarrod/All Things Weather/build/mobileweb/KS_nav_ui.png
[DEBUG]  Copying /Users/JarrodSmith/GitHub/AVF1604_Smith_Jarrod/All Things Weather/Resources/KS_nav_views.png => /Users/JarrodSmith/GitHub/AVF1604_Smith_Jarrod/All Things Weather/build/mobileweb/KS_nav_views.png
[DEBUG]  Copying /Users/JarrodSmith/GitHub/AVF1604_Smith_Jarrod/All Things Weather/Resources/app.js => /Users/JarrodSmith/GitHub/AVF1604_Smith_Jarrod/All Things Weather/build/mobileweb/app.js
[DEBUG]  Copying /Users/JarrodSmith/GitHub/AVF1604_Smith_Jarrod/All Things Weather/Resources/infoDisplay.js => /Users/JarrodSmith/GitHub/AVF1604_Smith_Jarrod/All Things Weather/build/mobileweb/infoDisplay.js
[DEBUG]  Copying /Users/JarrodSmith/GitHub/AVF1604_Smith_Jarrod/All Things Weather/Resources/location.js => /Users/JarrodSmith/GitHub/AVF1604_Smith_Jarrod/All Things Weather/build/mobileweb/location.js
[DEBUG]  Copying /Users/JarrodSmith/GitHub/AVF1604_Smith_Jarrod/All Things Weather/Resources/network.js => /Users/JarrodSmith/GitHub/AVF1604_Smith_Jarrod/All Things Weather/build/mobileweb/network.js
[DEBUG]  Copying /Users/JarrodSmith/GitHub/AVF1604_Smith_Jarrod/All Things Weather/Resources/mobileweb/appicon.png => /Users/JarrodSmith/GitHub/AVF1604_Smith_Jarrod/All Things Weather/build/mobileweb/appicon.png
[DEBUG]  Copying /Users/JarrodSmith/GitHub/AVF1604_Smith_Jarrod/All Things Weather/Resources/mobileweb/apple_startup_images/Default.png => /Users/JarrodSmith/GitHub/AVF1604_Smith_Jarrod/All Things Weather/build/mobileweb/Default.png
[DEBUG]  Copying /Users/JarrodSmith/GitHub/AVF1604_Smith_Jarrod/All Things Weather/Resources/mobileweb/apple_startup_images/Default-Portrait.png => /Users/JarrodSmith/GitHub/AVF1604_Smith_Jarrod/All Things Weather/build/mobileweb/Default-Portrait.png
[DEBUG]  Copying /Users/JarrodSmith/GitHub/AVF1604_Smith_Jarrod/All Things Weather/Resources/mobileweb/apple_startup_images/Default-Landscape.png => /Users/JarrodSmith/GitHub/AVF1604_Smith_Jarrod/All Things Weather/build/mobileweb/Default-Landscape.png
[INFO]   Finding all Titanium API dependencies
[INFO]   Creating favicon and Apple touch icons
[DEBUG]  Copying /Users/JarrodSmith/GitHub/AVF1604_Smith_Jarrod/All Things Weather/Resources/mobileweb/appicon.png => /Users/JarrodSmith/GitHub/AVF1604_Smith_Jarrod/All Things Weather/build/mobileweb/appicon.png
[TRACE]  Resizing images: java -jar "/Users/JarrodSmith/Library/Application Support/Titanium/mobilesdk/osx/5.2.0.GA/node_modules/node-appc/tools/resizer/resizer.jar" "/Users/JarrodSmith/GitHub/AVF1604_Smith_Jarrod/All Things Weather/Resources/mobileweb/appicon.png" "/Users/JarrodSmith/GitHub/AVF1604_Smith_Jarrod/All Things Weather/build/mobileweb/favicon.png" 16 16 "/Users/JarrodSmith/GitHub/AVF1604_Smith_Jarrod/All Things Weather/build/mobileweb/apple-touch-icon-precomposed.png" 57 57 "/Users/JarrodSmith/GitHub/AVF1604_Smith_Jarrod/All Things Weather/build/mobileweb/apple-touch-icon-57x57-precomposed.png" 57 57 "/Users/JarrodSmith/GitHub/AVF1604_Smith_Jarrod/All Things Weather/build/mobileweb/apple-touch-icon-72x72-precomposed.png" 72 72 "/Users/JarrodSmith/GitHub/AVF1604_Smith_Jarrod/All Things Weather/build/mobileweb/apple-touch-icon-114x114-precomposed.png" 114 114 "/Users/JarrodSmith/GitHub/AVF1604_Smith_Jarrod/All Things Weather/build/mobileweb/appicon144.png" 144 144
[INFO]   Finding all required modules to be cached
[INFO]   Finding all precached modules
[INFO]   Finding all precached images
[INFO]   Finding all distinct cached modules
[INFO]   Found 112 dependencies, 1 package, 112 modules
[INFO]   Assembling titanium.js
[INFO]   Processing splash screen
[INFO]   Assembling titanium.css
[INFO]   Analyzing JavaScript
[DEBUG]  Analyzing /Users/JarrodSmith/GitHub/AVF1604_Smith_Jarrod/All Things Weather/build/mobileweb/app.js
[DEBUG]  Analyzing /Users/JarrodSmith/GitHub/AVF1604_Smith_Jarrod/All Things Weather/build/mobileweb/infoDisplay.js
[DEBUG]  Analyzing /Users/JarrodSmith/GitHub/AVF1604_Smith_Jarrod/All Things Weather/build/mobileweb/location.js
[DEBUG]  Analyzing /Users/JarrodSmith/GitHub/AVF1604_Smith_Jarrod/All Things Weather/build/mobileweb/network.js
[DEBUG]  Analyzing /Users/JarrodSmith/GitHub/AVF1604_Smith_Jarrod/All Things Weather/build/mobileweb/titanium/Ti/API.js
[DEBUG]  Analyzing /Users/JarrodSmith/GitHub/AVF1604_Smith_Jarrod/All Things Weather/build/mobileweb/titanium/Ti/Accelerometer.js
[DEBUG]  Analyzing /Users/JarrodSmith/GitHub/AVF1604_Smith_Jarrod/All Things Weather/build/mobileweb/titanium/Ti/Analytics.js
[DEBUG]  Analyzing /Users/JarrodSmith/GitHub/AVF1604_Smith_Jarrod/All Things Weather/build/mobileweb/titanium/Ti/App/Properties.js
[DEBUG]  Analyzing /Users/JarrodSmith/GitHub/AVF1604_Smith_Jarrod/All Things Weather/build/mobileweb/titanium/Ti/App.js
[DEBUG]  Analyzing /Users/JarrodSmith/GitHub/AVF1604_Smith_Jarrod/All Things Weather/build/mobileweb/titanium/Ti/Blob.js
[DEBUG]  Analyzing /Users/JarrodSmith/GitHub/AVF1604_Smith_Jarrod/All Things Weather/build/mobileweb/titanium/Ti/BlobStream.js
[DEBUG]  Analyzing /Users/JarrodSmith/GitHub/AVF1604_Smith_Jarrod/All Things Weather/build/mobileweb/titanium/Ti/Buffer.js
[DEBUG]  Analyzing /Users/JarrodSmith/GitHub/AVF1604_Smith_Jarrod/All Things Weather/build/mobileweb/titanium/Ti/BufferStream.js
[DEBUG]  Analyzing /Users/JarrodSmith/GitHub/AVF1604_Smith_Jarrod/All Things Weather/build/mobileweb/titanium/Ti/Codec.js
[DEBUG]  Analyzing /Users/JarrodSmith/GitHub/AVF1604_Smith_Jarrod/All Things Weather/build/mobileweb/titanium/Ti/Facebook/LoginButton.js
[DEBUG]  Analyzing /Users/JarrodSmith/GitHub/AVF1604_Smith_Jarrod/All Things Weather/build/mobileweb/titanium/Ti/Facebook.js
[DEBUG]  Analyzing /Users/JarrodSmith/GitHub/AVF1604_Smith_Jarrod/All Things Weather/build/mobileweb/titanium/Ti/Filesystem/File.js
[DEBUG]  Analyzing /Users/JarrodSmith/GitHub/AVF1604_Smith_Jarrod/All Things Weather/build/mobileweb/titanium/Ti/Filesystem/FileStream.js
[DEBUG]  Analyzing /Users/JarrodSmith/GitHub/AVF1604_Smith_Jarrod/All Things Weather/build/mobileweb/titanium/Ti/Filesystem.js
[DEBUG]  Analyzing /Users/JarrodSmith/GitHub/AVF1604_Smith_Jarrod/All Things Weather/build/mobileweb/titanium/Ti/Geolocation.js
[DEBUG]  Analyzing /Users/JarrodSmith/GitHub/AVF1604_Smith_Jarrod/All Things Weather/build/mobileweb/titanium/Ti/Gesture.js
[DEBUG]  Analyzing /Users/JarrodSmith/GitHub/AVF1604_Smith_Jarrod/All Things Weather/build/mobileweb/titanium/Ti/IOStream.js
[DEBUG]  Analyzing /Users/JarrodSmith/GitHub/AVF1604_Smith_Jarrod/All Things Weather/build/mobileweb/titanium/Ti/Locale.js
[DEBUG]  Analyzing /Users/JarrodSmith/GitHub/AVF1604_Smith_Jarrod/All Things Weather/build/mobileweb/titanium/Ti/Map/Annotation.js
[DEBUG]  Analyzing /Users/JarrodSmith/GitHub/AVF1604_Smith_Jarrod/All Things Weather/build/mobileweb/titanium/Ti/Map/View.js
[DEBUG]  Analyzing /Users/JarrodSmith/GitHub/AVF1604_Smith_Jarrod/All Things Weather/build/mobileweb/titanium/Ti/Map.js
[DEBUG]  Analyzing /Users/JarrodSmith/GitHub/AVF1604_Smith_Jarrod/All Things Weather/build/mobileweb/titanium/Ti/Media/AudioPlayer.js
[DEBUG]  Analyzing /Users/JarrodSmith/GitHub/AVF1604_Smith_Jarrod/All Things Weather/build/mobileweb/titanium/Ti/Media/Sound.js
[DEBUG]  Analyzing /Users/JarrodSmith/GitHub/AVF1604_Smith_Jarrod/All Things Weather/build/mobileweb/titanium/Ti/Media/VideoPlayer.js
[DEBUG]  Analyzing /Users/JarrodSmith/GitHub/AVF1604_Smith_Jarrod/All Things Weather/build/mobileweb/titanium/Ti/Media.js
[DEBUG]  Analyzing /Users/JarrodSmith/GitHub/AVF1604_Smith_Jarrod/All Things Weather/build/mobileweb/titanium/Ti/Network/HTTPClient.js
[DEBUG]  Analyzing /Users/JarrodSmith/GitHub/AVF1604_Smith_Jarrod/All Things Weather/build/mobileweb/titanium/Ti/Network.js
[DEBUG]  Analyzing /Users/JarrodSmith/GitHub/AVF1604_Smith_Jarrod/All Things Weather/build/mobileweb/titanium/Ti/Platform/DisplayCaps.js
[DEBUG]  Analyzing /Users/JarrodSmith/GitHub/AVF1604_Smith_Jarrod/All Things Weather/build/mobileweb/titanium/Ti/Platform.js
[DEBUG]  Analyzing /Users/JarrodSmith/GitHub/AVF1604_Smith_Jarrod/All Things Weather/build/mobileweb/titanium/Ti/UI/2DMatrix.js
[DEBUG]  Analyzing /Users/JarrodSmith/GitHub/AVF1604_Smith_Jarrod/All Things Weather/build/mobileweb/titanium/Ti/UI/ActivityIndicator.js
[DEBUG]  Analyzing /Users/JarrodSmith/GitHub/AVF1604_Smith_Jarrod/All Things Weather/build/mobileweb/titanium/Ti/UI/ActivityIndicatorStyle.js
[DEBUG]  Analyzing /Users/JarrodSmith/GitHub/AVF1604_Smith_Jarrod/All Things Weather/build/mobileweb/titanium/Ti/UI/AlertDialog.js
[DEBUG]  Analyzing /Users/JarrodSmith/GitHub/AVF1604_Smith_Jarrod/All Things Weather/build/mobileweb/titanium/Ti/UI/Animation.js
[DEBUG]  Analyzing /Users/JarrodSmith/GitHub/AVF1604_Smith_Jarrod/All Things Weather/build/mobileweb/titanium/Ti/UI/Button.js
[DEBUG]  Analyzing /Users/JarrodSmith/GitHub/AVF1604_Smith_Jarrod/All Things Weather/build/mobileweb/titanium/Ti/UI/Clipboard.js
[DEBUG]  Analyzing /Users/JarrodSmith/GitHub/AVF1604_Smith_Jarrod/All Things Weather/build/mobileweb/titanium/Ti/UI/EmailDialog.js
[DEBUG]  Analyzing /Users/JarrodSmith/GitHub/AVF1604_Smith_Jarrod/All Things Weather/build/mobileweb/titanium/Ti/UI/ImageView.js
[DEBUG]  Analyzing /Users/JarrodSmith/GitHub/AVF1604_Smith_Jarrod/All Things Weather/build/mobileweb/titanium/Ti/UI/Label.js
[DEBUG]  Analyzing /Users/JarrodSmith/GitHub/AVF1604_Smith_Jarrod/All Things Weather/build/mobileweb/titanium/Ti/UI/MobileWeb/NavigationGroup.js
[DEBUG]  Analyzing /Users/JarrodSmith/GitHub/AVF1604_Smith_Jarrod/All Things Weather/build/mobileweb/titanium/Ti/UI/MobileWeb/TableViewSeparatorStyle.js
[DEBUG]  Analyzing /Users/JarrodSmith/GitHub/AVF1604_Smith_Jarrod/All Things Weather/build/mobileweb/titanium/Ti/UI/MobileWeb.js
[DEBUG]  Analyzing /Users/JarrodSmith/GitHub/AVF1604_Smith_Jarrod/All Things Weather/build/mobileweb/titanium/Ti/UI/OptionDialog.js
[DEBUG]  Analyzing /Users/JarrodSmith/GitHub/AVF1604_Smith_Jarrod/All Things Weather/build/mobileweb/titanium/Ti/UI/Picker.js
[DEBUG]  Analyzing /Users/JarrodSmith/GitHub/AVF1604_Smith_Jarrod/All Things Weather/build/mobileweb/titanium/Ti/UI/PickerColumn.js
[DEBUG]  Analyzing /Users/JarrodSmith/GitHub/AVF1604_Smith_Jarrod/All Things Weather/build/mobileweb/titanium/Ti/UI/PickerRow.js
[DEBUG]  Analyzing /Users/JarrodSmith/GitHub/AVF1604_Smith_Jarrod/All Things Weather/build/mobileweb/titanium/Ti/UI/ProgressBar.js
[DEBUG]  Analyzing /Users/JarrodSmith/GitHub/AVF1604_Smith_Jarrod/All Things Weather/build/mobileweb/titanium/Ti/UI/ScrollView.js
[DEBUG]  Analyzing /Users/JarrodSmith/GitHub/AVF1604_Smith_Jarrod/All Things Weather/build/mobileweb/titanium/Ti/UI/ScrollableView.js
[DEBUG]  Analyzing /Users/JarrodSmith/GitHub/AVF1604_Smith_Jarrod/All Things Weather/build/mobileweb/titanium/Ti/UI/Slider.js
[DEBUG]  Analyzing /Users/JarrodSmith/GitHub/AVF1604_Smith_Jarrod/All Things Weather/build/mobileweb/titanium/Ti/UI/Switch.js
[DEBUG]  Analyzing /Users/JarrodSmith/GitHub/AVF1604_Smith_Jarrod/All Things Weather/build/mobileweb/titanium/Ti/UI/Tab.js
[DEBUG]  Analyzing /Users/JarrodSmith/GitHub/AVF1604_Smith_Jarrod/All Things Weather/build/mobileweb/titanium/Ti/UI/TabGroup.js
[DEBUG]  Analyzing /Users/JarrodSmith/GitHub/AVF1604_Smith_Jarrod/All Things Weather/build/mobileweb/titanium/Ti/UI/TableView.js
[DEBUG]  Analyzing /Users/JarrodSmith/GitHub/AVF1604_Smith_Jarrod/All Things Weather/build/mobileweb/titanium/Ti/UI/TableViewRow.js
[DEBUG]  Analyzing /Users/JarrodSmith/GitHub/AVF1604_Smith_Jarrod/All Things Weather/build/mobileweb/titanium/Ti/UI/TableViewSection.js
[DEBUG]  Analyzing /Users/JarrodSmith/GitHub/AVF1604_Smith_Jarrod/All Things Weather/build/mobileweb/titanium/Ti/UI/TextArea.js
[DEBUG]  Analyzing /Users/JarrodSmith/GitHub/AVF1604_Smith_Jarrod/All Things Weather/build/mobileweb/titanium/Ti/UI/TextField.js
[DEBUG]  Analyzing /Users/JarrodSmith/GitHub/AVF1604_Smith_Jarrod/All Things Weather/build/mobileweb/titanium/Ti/UI/View.js
[DEBUG]  Analyzing /Users/JarrodSmith/GitHub/AVF1604_Smith_Jarrod/All Things Weather/build/mobileweb/titanium/Ti/UI/WebView.js
[DEBUG]  Analyzing /Users/JarrodSmith/GitHub/AVF1604_Smith_Jarrod/All Things Weather/build/mobileweb/titanium/Ti/UI/Window.js
[DEBUG]  Analyzing /Users/JarrodSmith/GitHub/AVF1604_Smith_Jarrod/All Things Weather/build/mobileweb/titanium/Ti/UI.js
[DEBUG]  Analyzing /Users/JarrodSmith/GitHub/AVF1604_Smith_Jarrod/All Things Weather/build/mobileweb/titanium/Ti/Utils.js
[DEBUG]  Analyzing /Users/JarrodSmith/GitHub/AVF1604_Smith_Jarrod/All Things Weather/build/mobileweb/titanium/Ti/XML.js
[DEBUG]  Analyzing /Users/JarrodSmith/GitHub/AVF1604_Smith_Jarrod/All Things Weather/build/mobileweb/titanium/Ti/Yahoo.js
[DEBUG]  Analyzing /Users/JarrodSmith/GitHub/AVF1604_Smith_Jarrod/All Things Weather/build/mobileweb/titanium/Ti/_/Evented.js
[DEBUG]  Analyzing /Users/JarrodSmith/GitHub/AVF1604_Smith_Jarrod/All Things Weather/build/mobileweb/titanium/Ti/_/Filesystem/Local.js
[DEBUG]  Analyzing /Users/JarrodSmith/GitHub/AVF1604_Smith_Jarrod/All Things Weather/build/mobileweb/titanium/Ti/_/Gestures/DoubleTap.js
[DEBUG]  Analyzing /Users/JarrodSmith/GitHub/AVF1604_Smith_Jarrod/All Things Weather/build/mobileweb/titanium/Ti/_/Gestures/Dragging.js
[DEBUG]  Analyzing /Users/JarrodSmith/GitHub/AVF1604_Smith_Jarrod/All Things Weather/build/mobileweb/titanium/Ti/_/Gestures/LongPress.js
[DEBUG]  Analyzing /Users/JarrodSmith/GitHub/AVF1604_Smith_Jarrod/All Things Weather/build/mobileweb/titanium/Ti/_/Gestures/Pinch.js
[DEBUG]  Analyzing /Users/JarrodSmith/GitHub/AVF1604_Smith_Jarrod/All Things Weather/build/mobileweb/titanium/Ti/_/Gestures/SingleTap.js
[DEBUG]  Analyzing /Users/JarrodSmith/GitHub/AVF1604_Smith_Jarrod/All Things Weather/build/mobileweb/titanium/Ti/_/Gestures/Swipe.js
[DEBUG]  Analyzing /Users/JarrodSmith/GitHub/AVF1604_Smith_Jarrod/All Things Weather/build/mobileweb/titanium/Ti/_/Gestures/TouchCancel.js
[DEBUG]  Analyzing /Users/JarrodSmith/GitHub/AVF1604_Smith_Jarrod/All Things Weather/build/mobileweb/titanium/Ti/_/Gestures/TouchEnd.js
[DEBUG]  Analyzing /Users/JarrodSmith/GitHub/AVF1604_Smith_Jarrod/All Things Weather/build/mobileweb/titanium/Ti/_/Gestures/TouchMove.js
[DEBUG]  Analyzing /Users/JarrodSmith/GitHub/AVF1604_Smith_Jarrod/All Things Weather/build/mobileweb/titanium/Ti/_/Gestures/TouchStart.js
[DEBUG]  Analyzing /Users/JarrodSmith/GitHub/AVF1604_Smith_Jarrod/All Things Weather/build/mobileweb/titanium/Ti/_/Gestures/TwoFingerTap.js
[DEBUG]  Analyzing /Users/JarrodSmith/GitHub/AVF1604_Smith_Jarrod/All Things Weather/build/mobileweb/titanium/Ti/_/Layouts/Base.js
[DEBUG]  Analyzing /Users/JarrodSmith/GitHub/AVF1604_Smith_Jarrod/All Things Weather/build/mobileweb/titanium/Ti/_/Layouts/Composite.js
[DEBUG]  Analyzing /Users/JarrodSmith/GitHub/AVF1604_Smith_Jarrod/All Things Weather/build/mobileweb/titanium/Ti/_/Layouts/ConstrainingHorizontal.js
[DEBUG]  Analyzing /Users/JarrodSmith/GitHub/AVF1604_Smith_Jarrod/All Things Weather/build/mobileweb/titanium/Ti/_/Layouts/ConstrainingVertical.js
[DEBUG]  Analyzing /Users/JarrodSmith/GitHub/AVF1604_Smith_Jarrod/All Things Weather/build/mobileweb/titanium/Ti/_/Layouts/Horizontal.js
[DEBUG]  Analyzing /Users/JarrodSmith/GitHub/AVF1604_Smith_Jarrod/All Things Weather/build/mobileweb/titanium/Ti/_/Layouts/Vertical.js
[DEBUG]  Analyzing /Users/JarrodSmith/GitHub/AVF1604_Smith_Jarrod/All Things Weather/build/mobileweb/titanium/Ti/_/Layouts.js
[DEBUG]  Analyzing /Users/JarrodSmith/GitHub/AVF1604_Smith_Jarrod/All Things Weather/build/mobileweb/titanium/Ti/_/Map/Google.js
[DEBUG]  Analyzing /Users/JarrodSmith/GitHub/AVF1604_Smith_Jarrod/All Things Weather/build/mobileweb/titanium/Ti/_/UI/Element.js
[DEBUG]  Analyzing /Users/JarrodSmith/GitHub/AVF1604_Smith_Jarrod/All Things Weather/build/mobileweb/titanium/Ti/_/UI/FontWidget.js
[DEBUG]  Analyzing /Users/JarrodSmith/GitHub/AVF1604_Smith_Jarrod/All Things Weather/build/mobileweb/titanium/Ti/_/UI/KineticScrollView.js
[DEBUG]  Analyzing /Users/JarrodSmith/GitHub/AVF1604_Smith_Jarrod/All Things Weather/build/mobileweb/titanium/Ti/_/UI/SuperView.js
[DEBUG]  Analyzing /Users/JarrodSmith/GitHub/AVF1604_Smith_Jarrod/All Things Weather/build/mobileweb/titanium/Ti/_/UI/TextBox.js
[DEBUG]  Analyzing /Users/JarrodSmith/GitHub/AVF1604_Smith_Jarrod/All Things Weather/build/mobileweb/titanium/Ti/_/UI/WebViewBridge.js
[DEBUG]  Analyzing /Users/JarrodSmith/GitHub/AVF1604_Smith_Jarrod/All Things Weather/build/mobileweb/titanium/Ti/_/UI/Widget.js
[DEBUG]  Analyzing /Users/JarrodSmith/GitHub/AVF1604_Smith_Jarrod/All Things Weather/build/mobileweb/titanium/Ti/_/analytics.js
[DEBUG]  Analyzing /Users/JarrodSmith/GitHub/AVF1604_Smith_Jarrod/All Things Weather/build/mobileweb/titanium/Ti/_/browser.js
[DEBUG]  Analyzing /Users/JarrodSmith/GitHub/AVF1604_Smith_Jarrod/All Things Weather/build/mobileweb/titanium/Ti/_/colors.js
[DEBUG]  Analyzing /Users/JarrodSmith/GitHub/AVF1604_Smith_Jarrod/All Things Weather/build/mobileweb/titanium/Ti/_/css.js
[DEBUG]  Analyzing /Users/JarrodSmith/GitHub/AVF1604_Smith_Jarrod/All Things Weather/build/mobileweb/titanium/Ti/_/declare.js
[DEBUG]  Analyzing /Users/JarrodSmith/GitHub/AVF1604_Smith_Jarrod/All Things Weather/build/mobileweb/titanium/Ti/_/dom.js
[DEBUG]  Analyzing /Users/JarrodSmith/GitHub/AVF1604_Smith_Jarrod/All Things Weather/build/mobileweb/titanium/Ti/_/encoding.js
[DEBUG]  Analyzing /Users/JarrodSmith/GitHub/AVF1604_Smith_Jarrod/All Things Weather/build/mobileweb/titanium/Ti/_/event.js
[DEBUG]  Analyzing /Users/JarrodSmith/GitHub/AVF1604_Smith_Jarrod/All Things Weather/build/mobileweb/titanium/Ti/_/has.js
[DEBUG]  Analyzing /Users/JarrodSmith/GitHub/AVF1604_Smith_Jarrod/All Things Weather/build/mobileweb/titanium/Ti/_/image.js
[DEBUG]  Analyzing /Users/JarrodSmith/GitHub/AVF1604_Smith_Jarrod/All Things Weather/build/mobileweb/titanium/Ti/_/include.js
[DEBUG]  Analyzing /Users/JarrodSmith/GitHub/AVF1604_Smith_Jarrod/All Things Weather/build/mobileweb/titanium/Ti/_/lang.js
[DEBUG]  Analyzing /Users/JarrodSmith/GitHub/AVF1604_Smith_Jarrod/All Things Weather/build/mobileweb/titanium/Ti/_/ready.js
[DEBUG]  Analyzing /Users/JarrodSmith/GitHub/AVF1604_Smith_Jarrod/All Things Weather/build/mobileweb/titanium/Ti/_/string.js
[DEBUG]  Analyzing /Users/JarrodSmith/GitHub/AVF1604_Smith_Jarrod/All Things Weather/build/mobileweb/titanium/Ti/_/style.js
[DEBUG]  Analyzing /Users/JarrodSmith/GitHub/AVF1604_Smith_Jarrod/All Things Weather/build/mobileweb/titanium/Ti/_/text.js
[DEBUG]  Analyzing /Users/JarrodSmith/GitHub/AVF1604_Smith_Jarrod/All Things Weather/build/mobileweb/titanium/Ti/_.js
[DEBUG]  Analyzing /Users/JarrodSmith/GitHub/AVF1604_Smith_Jarrod/All Things Weather/build/mobileweb/titanium/Ti.js
[DEBUG]  Analyzing /Users/JarrodSmith/GitHub/AVF1604_Smith_Jarrod/All Things Weather/build/mobileweb/titanium.js
[INFO]   Creating the filesystem registry
[INFO]   Creating the index.html
[INFO]   Project built successfully in 2s 863ms
