
4/14/2016, 8:36:04 PM

Operating System
  Name                        = Mac OS X
  Version                     = 10.11.4
  Architecture                = 64bit
  # CPUs                      = 8
  Memory                      = 17179869184

Node.js
  Node.js Version             = 4.3.1
  npm Version                 = 2.14.12

Titanium CLI
  CLI Version                 = 5.0.6

Titanium SDK
  SDK Version                 = 5.2.0.GA
  SDK Path                    = /Users/JarrodSmith/Library/Application Support/Titanium/mobilesdk/osx/5.2.0.GA
  Target Platform             = iphone

Command
  /usr/local/bin/node /Users/JarrodSmith/.appcelerator/install/5.2.0/package/node_modules/titanium/lib/titanium.js build run --platform ios --log-level trace --sdk 5.2.0.GA --project-dir /Users/JarrodSmith/GitHub/AVF1604_Smith_Jarrod/All Things Weather --target simulator --ios-version 9.3 --device-family universal --sim-type iphone --sim-version 9.0 --device-id A5E51A24-02BF-4762-B967-E6B103F89D27 --skip-js-minify --liveview --deploy-type development --no-colors --no-progress-bars --no-prompt --prompt-type socket-bundle --prompt-port 49616 --config-file /var/folders/zk/r7vy3c8503792qfczh43dhfw0000gn/T/build-1460684162540.json --no-banner --project-dir /Users/JarrodSmith/GitHub/AVF1604_Smith_Jarrod/All Things Weather

[TRACE]  [ioslib] Validating iOS Simulator UDID A5E51A24-02BF-4762-B967-E6B103F89D27
[TRACE]  [ioslib] Found iOS Simulator UDID A5E51A24-02BF-4762-B967-E6B103F89D27
[TRACE]  [ioslib] Selected iOS Simulator: iPhone 6
[TRACE]  [ioslib]   UDID    = A5E51A24-02BF-4762-B967-E6B103F89D27
[TRACE]  [ioslib]   iOS     = 9.0
[TRACE]  [ioslib] Autoselected Xcode: 7.3
[DEBUG]  Detecting modules in /Users/JarrodSmith/Library/Application Support/Titanium/modules
[DEBUG]  Detected android module: facebook 4.0.5 @ /Users/JarrodSmith/Library/Application Support/Titanium/modules/android/facebook/4.0.5
[DEBUG]  Detected android module: facebook 5.0.0 @ /Users/JarrodSmith/Library/Application Support/Titanium/modules/android/facebook/5.0.0
[DEBUG]  Detected android module: ti.cloudpush 3.4.0 @ /Users/JarrodSmith/Library/Application Support/Titanium/modules/android/ti.cloudpush/3.4.0
[DEBUG]  Detected android module: ti.cloudpush 3.4.1 @ /Users/JarrodSmith/Library/Application Support/Titanium/modules/android/ti.cloudpush/3.4.1
[DEBUG]  Detected android module: ti.map 2.3.4 @ /Users/JarrodSmith/Library/Application Support/Titanium/modules/android/ti.map/2.3.4
[DEBUG]  Detected android module: ti.map 2.3.6 @ /Users/JarrodSmith/Library/Application Support/Titanium/modules/android/ti.map/2.3.6
[DEBUG]  Detected commonjs module: ti.cloud 3.2.10 @ /Users/JarrodSmith/Library/Application Support/Titanium/modules/commonjs/ti.cloud/3.2.10
[DEBUG]  Detected commonjs module: ti.cloud 3.2.9 @ /Users/JarrodSmith/Library/Application Support/Titanium/modules/commonjs/ti.cloud/3.2.9
[DEBUG]  Detected iphone module: com.appcelerator.urlSession 2.0.0 @ /Users/JarrodSmith/Library/Application Support/Titanium/modules/iphone/com.appcelerator.urlSession/2.0.0
[DEBUG]  Detected iphone module: facebook 4.0.5 @ /Users/JarrodSmith/Library/Application Support/Titanium/modules/iphone/facebook/4.0.5
[DEBUG]  Detected iphone module: facebook 5.0.1 @ /Users/JarrodSmith/Library/Application Support/Titanium/modules/iphone/facebook/5.0.1
[DEBUG]  Detected iphone module: ti.coremotion 1.1.0 @ /Users/JarrodSmith/Library/Application Support/Titanium/modules/iphone/ti.coremotion/1.1.0
[DEBUG]  Detected iphone module: ti.coremotion 2.0.0 @ /Users/JarrodSmith/Library/Application Support/Titanium/modules/iphone/ti.coremotion/2.0.0
[DEBUG]  Detected iphone module: ti.map 2.4.1 @ /Users/JarrodSmith/Library/Application Support/Titanium/modules/iphone/ti.map/2.4.1
[DEBUG]  Detected iphone module: ti.map 2.5.2 @ /Users/JarrodSmith/Library/Application Support/Titanium/modules/iphone/ti.map/2.5.2
[DEBUG]  Detected iphone module: ti.safaridialog 1.0.2 @ /Users/JarrodSmith/Library/Application Support/Titanium/modules/iphone/ti.safaridialog/1.0.2
[DEBUG]  Detected iphone module: ti.safaridialog 1.0.3 @ /Users/JarrodSmith/Library/Application Support/Titanium/modules/iphone/ti.safaridialog/1.0.3
[DEBUG]  Detected iphone module: ti.safaridialog 1.0.5 @ /Users/JarrodSmith/Library/Application Support/Titanium/modules/iphone/ti.safaridialog/1.0.5
[DEBUG]  Detected iphone module: ti.touchid 1.2.0 @ /Users/JarrodSmith/Library/Application Support/Titanium/modules/iphone/ti.touchid/1.2.0
[DEBUG]  No project level plugins to load
[TRACE]  Snapshotting build directory
[DEBUG]  Titanium SDK iOS directory: /Users/JarrodSmith/Library/Application Support/Titanium/mobilesdk/osx/5.2.0.GA/iphone
[INFO]   Deploy type: development
[INFO]   Building for target: simulator
[INFO]   Building using iOS SDK: 9.3
[INFO]   Building for iOS Simulator: iPhone 6
[DEBUG]  UDID: A5E51A24-02BF-4762-B967-E6B103F89D27
[DEBUG]  Simulator type: iphone
[DEBUG]  Simulator version: 9.0
[INFO]   Building for device family: universal
[DEBUG]  Setting Xcode target to Debug
[DEBUG]  Setting Xcode build OS to iphonesimulator
[DEBUG]  Xcode installation: /Applications/Xcode.app/Contents/Developer
[DEBUG]  iOS WWDR certificate: installed
[INFO]   Minimum iOS version: 7.1
[INFO]   Debugging disabled
[INFO]   Profiler disabled
[INFO]   Set to copy files instead of symlinking
[INFO]   Initializing the build directory
[TRACE]  offline build file /var/folders/zk/r7vy3c8503792qfczh43dhfw0000gn/T/build-22d1e27b70315c2b37b1287d56c439c71768ab9c.json
[TRACE]  online 1
[TRACE]  optimizing build, last build was 8897.273 sec ago
[INFO]   Creating Xcode project
[TRACE]  Removing pre-compile phase
[TRACE]  No native module libraries to add
[TRACE]  No extensions to add
[TRACE]  No change, skipping /Users/JarrodSmith/GitHub/AVF1604_Smith_Jarrod/All Things Weather/build/iphone/All Things Weather.xcodeproj/project.pbxproj
[INFO]   Creating Entitlements.plist
[TRACE]  No change, skipping /Users/JarrodSmith/GitHub/AVF1604_Smith_Jarrod/All Things Weather/build/iphone/All Things Weather.entitlements
[INFO]   Creating Info.plist
[INFO]   Disabling ATS
[INFO]   Forcing rebuild: Info.plist changed since last build
[DEBUG]  Writing /Users/JarrodSmith/GitHub/AVF1604_Smith_Jarrod/All Things Weather/build/iphone/Info.plist
[INFO]   Creating main.m
[TRACE]  No change, skipping /Users/JarrodSmith/GitHub/AVF1604_Smith_Jarrod/All Things Weather/build/iphone/main.m
[INFO]   Creating Xcode config files
[TRACE]  No change, skipping /Users/JarrodSmith/GitHub/AVF1604_Smith_Jarrod/All Things Weather/build/iphone/project.xcconfig
[TRACE]  No change, skipping /Users/JarrodSmith/GitHub/AVF1604_Smith_Jarrod/All Things Weather/build/iphone/module.xcconfig
[INFO]   Copying Titanium libraries
[TRACE]  No change, skipping /Users/JarrodSmith/GitHub/AVF1604_Smith_Jarrod/All Things Weather/build/iphone/lib/libTiCore.a
[TRACE]  No change, skipping /Users/JarrodSmith/GitHub/AVF1604_Smith_Jarrod/All Things Weather/build/iphone/lib/libtiverify.a
[TRACE]  No change, skipping /Users/JarrodSmith/GitHub/AVF1604_Smith_Jarrod/All Things Weather/build/iphone/lib/libti_ios_debugger.a
[TRACE]  No change, skipping /Users/JarrodSmith/GitHub/AVF1604_Smith_Jarrod/All Things Weather/build/iphone/lib/libti_ios_profiler.a
[INFO]   Copying Titanium iOS files
[TRACE]  Skipping Classes/ApplicationRouting.m, it'll be processed later
[TRACE]  No change, skipping /Users/JarrodSmith/GitHub/AVF1604_Smith_Jarrod/All Things Weather/build/iphone/All_Things_Weather_Prefix.pch
[TRACE]  No change, skipping /Users/JarrodSmith/GitHub/AVF1604_Smith_Jarrod/All Things Weather/build/iphone/All Things Weather.xcodeproj/xcshareddata/xcschemes/All_Things_Weather.xcscheme
[INFO]   Installing default LaunchScreen.storyboard
[TRACE]  No change, skipping /Users/JarrodSmith/GitHub/AVF1604_Smith_Jarrod/All Things Weather/build/iphone/LaunchScreen.storyboard
[INFO]   Creating debugger and profiler plists
[DEBUG]  Skipping /Users/JarrodSmith/GitHub/AVF1604_Smith_Jarrod/All Things Weather/build/iphone/build/Products/Debug-iphonesimulator/All Things Weather.app/debugger.plist
[DEBUG]  Skipping /Users/JarrodSmith/GitHub/AVF1604_Smith_Jarrod/All Things Weather/build/iphone/build/Products/Debug-iphonesimulator/All Things Weather.app/profiler.plist
[INFO]   Analyzing Resources directory
[INFO]   Analyzing platform files
[INFO]   Analyzing module files
[INFO]   Analyzing localized launch images
[INFO]   Analyzing CommonJS modules
[INFO]   Creating asset catalog
[TRACE]  No change, skipping /Users/JarrodSmith/GitHub/AVF1604_Smith_Jarrod/All Things Weather/build/iphone/Assets.xcassets/Contents.json
[INFO]   Creating app icon set
[TRACE]  Found generated 29x29 app icon: /Users/JarrodSmith/GitHub/AVF1604_Smith_Jarrod/All Things Weather/build/iphone/Assets.xcassets/AppIcon.appiconset/appicon-Small.png
[TRACE]  Found generated 58x58 app icon: /Users/JarrodSmith/GitHub/AVF1604_Smith_Jarrod/All Things Weather/build/iphone/Assets.xcassets/AppIcon.appiconset/appicon-Small@2x.png
[TRACE]  Found generated 87x87 app icon: /Users/JarrodSmith/GitHub/AVF1604_Smith_Jarrod/All Things Weather/build/iphone/Assets.xcassets/AppIcon.appiconset/appicon-Small@3x.png
[TRACE]  Found generated 40x40 app icon: /Users/JarrodSmith/GitHub/AVF1604_Smith_Jarrod/All Things Weather/build/iphone/Assets.xcassets/AppIcon.appiconset/appicon-Small-40.png
[TRACE]  Found generated 80x80 app icon: /Users/JarrodSmith/GitHub/AVF1604_Smith_Jarrod/All Things Weather/build/iphone/Assets.xcassets/AppIcon.appiconset/appicon-Small-40@2x.png
[TRACE]  Found generated 120x120 app icon: /Users/JarrodSmith/GitHub/AVF1604_Smith_Jarrod/All Things Weather/build/iphone/Assets.xcassets/AppIcon.appiconset/appicon-Small-40@3x.png
[TRACE]  Found generated 120x120 app icon: /Users/JarrodSmith/GitHub/AVF1604_Smith_Jarrod/All Things Weather/build/iphone/Assets.xcassets/AppIcon.appiconset/appicon-60@2x.png
[TRACE]  Found generated 180x180 app icon: /Users/JarrodSmith/GitHub/AVF1604_Smith_Jarrod/All Things Weather/build/iphone/Assets.xcassets/AppIcon.appiconset/appicon-60@3x.png
[TRACE]  Found generated 76x76 app icon: /Users/JarrodSmith/GitHub/AVF1604_Smith_Jarrod/All Things Weather/build/iphone/Assets.xcassets/AppIcon.appiconset/appicon-76.png
[TRACE]  Found generated 152x152 app icon: /Users/JarrodSmith/GitHub/AVF1604_Smith_Jarrod/All Things Weather/build/iphone/Assets.xcassets/AppIcon.appiconset/appicon-76@2x.png
[TRACE]  Found generated 167x167 app icon: /Users/JarrodSmith/GitHub/AVF1604_Smith_Jarrod/All Things Weather/build/iphone/Assets.xcassets/AppIcon.appiconset/appicon-83.5@2x.png
[TRACE]  No change, skipping /Users/JarrodSmith/GitHub/AVF1604_Smith_Jarrod/All Things Weather/build/iphone/Assets.xcassets/AppIcon.appiconset/Contents.json
[INFO]   Creating launch logo image set
[TRACE]  Found generated 320x320 launch logo: /Users/JarrodSmith/GitHub/AVF1604_Smith_Jarrod/All Things Weather/build/iphone/Assets.xcassets/LaunchLogo.imageset/LaunchLogo~iphone.png
[TRACE]  Found generated 374x374 launch logo: /Users/JarrodSmith/GitHub/AVF1604_Smith_Jarrod/All Things Weather/build/iphone/Assets.xcassets/LaunchLogo.imageset/LaunchLogo@2x~iphone.png
[TRACE]  Found generated 621x621 launch logo: /Users/JarrodSmith/GitHub/AVF1604_Smith_Jarrod/All Things Weather/build/iphone/Assets.xcassets/LaunchLogo.imageset/LaunchLogo@3x~iphone.png
[TRACE]  Found generated 384x384 launch logo: /Users/JarrodSmith/GitHub/AVF1604_Smith_Jarrod/All Things Weather/build/iphone/Assets.xcassets/LaunchLogo.imageset/LaunchLogo~ipad.png
[TRACE]  Found generated 1024x1024 launch logo: /Users/JarrodSmith/GitHub/AVF1604_Smith_Jarrod/All Things Weather/build/iphone/Assets.xcassets/LaunchLogo.imageset/LaunchLogo@2x~ipad.png
[TRACE]  No change, skipping /Users/JarrodSmith/GitHub/AVF1604_Smith_Jarrod/All Things Weather/build/iphone/Assets.xcassets/LaunchLogo.imageset/Contents.json
[INFO]   Creating launch image set
[DEBUG]  Unsupported launch image Resources/iphone/Default.png, skipping
[TRACE]  No change, skipping /Users/JarrodSmith/GitHub/AVF1604_Smith_Jarrod/All Things Weather/build/iphone/Assets.xcassets/LaunchImage.launchimage/Contents.json
[INFO]   App thinning disabled, skipping asset image sets
[DEBUG]  Copying resources
[TRACE]  No change, skipping /Users/JarrodSmith/GitHub/AVF1604_Smith_Jarrod/All Things Weather/build/iphone/build/Products/Debug-iphonesimulator/All Things Weather.app/KS_nav_ui.png
[DEBUG]  Overwriting /Users/JarrodSmith/GitHub/AVF1604_Smith_Jarrod/All Things Weather/Resources/KS_nav_ui.png => /Users/JarrodSmith/GitHub/AVF1604_Smith_Jarrod/All Things Weather/build/iphone/build/Products/Debug-iphonesimulator/All Things Weather.app/KS_nav_ui.png
[TRACE]  No change, skipping /Users/JarrodSmith/GitHub/AVF1604_Smith_Jarrod/All Things Weather/build/iphone/build/Products/Debug-iphonesimulator/All Things Weather.app/KS_nav_views.png
[DEBUG]  Overwriting /Users/JarrodSmith/GitHub/AVF1604_Smith_Jarrod/All Things Weather/Resources/KS_nav_views.png => /Users/JarrodSmith/GitHub/AVF1604_Smith_Jarrod/All Things Weather/build/iphone/build/Products/Debug-iphonesimulator/All Things Weather.app/KS_nav_views.png
[TRACE]  No change, skipping /Users/JarrodSmith/GitHub/AVF1604_Smith_Jarrod/All Things Weather/build/iphone/Assets.xcassets/LaunchImage.launchimage/Default-568h@2x.png
[DEBUG]  Overwriting /Users/JarrodSmith/GitHub/AVF1604_Smith_Jarrod/All Things Weather/Resources/iphone/Default-568h@2x.png => /Users/JarrodSmith/GitHub/AVF1604_Smith_Jarrod/All Things Weather/build/iphone/Assets.xcassets/LaunchImage.launchimage/Default-568h@2x.png
[TRACE]  No change, skipping /Users/JarrodSmith/GitHub/AVF1604_Smith_Jarrod/All Things Weather/build/iphone/Assets.xcassets/LaunchImage.launchimage/Default-667h@2x.png
[DEBUG]  Overwriting /Users/JarrodSmith/GitHub/AVF1604_Smith_Jarrod/All Things Weather/Resources/iphone/Default-667h@2x.png => /Users/JarrodSmith/GitHub/AVF1604_Smith_Jarrod/All Things Weather/build/iphone/Assets.xcassets/LaunchImage.launchimage/Default-667h@2x.png
[TRACE]  No change, skipping /Users/JarrodSmith/GitHub/AVF1604_Smith_Jarrod/All Things Weather/build/iphone/Assets.xcassets/LaunchImage.launchimage/Default-Landscape-736h@3x.png
[DEBUG]  Overwriting /Users/JarrodSmith/GitHub/AVF1604_Smith_Jarrod/All Things Weather/Resources/iphone/Default-Landscape-736h@3x.png => /Users/JarrodSmith/GitHub/AVF1604_Smith_Jarrod/All Things Weather/build/iphone/Assets.xcassets/LaunchImage.launchimage/Default-Landscape-736h@3x.png
[TRACE]  No change, skipping /Users/JarrodSmith/GitHub/AVF1604_Smith_Jarrod/All Things Weather/build/iphone/Assets.xcassets/LaunchImage.launchimage/Default-Landscape.png
[DEBUG]  Overwriting /Users/JarrodSmith/GitHub/AVF1604_Smith_Jarrod/All Things Weather/Resources/iphone/Default-Landscape.png => /Users/JarrodSmith/GitHub/AVF1604_Smith_Jarrod/All Things Weather/build/iphone/Assets.xcassets/LaunchImage.launchimage/Default-Landscape.png
[TRACE]  No change, skipping /Users/JarrodSmith/GitHub/AVF1604_Smith_Jarrod/All Things Weather/build/iphone/Assets.xcassets/LaunchImage.launchimage/Default-Landscape@2x.png
[DEBUG]  Overwriting /Users/JarrodSmith/GitHub/AVF1604_Smith_Jarrod/All Things Weather/Resources/iphone/Default-Landscape@2x.png => /Users/JarrodSmith/GitHub/AVF1604_Smith_Jarrod/All Things Weather/build/iphone/Assets.xcassets/LaunchImage.launchimage/Default-Landscape@2x.png
[TRACE]  No change, skipping /Users/JarrodSmith/GitHub/AVF1604_Smith_Jarrod/All Things Weather/build/iphone/Assets.xcassets/LaunchImage.launchimage/Default-Portrait-736h@3x.png
[DEBUG]  Overwriting /Users/JarrodSmith/GitHub/AVF1604_Smith_Jarrod/All Things Weather/Resources/iphone/Default-Portrait-736h@3x.png => /Users/JarrodSmith/GitHub/AVF1604_Smith_Jarrod/All Things Weather/build/iphone/Assets.xcassets/LaunchImage.launchimage/Default-Portrait-736h@3x.png
[TRACE]  No change, skipping /Users/JarrodSmith/GitHub/AVF1604_Smith_Jarrod/All Things Weather/build/iphone/Assets.xcassets/LaunchImage.launchimage/Default-Portrait.png
[DEBUG]  Overwriting /Users/JarrodSmith/GitHub/AVF1604_Smith_Jarrod/All Things Weather/Resources/iphone/Default-Portrait.png => /Users/JarrodSmith/GitHub/AVF1604_Smith_Jarrod/All Things Weather/build/iphone/Assets.xcassets/LaunchImage.launchimage/Default-Portrait.png
[TRACE]  No change, skipping /Users/JarrodSmith/GitHub/AVF1604_Smith_Jarrod/All Things Weather/build/iphone/Assets.xcassets/LaunchImage.launchimage/Default-Portrait@2x.png
[DEBUG]  Overwriting /Users/JarrodSmith/GitHub/AVF1604_Smith_Jarrod/All Things Weather/Resources/iphone/Default-Portrait@2x.png => /Users/JarrodSmith/GitHub/AVF1604_Smith_Jarrod/All Things Weather/build/iphone/Assets.xcassets/LaunchImage.launchimage/Default-Portrait@2x.png
[TRACE]  No change, skipping /Users/JarrodSmith/GitHub/AVF1604_Smith_Jarrod/All Things Weather/build/iphone/Assets.xcassets/LaunchImage.launchimage/Default@2x.png
[DEBUG]  Overwriting /Users/JarrodSmith/GitHub/AVF1604_Smith_Jarrod/All Things Weather/Resources/iphone/Default@2x.png => /Users/JarrodSmith/GitHub/AVF1604_Smith_Jarrod/All Things Weather/build/iphone/Assets.xcassets/LaunchImage.launchimage/Default@2x.png
[DEBUG]  Copying CSS files
[INFO]   Processing JavaScript files
[DEBUG]  Overwriting /var/folders/zk/r7vy3c8503792qfczh43dhfw0000gn/T/liveview.js => /Users/JarrodSmith/GitHub/AVF1604_Smith_Jarrod/All Things Weather/build/iphone/build/Products/Debug-iphonesimulator/All Things Weather.app/app.js
[DEBUG]  Overwriting /Users/JarrodSmith/GitHub/AVF1604_Smith_Jarrod/All Things Weather/Resources/infoDisplay.js => /Users/JarrodSmith/GitHub/AVF1604_Smith_Jarrod/All Things Weather/build/iphone/build/Products/Debug-iphonesimulator/All Things Weather.app/infoDisplay.js
[DEBUG]  Overwriting /Users/JarrodSmith/GitHub/AVF1604_Smith_Jarrod/All Things Weather/Resources/location.js => /Users/JarrodSmith/GitHub/AVF1604_Smith_Jarrod/All Things Weather/build/iphone/build/Products/Debug-iphonesimulator/All Things Weather.app/location.js
[DEBUG]  Overwriting /Users/JarrodSmith/GitHub/AVF1604_Smith_Jarrod/All Things Weather/Resources/network.js => /Users/JarrodSmith/GitHub/AVF1604_Smith_Jarrod/All Things Weather/build/iphone/build/Products/Debug-iphonesimulator/All Things Weather.app/network.js
[INFO]   Writing app properties
[TRACE]  No change, skipping /Users/JarrodSmith/GitHub/AVF1604_Smith_Jarrod/All Things Weather/build/iphone/build/Products/Debug-iphonesimulator/All Things Weather.app/_app_props_.json
[DEBUG]  Using default application routing
[TRACE]  No change, skipping /Users/JarrodSmith/GitHub/AVF1604_Smith_Jarrod/All Things Weather/build/iphone/Classes/ApplicationRouting.m
[INFO]   Writing i18n files
[DEBUG]  No i18n files to process
[INFO]   Processing Titanium symbols
[DEBUG]  Processing Titanium namespace resources
[TRACE]  No change, skipping /Users/JarrodSmith/GitHub/AVF1604_Smith_Jarrod/All Things Weather/build/iphone/build/Products/Debug-iphonesimulator/All Things Weather.app/modules/ui/images/badge.png
[TRACE]  No change, skipping /Users/JarrodSmith/GitHub/AVF1604_Smith_Jarrod/All Things Weather/build/iphone/build/Products/Debug-iphonesimulator/All Things Weather.app/modules/ui/images/closeButton.png
[TRACE]  No change, skipping /Users/JarrodSmith/GitHub/AVF1604_Smith_Jarrod/All Things Weather/build/iphone/build/Products/Debug-iphonesimulator/All Things Weather.app/modules/ui/images/photoDefault.png
[TRACE]  No change, skipping /Users/JarrodSmith/GitHub/AVF1604_Smith_Jarrod/All Things Weather/build/iphone/Classes/defines.h
[INFO]   Removing files
[DEBUG]  Removing empty directories
[INFO]   Invoking xcodebuild
[DEBUG]  Invoking: DEVELOPER_DIR=/Applications/Xcode.app/Contents/Developer /Applications/Xcode.app/Contents/Developer/usr/bin/xcodebuild build -target "All Things Weather" -configuration Debug -scheme All_Things_Weather -derivedDataPath "/Users/JarrodSmith/GitHub/AVF1604_Smith_Jarrod/All Things Weather/build/iphone" "OBJROOT=/Users/JarrodSmith/GitHub/AVF1604_Smith_Jarrod/All Things Weather/build/iphone/build/Intermediates" "SHARED_PRECOMPS_DIR=/Users/JarrodSmith/GitHub/AVF1604_Smith_Jarrod/All Things Weather/build/iphone/build/Intermediates/PrecompiledHeaders" "SYMROOT=/Users/JarrodSmith/GitHub/AVF1604_Smith_Jarrod/All Things Weather/build/iphone/build/Products" -destination "platform=iOS Simulator,id=A5E51A24-02BF-4762-B967-E6B103F89D27,OS=9.0"
[TRACE]  User defaults from command line:
[TRACE]      IDEDerivedDataPathOverride = /Users/JarrodSmith/GitHub/AVF1604_Smith_Jarrod/All Things Weather/build/iphone
[TRACE]  Build settings from command line:
[TRACE]      OBJROOT = /Users/JarrodSmith/GitHub/AVF1604_Smith_Jarrod/All Things Weather/build/iphone/build/Intermediates
[TRACE]      SHARED_PRECOMPS_DIR = /Users/JarrodSmith/GitHub/AVF1604_Smith_Jarrod/All Things Weather/build/iphone/build/Intermediates/PrecompiledHeaders
[TRACE]      SYMROOT = /Users/JarrodSmith/GitHub/AVF1604_Smith_Jarrod/All Things Weather/build/iphone/build/Products
[TRACE]  
[TRACE]  === BUILD TARGET All Things Weather OF PROJECT All Things Weather WITH CONFIGURATION Debug ===
[TRACE]  Check dependencies
[TRACE]  
[TRACE]  CompileAssetCatalog build/Products/Debug-iphonesimulator/All\ Things\ Weather.app Assets.xcassets
[TRACE]      cd "/Users/JarrodSmith/GitHub/AVF1604_Smith_Jarrod/All Things Weather/build/iphone"
[TRACE]      export PATH="/Applications/Xcode.app/Contents/Developer/Platforms/iPhoneSimulator.platform/Developer/usr/bin:/Applications/Xcode.app/Contents/Developer/usr/bin:/Library/Java/JavaVirtualMachines/jdk1.7.0_80.jdk/Contents/Home/bin:/usr/local/bin:/usr/bin:/bin:/usr/sbin:/sbin:/usr/local/git/bin"
[TRACE]      /Applications/Xcode.app/Contents/Developer/usr/bin/actool --output-format human-readable-text --notices --warnings --export-dependency-info /Users/JarrodSmith/GitHub/AVF1604_Smith_Jarrod/All\ Things\ Weather/build/iphone/build/Intermediates/All\ Things\ Weather.build/Debug-iphonesimulator/All\ Things\ Weather.build/assetcatalog_dependencies --output-partial-info-plist /Users/JarrodSmith/GitHub/AVF1604_Smith_Jarrod/All\ Things\ Weather/build/iphone/build/Intermediates/All\ Things\ Weather.build/Debug-iphonesimulator/All\ Things\ Weather.build/assetcatalog_generated_info.plist --app-icon AppIcon --launch-image LaunchImage --compress-pngs --enable-on-demand-resources YES --filter-for-device-model iPhone7,2 --filter-for-device-os-version 9.0 --target-device iphone --target-device ipad --minimum-deployment-target 7.1 --platform iphonesimulator --compile /Users/JarrodSmith/GitHub/AVF1604_Smith_Jarrod/All\ Things\ Weather/build/iphone/build/Products/Debug-iphonesimulator/All\ Things\ Weather.app /Users/JarrodSmith/GitHub/AVF1604_Smith_Jarrod/All\ Things\ Weather/build/iphone/Assets.xcassets
[TRACE]  /* com.apple.actool.document.notices */
[TRACE]  /Users/JarrodSmith/GitHub/AVF1604_Smith_Jarrod/All Things Weather/build/iphone/Assets.xcassets:./LaunchImage.launchimage/[iphone][736h][3x][portrait][full-screen][8.0]: notice: This launch image only applies to iOS 6.x and prior but the minimum deployment is 7.0 or later.
[TRACE]  /Users/JarrodSmith/GitHub/AVF1604_Smith_Jarrod/All Things Weather/build/iphone/Assets.xcassets:./LaunchImage.launchimage/[iphone][736h][3x][landscape][full-screen][8.0]: notice: This launch image only applies to iOS 6.x and prior but the minimum deployment is 7.0 or later.
[TRACE]  /Users/JarrodSmith/GitHub/AVF1604_Smith_Jarrod/All Things Weather/build/iphone/Assets.xcassets:./LaunchImage.launchimage/[iphone][667h][2x][portrait][full-screen][8.0]: notice: This launch image only applies to iOS 6.x and prior but the minimum deployment is 7.0 or later.
[TRACE]  /* com.apple.actool.compilation-results */
[TRACE]  /Users/JarrodSmith/GitHub/AVF1604_Smith_Jarrod/All Things Weather/build/iphone/build/Products/Debug-iphonesimulator/All Things Weather.app/AppIcon29x29@2x.png
[TRACE]  /Users/JarrodSmith/GitHub/AVF1604_Smith_Jarrod/All Things Weather/build/iphone/build/Products/Debug-iphonesimulator/All Things Weather.app/AppIcon29x29@3x.png
[TRACE]  /Users/JarrodSmith/GitHub/AVF1604_Smith_Jarrod/All Things Weather/build/iphone/build/Products/Debug-iphonesimulator/All Things Weather.app/AppIcon40x40@2x.png
[TRACE]  /Users/JarrodSmith/GitHub/AVF1604_Smith_Jarrod/All Things Weather/build/iphone/build/Products/Debug-iphonesimulator/All Things Weather.app/AppIcon40x40@3x.png
[TRACE]  /Users/JarrodSmith/GitHub/AVF1604_Smith_Jarrod/All Things Weather/build/iphone/build/Products/Debug-iphonesimulator/All Things Weather.app/AppIcon60x60@2x.png
[TRACE]  /Users/JarrodSmith/GitHub/AVF1604_Smith_Jarrod/All Things Weather/build/iphone/build/Products/Debug-iphonesimulator/All Things Weather.app/AppIcon60x60@3x.png
[TRACE]  /Users/JarrodSmith/GitHub/AVF1604_Smith_Jarrod/All Things Weather/build/iphone/build/Products/Debug-iphonesimulator/All Things Weather.app/AppIcon29x29~ipad.png
[TRACE]  /Users/JarrodSmith/GitHub/AVF1604_Smith_Jarrod/All Things Weather/build/iphone/build/Products/Debug-iphonesimulator/All Things Weather.app/AppIcon29x29@2x~ipad.png
[TRACE]  /Users/JarrodSmith/GitHub/AVF1604_Smith_Jarrod/All Things Weather/build/iphone/build/Products/Debug-iphonesimulator/All Things Weather.app/AppIcon40x40~ipad.png
[TRACE]  /Users/JarrodSmith/GitHub/AVF1604_Smith_Jarrod/All Things Weather/build/iphone/build/Products/Debug-iphonesimulator/All Things Weather.app/AppIcon40x40@2x~ipad.png
[TRACE]  /Users/JarrodSmith/GitHub/AVF1604_Smith_Jarrod/All Things Weather/build/iphone/build/Products/Debug-iphonesimulator/All Things Weather.app/AppIcon76x76~ipad.png
[TRACE]  /Users/JarrodSmith/GitHub/AVF1604_Smith_Jarrod/All Things Weather/build/iphone/build/Products/Debug-iphonesimulator/All Things Weather.app/AppIcon76x76@2x~ipad.png
[TRACE]  /Users/JarrodSmith/GitHub/AVF1604_Smith_Jarrod/All Things Weather/build/iphone/build/Products/Debug-iphonesimulator/All Things Weather.app/AppIcon83.5x83.5@2x~ipad.png
[TRACE]  /Users/JarrodSmith/GitHub/AVF1604_Smith_Jarrod/All Things Weather/build/iphone/build/Products/Debug-iphonesimulator/All Things Weather.app/LaunchImage-800-Portrait-736h@3x.png
[TRACE]  /Users/JarrodSmith/GitHub/AVF1604_Smith_Jarrod/All Things Weather/build/iphone/build/Products/Debug-iphonesimulator/All Things Weather.app/LaunchImage-800-Landscape-736h@3x.png
[TRACE]  /Users/JarrodSmith/GitHub/AVF1604_Smith_Jarrod/All Things Weather/build/iphone/build/Products/Debug-iphonesimulator/All Things Weather.app/LaunchImage-800-667h@2x.png
[TRACE]  /Users/JarrodSmith/GitHub/AVF1604_Smith_Jarrod/All Things Weather/build/iphone/build/Products/Debug-iphonesimulator/All Things Weather.app/LaunchImage-700@2x.png
[TRACE]  /Users/JarrodSmith/GitHub/AVF1604_Smith_Jarrod/All Things Weather/build/iphone/build/Products/Debug-iphonesimulator/All Things Weather.app/LaunchImage-700-568h@2x.png
[TRACE]  /Users/JarrodSmith/GitHub/AVF1604_Smith_Jarrod/All Things Weather/build/iphone/build/Products/Debug-iphonesimulator/All Things Weather.app/LaunchImage-700-Portrait~ipad.png
[TRACE]  /Users/JarrodSmith/GitHub/AVF1604_Smith_Jarrod/All Things Weather/build/iphone/build/Products/Debug-iphonesimulator/All Things Weather.app/LaunchImage-700-Landscape~ipad.png
[TRACE]  /Users/JarrodSmith/GitHub/AVF1604_Smith_Jarrod/All Things Weather/build/iphone/build/Products/Debug-iphonesimulator/All Things Weather.app/LaunchImage-700-Portrait@2x~ipad.png
[TRACE]  /Users/JarrodSmith/GitHub/AVF1604_Smith_Jarrod/All Things Weather/build/iphone/build/Products/Debug-iphonesimulator/All Things Weather.app/LaunchImage-700-Landscape@2x~ipad.png
[TRACE]  /Users/JarrodSmith/GitHub/AVF1604_Smith_Jarrod/All Things Weather/build/iphone/build/Products/Debug-iphonesimulator/All Things Weather.app/Assets.car
[TRACE]  /Users/JarrodSmith/GitHub/AVF1604_Smith_Jarrod/All Things Weather/build/iphone/build/Intermediates/All Things Weather.build/Debug-iphonesimulator/All Things Weather.build/assetcatalog_generated_info.plist
[TRACE]  
[TRACE]  ProcessInfoPlistFile build/Products/Debug-iphonesimulator/All\ Things\ Weather.app/Info.plist Info.plist
[TRACE]      cd "/Users/JarrodSmith/GitHub/AVF1604_Smith_Jarrod/All Things Weather/build/iphone"
[TRACE]      export PATH="/Applications/Xcode.app/Contents/Developer/Platforms/iPhoneSimulator.platform/Developer/usr/bin:/Applications/Xcode.app/Contents/Developer/usr/bin:/Library/Java/JavaVirtualMachines/jdk1.7.0_80.jdk/Contents/Home/bin:/usr/local/bin:/usr/bin:/bin:/usr/sbin:/sbin:/usr/local/git/bin"
[TRACE]      builtin-infoPlistUtility /Users/JarrodSmith/GitHub/AVF1604_Smith_Jarrod/All\ Things\ Weather/build/iphone/Info.plist -genpkginfo /Users/JarrodSmith/GitHub/AVF1604_Smith_Jarrod/All\ Things\ Weather/build/iphone/build/Products/Debug-iphonesimulator/All\ Things\ Weather.app/PkgInfo -expandbuildsettings -format binary -platform iphonesimulator -additionalcontentfile /Users/JarrodSmith/GitHub/AVF1604_Smith_Jarrod/All\ Things\ Weather/build/iphone/build/Intermediates/All\ Things\ Weather.build/Debug-iphonesimulator/All\ Things\ Weather.build/LaunchScreen-SBPartialInfo.plist -additionalcontentfile /Users/JarrodSmith/GitHub/AVF1604_Smith_Jarrod/All\ Things\ Weather/build/iphone/build/Intermediates/All\ Things\ Weather.build/Debug-iphonesimulator/All\ Things\ Weather.build/assetcatalog_generated_info.plist -o /Users/JarrodSmith/GitHub/AVF1604_Smith_Jarrod/All\ Things\ Weather/build/iphone/build/Products/Debug-iphonesimulator/All\ Things\ Weather.app/Info.plist
[TRACE]  
[TRACE]  ProcessProductPackaging All\ Things\ Weather.entitlements build/Intermediates/All\ Things\ Weather.build/Debug-iphonesimulator/All\ Things\ Weather.build/All\ Things\ Weather.app.xcent
[TRACE]      cd "/Users/JarrodSmith/GitHub/AVF1604_Smith_Jarrod/All Things Weather/build/iphone"
[TRACE]      export PATH="/Applications/Xcode.app/Contents/Developer/Platforms/iPhoneSimulator.platform/Developer/usr/bin:/Applications/Xcode.app/Contents/Developer/usr/bin:/Library/Java/JavaVirtualMachines/jdk1.7.0_80.jdk/Contents/Home/bin:/usr/local/bin:/usr/bin:/bin:/usr/sbin:/sbin:/usr/local/git/bin"
[TRACE]      builtin-productPackagingUtility /Users/JarrodSmith/GitHub/AVF1604_Smith_Jarrod/All\ Things\ Weather/build/iphone/All\ Things\ Weather.entitlements -entitlements -format xml -o /Users/JarrodSmith/GitHub/AVF1604_Smith_Jarrod/All\ Things\ Weather/build/iphone/build/Intermediates/All\ Things\ Weather.build/Debug-iphonesimulator/All\ Things\ Weather.build/All\ Things\ Weather.app.xcent
[TRACE]  
[TRACE]  Ld build/Intermediates/All\ Things\ Weather.build/Debug-iphonesimulator/All\ Things\ Weather.build/Objects-normal/i386/All\ Things\ Weather normal i386
[TRACE]      cd "/Users/JarrodSmith/GitHub/AVF1604_Smith_Jarrod/All Things Weather/build/iphone"
[TRACE]      export IPHONEOS_DEPLOYMENT_TARGET=7.1
[TRACE]      export PATH="/Applications/Xcode.app/Contents/Developer/Platforms/iPhoneSimulator.platform/Developer/usr/bin:/Applications/Xcode.app/Contents/Developer/usr/bin:/Library/Java/JavaVirtualMachines/jdk1.7.0_80.jdk/Contents/Home/bin:/usr/local/bin:/usr/bin:/bin:/usr/sbin:/sbin:/usr/local/git/bin"
[TRACE]      /Applications/Xcode.app/Contents/Developer/Toolchains/XcodeDefault.xctoolchain/usr/bin/clang++ -arch i386 -isysroot /Applications/Xcode.app/Contents/Developer/Platforms/iPhoneSimulator.platform/Developer/SDKs/iPhoneSimulator9.3.sdk -L/Users/JarrodSmith/GitHub/AVF1604_Smith_Jarrod/All\ Things\ Weather/build/iphone/build/Products/Debug-iphonesimulator -L/Users/JarrodSmith/GitHub/AVF1604_Smith_Jarrod/All\ Things\ Weather/build/iphone/lib -L/Users/JarrodSmith/GitHub/AVF1604_Smith_Jarrod/All\ Things\ Weather/build/iphone/Classes/APSAnalytics -L/Users/JarrodSmith/GitHub/AVF1604_Smith_Jarrod/All\ Things\ Weather/build/iphone/Classes/APSHTTPClient -F/Users/JarrodSmith/GitHub/AVF1604_Smith_Jarrod/All\ Things\ Weather/build/iphone/build/Products/Debug-iphonesimulator -filelist /Users/JarrodSmith/GitHub/AVF1604_Smith_Jarrod/All\ Things\ Weather/build/iphone/build/Intermediates/All\ Things\ Weather.build/Debug-iphonesimulator/All\ Things\ Weather.build/Objects-normal/i386/All\ Things\ Weather.LinkFileList -mios-simulator-version-min=7.1 -dead_strip -Xlinker -no_deduplicate -Xlinker -objc_abi_version -Xlinker 2 -ObjC -weak-lti_ios_profiler -weak-lti_ios_debugger -weak-lTiCore -weak_framework Contacts -weak_framework ContactsUI -weak_framework WatchConnectivity -weak_framework CoreSpotlight -fobjc-link-runtime -stdlib=libc++ -Xlinker -sectcreate -Xlinker __TEXT -Xlinker __entitlements -Xlinker /Users/JarrodSmith/GitHub/AVF1604_Smith_Jarrod/All\ Things\ Weather/build/iphone/build/Intermediates/All\ Things\ Weather.build/Debug-iphonesimulator/All\ Things\ Weather.build/All\ Things\ Weather.app.xcent -weak_framework iAd -framework CoreMedia -weak_framework CoreMotion -lAPSAnalytics -weak_framework CoreText -framework EventKit -framework EventKitUI -weak_framework Security -licucore -framework Foundation -weak_framework UIKit -framework CoreGraphics -weak_framework AddressBook -framework AddressBookUI -framework CFNetwork -framework CoreLocation -weak_framework MapKit -framework MessageUI -framework MobileCoreServices -framework OpenGLES -framework QuartzCore -framework SystemConfiguration -lsqlite3 -lz -framework AudioToolbox -weak_framework MediaPlayer -framework AVFoundation -lxml2 -framework StoreKit -lAPSHTTPClient -framework ExternalAccessory -ltiverify -Xlinker -dependency_info -Xlinker /Users/JarrodSmith/GitHub/AVF1604_Smith_Jarrod/All\ Things\ Weather/build/iphone/build/Intermediates/All\ Things\ Weather.build/Debug-iphonesimulator/All\ Things\ Weather.build/Objects-normal/i386/All\ Things\ Weather_dependency_info.dat -o /Users/JarrodSmith/GitHub/AVF1604_Smith_Jarrod/All\ Things\ Weather/build/iphone/build/Intermediates/All\ Things\ Weather.build/Debug-iphonesimulator/All\ Things\ Weather.build/Objects-normal/i386/All\ Things\ Weather
[TRACE]  
[TRACE]  Ld build/Intermediates/All\ Things\ Weather.build/Debug-iphonesimulator/All\ Things\ Weather.build/Objects-normal/x86_64/All\ Things\ Weather normal x86_64
[TRACE]      cd "/Users/JarrodSmith/GitHub/AVF1604_Smith_Jarrod/All Things Weather/build/iphone"
[TRACE]      export IPHONEOS_DEPLOYMENT_TARGET=7.1
[TRACE]      export PATH="/Applications/Xcode.app/Contents/Developer/Platforms/iPhoneSimulator.platform/Developer/usr/bin:/Applications/Xcode.app/Contents/Developer/usr/bin:/Library/Java/JavaVirtualMachines/jdk1.7.0_80.jdk/Contents/Home/bin:/usr/local/bin:/usr/bin:/bin:/usr/sbin:/sbin:/usr/local/git/bin"
[TRACE]      /Applications/Xcode.app/Contents/Developer/Toolchains/XcodeDefault.xctoolchain/usr/bin/clang++ -arch x86_64 -isysroot /Applications/Xcode.app/Contents/Developer/Platforms/iPhoneSimulator.platform/Developer/SDKs/iPhoneSimulator9.3.sdk -L/Users/JarrodSmith/GitHub/AVF1604_Smith_Jarrod/All\ Things\ Weather/build/iphone/build/Products/Debug-iphonesimulator -L/Users/JarrodSmith/GitHub/AVF1604_Smith_Jarrod/All\ Things\ Weather/build/iphone/lib -L/Users/JarrodSmith/GitHub/AVF1604_Smith_Jarrod/All\ Things\ Weather/build/iphone/Classes/APSAnalytics -L/Users/JarrodSmith/GitHub/AVF1604_Smith_Jarrod/All\ Things\ Weather/build/iphone/Classes/APSHTTPClient -F/Users/JarrodSmith/GitHub/AVF1604_Smith_Jarrod/All\ Things\ Weather/build/iphone/build/Products/Debug-iphonesimulator -filelist /Users/JarrodSmith/GitHub/AVF1604_Smith_Jarrod/All\ Things\ Weather/build/iphone/build/Intermediates/All\ Things\ Weather.build/Debug-iphonesimulator/All\ Things\ Weather.build/Objects-normal/x86_64/All\ Things\ Weather.LinkFileList -mios-simulator-version-min=7.1 -dead_strip -Xlinker -no_deduplicate -Xlinker -objc_abi_version -Xlinker 2 -ObjC -weak-lti_ios_profiler -weak-lti_ios_debugger -weak-lTiCore -weak_framework Contacts -weak_framework ContactsUI -weak_framework WatchConnectivity -weak_framework CoreSpotlight -fobjc-link-runtime -stdlib=libc++ -Xlinker -sectcreate -Xlinker __TEXT -Xlinker __entitlements -Xlinker /Users/JarrodSmith/GitHub/AVF1604_Smith_Jarrod/All\ Things\ Weather/build/iphone/build/Intermediates/All\ Things\ Weather.build/Debug-iphonesimulator/All\ Things\ Weather.build/All\ Things\ Weather.app.xcent -weak_framework iAd -framework CoreMedia -weak_framework CoreMotion -lAPSAnalytics -weak_framework CoreText -framework EventKit -framework EventKitUI -weak_framework Security -licucore -framework Foundation -weak_framework UIKit -framework CoreGraphics -weak_framework AddressBook -framework AddressBookUI -framework CFNetwork -framework CoreLocation -weak_framework MapKit -framework MessageUI -framework MobileCoreServices -framework OpenGLES -framework QuartzCore -framework SystemConfiguration -lsqlite3 -lz -framework AudioToolbox -weak_framework MediaPlayer -framework AVFoundation -lxml2 -framework StoreKit -lAPSHTTPClient -framework ExternalAccessory -ltiverify -Xlinker -dependency_info -Xlinker /Users/JarrodSmith/GitHub/AVF1604_Smith_Jarrod/All\ Things\ Weather/build/iphone/build/Intermediates/All\ Things\ Weather.build/Debug-iphonesimulator/All\ Things\ Weather.build/Objects-normal/x86_64/All\ Things\ Weather_dependency_info.dat -o /Users/JarrodSmith/GitHub/AVF1604_Smith_Jarrod/All\ Things\ Weather/build/iphone/build/Intermediates/All\ Things\ Weather.build/Debug-iphonesimulator/All\ Things\ Weather.build/Objects-normal/x86_64/All\ Things\ Weather
[TRACE]  
[TRACE]  CreateUniversalBinary build/Products/Debug-iphonesimulator/All\ Things\ Weather.app/All\ Things\ Weather normal i386\ x86_64
[TRACE]      cd "/Users/JarrodSmith/GitHub/AVF1604_Smith_Jarrod/All Things Weather/build/iphone"
[TRACE]      export PATH="/Applications/Xcode.app/Contents/Developer/Platforms/iPhoneSimulator.platform/Developer/usr/bin:/Applications/Xcode.app/Contents/Developer/usr/bin:/Library/Java/JavaVirtualMachines/jdk1.7.0_80.jdk/Contents/Home/bin:/usr/local/bin:/usr/bin:/bin:/usr/sbin:/sbin:/usr/local/git/bin"
[TRACE]      /Applications/Xcode.app/Contents/Developer/Toolchains/XcodeDefault.xctoolchain/usr/bin/lipo -create /Users/JarrodSmith/GitHub/AVF1604_Smith_Jarrod/All\ Things\ Weather/build/iphone/build/Intermediates/All\ Things\ Weather.build/Debug-iphonesimulator/All\ Things\ Weather.build/Objects-normal/i386/All\ Things\ Weather /Users/JarrodSmith/GitHub/AVF1604_Smith_Jarrod/All\ Things\ Weather/build/iphone/build/Intermediates/All\ Things\ Weather.build/Debug-iphonesimulator/All\ Things\ Weather.build/Objects-normal/x86_64/All\ Things\ Weather -output /Users/JarrodSmith/GitHub/AVF1604_Smith_Jarrod/All\ Things\ Weather/build/iphone/build/Products/Debug-iphonesimulator/All\ Things\ Weather.app/All\ Things\ Weather
[TRACE]  
[TRACE]  GenerateDSYMFile build/Products/Debug-iphonesimulator/All\ Things\ Weather.app.dSYM build/Products/Debug-iphonesimulator/All\ Things\ Weather.app/All\ Things\ Weather
[TRACE]      cd "/Users/JarrodSmith/GitHub/AVF1604_Smith_Jarrod/All Things Weather/build/iphone"
[TRACE]      export PATH="/Applications/Xcode.app/Contents/Developer/Platforms/iPhoneSimulator.platform/Developer/usr/bin:/Applications/Xcode.app/Contents/Developer/usr/bin:/Library/Java/JavaVirtualMachines/jdk1.7.0_80.jdk/Contents/Home/bin:/usr/local/bin:/usr/bin:/bin:/usr/sbin:/sbin:/usr/local/git/bin"
[TRACE]      /Applications/Xcode.app/Contents/Developer/Toolchains/XcodeDefault.xctoolchain/usr/bin/dsymutil /Users/JarrodSmith/GitHub/AVF1604_Smith_Jarrod/All\ Things\ Weather/build/iphone/build/Products/Debug-iphonesimulator/All\ Things\ Weather.app/All\ Things\ Weather -o /Users/JarrodSmith/GitHub/AVF1604_Smith_Jarrod/All\ Things\ Weather/build/iphone/build/Products/Debug-iphonesimulator/All\ Things\ Weather.app.dSYM
[TRACE]  
[TRACE]  CopySwiftLibs build/Products/Debug-iphonesimulator/All\ Things\ Weather.app
[TRACE]      cd "/Users/JarrodSmith/GitHub/AVF1604_Smith_Jarrod/All Things Weather/build/iphone"
[TRACE]      export CODESIGN_ALLOCATE=/Applications/Xcode.app/Contents/Developer/Toolchains/XcodeDefault.xctoolchain/usr/bin/codesign_allocate
[TRACE]      export DEVELOPER_DIR=/Applications/Xcode.app/Contents/Developer
[TRACE]      export PATH="/Applications/Xcode.app/Contents/Developer/Platforms/iPhoneSimulator.platform/Developer/usr/bin:/Applications/Xcode.app/Contents/Developer/usr/bin:/Library/Java/JavaVirtualMachines/jdk1.7.0_80.jdk/Contents/Home/bin:/usr/local/bin:/usr/bin:/bin:/usr/sbin:/sbin:/usr/local/git/bin"
[TRACE]      export SDKROOT=/Applications/Xcode.app/Contents/Developer/Platforms/iPhoneSimulator.platform/Developer/SDKs/iPhoneSimulator9.3.sdk
[TRACE]      export TOOLCHAINS=com.apple.dt.toolchain.iOS9_3
[TRACE]      /Applications/Xcode.app/Contents/Developer/Toolchains/XcodeDefault.xctoolchain/usr/bin/swift-stdlib-tool --copy --verbose --scan-executable /Users/JarrodSmith/GitHub/AVF1604_Smith_Jarrod/All\ Things\ Weather/build/iphone/build/Products/Debug-iphonesimulator/All\ Things\ Weather.app/All\ Things\ Weather --scan-folder /Users/JarrodSmith/GitHub/AVF1604_Smith_Jarrod/All\ Things\ Weather/build/iphone/build/Products/Debug-iphonesimulator/All\ Things\ Weather.app/Frameworks --scan-folder /Users/JarrodSmith/GitHub/AVF1604_Smith_Jarrod/All\ Things\ Weather/build/iphone/build/Products/Debug-iphonesimulator/All\ Things\ Weather.app/PlugIns --scan-folder /Applications/Xcode.app/Contents/Developer/Platforms/iPhoneSimulator.platform/Developer/SDKs/iPhoneSimulator9.3.sdk/System/Library/Frameworks/iAd.framework --scan-folder /Applications/Xcode.app/Contents/Developer/Platforms/iPhoneSimulator.platform/Developer/SDKs/iPhoneSimulator9.3.sdk/System/Library/Frameworks/CoreMedia.framework --scan-folder /Applications/Xcode.app/Contents/Developer/Platforms/iPhoneSimulator.platform/Developer/SDKs/iPhoneSimulator9.3.sdk/System/Library/Frameworks/CoreMotion.framework --scan-folder /Applications/Xcode.app/Contents/Developer/Platforms/iPhoneSimulator.platform/Developer/SDKs/iPhoneSimulator9.3.sdk/System/Library/Frameworks/CoreText.framework --scan-folder /Applications/Xcode.app/Contents/Developer/Platforms/iPhoneSimulator.platform/Developer/SDKs/iPhoneSimulator9.3.sdk/System/Library/Frameworks/EventKit.framework --scan-folder /Applications/Xcode.app/Contents/Developer/Platforms/iPhoneSimulator.platform/Developer/SDKs/iPhoneSimulator9.3.sdk/System/Library/Frameworks/EventKitUI.framework --scan-folder /Applications/Xcode.app/Contents/Developer/Platforms/iPhoneSimulator.platform/Developer/SDKs/iPhoneSimulator9.3.sdk/System/Library/Frameworks/Security.framework --scan-folder /Applications/Xcode.app/Contents/Developer/Platforms/iPhoneSimulator.platform/Developer/SDKs/iPhoneSimulator9.3.sdk/System/Library/Frameworks/Foundation.framework --scan-folder /Applications/Xcode.app/Contents/Developer/Platforms/iPhoneSimulator.platform/Developer/SDKs/iPhoneSimulator9.3.sdk/System/Library/Frameworks/UIKit.framework --scan-folder /Applications/Xcode.app/Contents/Developer/Platforms/iPhoneSimulator.platform/Developer/SDKs/iPhoneSimulator9.3.sdk/System/Library/Frameworks/CoreGraphics.framework --scan-folder /Applications/Xcode.app/Contents/Developer/Platforms/iPhoneSimulator.platform/Developer/SDKs/iPhoneSimulator9.3.sdk/System/Library/Frameworks/AddressBook.framework --scan-folder /Applications/Xcode.app/Contents/Developer/Platforms/iPhoneSimulator.platform/Developer/SDKs/iPhoneSimulator9.3.sdk/System/Library/Frameworks/AddressBookUI.framework --scan-folder /Applications/Xcode.app/Contents/Developer/Platforms/iPhoneSimulator.platform/Developer/SDKs/iPhoneSimulator9.3.sdk/System/Library/Frameworks/CFNetwork.framework --scan-folder /Applications/Xcode.app/Contents/Developer/Platforms/iPhoneSimulator.platform/Developer/SDKs/iPhoneSimulator9.3.sdk/System/Library/Frameworks/CoreLocation.framework --scan-folder /Applications/Xcode.app/Contents/Developer/Platforms/iPhoneSimulator.platform/Developer/SDKs/iPhoneSimulator9.3.sdk/System/Library/Frameworks/MapKit.framework --scan-folder /Applications/Xcode.app/Contents/Developer/Platforms/iPhoneSimulator.platform/Developer/SDKs/iPhoneSimulator9.3.sdk/System/Library/Frameworks/MessageUI.framework --scan-folder /Applications/Xcode.app/Contents/Developer/Platforms/iPhoneSimulator.platform/Developer/SDKs/iPhoneSimulator9.3.sdk/System/Library/Frameworks/MobileCoreServices.framework --scan-folder /Applications/Xcode.app/Contents/Developer/Platforms/iPhoneSimulator.platform/Developer/SDKs/iPhoneSimulator9.3.sdk/System/Library/Frameworks/OpenGLES.framework --scan-folder /Applications/Xcode.app/Contents/Developer/Platforms/iPhoneSimulator.platform/Developer/SDKs/iPhoneSimulator9.3.sdk/System/Library/Frameworks/QuartzCore.framework --scan-folder /Applications/Xcode.app/Contents/Developer/Platforms/iPhoneSimulator.platform/Developer/SDKs/iPhoneSimulator9.3.sdk/System/Library/Frameworks/SystemConfiguration.framework --scan-folder /Applications/Xcode.app/Contents/Developer/Platforms/iPhoneSimulator.platform/Developer/SDKs/iPhoneSimulator9.3.sdk/System/Library/Frameworks/AudioToolbox.framework --scan-folder /Applications/Xcode.app/Contents/Developer/Platforms/iPhoneSimulator.platform/Developer/SDKs/iPhoneSimulator9.3.sdk/System/Library/Frameworks/MediaPlayer.framework --scan-folder /Applications/Xcode.app/Contents/Developer/Platforms/iPhoneSimulator.platform/Developer/SDKs/iPhoneSimulator9.3.sdk/System/Library/Frameworks/AVFoundation.framework --scan-folder /Applications/Xcode.app/Contents/Developer/Platforms/iPhoneSimulator.platform/Developer/SDKs/iPhoneSimulator9.3.sdk/System/Library/Frameworks/StoreKit.framework --scan-folder /Applications/Xcode.app/Contents/Developer/Platforms/iPhoneSimulator.platform/Developer/SDKs/iPhoneSimulator9.3.sdk/System/Library/Frameworks/ExternalAccessory.framework --platform iphonesimulator --destination /Users/JarrodSmith/GitHub/AVF1604_Smith_Jarrod/All\ Things\ Weather/build/iphone/build/Products/Debug-iphonesimulator/All\ Things\ Weather.app/Frameworks --strip-bitcode
[TRACE]  
[TRACE]  Touch build/Products/Debug-iphonesimulator/All\ Things\ Weather.app
[TRACE]      cd "/Users/JarrodSmith/GitHub/AVF1604_Smith_Jarrod/All Things Weather/build/iphone"
[TRACE]      export PATH="/Applications/Xcode.app/Contents/Developer/Platforms/iPhoneSimulator.platform/Developer/usr/bin:/Applications/Xcode.app/Contents/Developer/usr/bin:/Library/Java/JavaVirtualMachines/jdk1.7.0_80.jdk/Contents/Home/bin:/usr/local/bin:/usr/bin:/bin:/usr/sbin:/sbin:/usr/local/git/bin"
[TRACE]      /usr/bin/touch -c /Users/JarrodSmith/GitHub/AVF1604_Smith_Jarrod/All\ Things\ Weather/build/iphone/build/Products/Debug-iphonesimulator/All\ Things\ Weather.app
[TRACE]  
[TRACE]  ** BUILD SUCCEEDED **
[INFO]   Finished building the application in 6s 505ms
[INFO]   Launching iOS Simulator
[TRACE]  [ioslib] Selected iOS Simulator: iPhone 6
[TRACE]  [ioslib]   UDID    = A5E51A24-02BF-4762-B967-E6B103F89D27
[TRACE]  [ioslib]   iOS     = 9.0
[TRACE]  [ioslib] Autoselected Xcode: 7.3
[TRACE]  [ioslib] Removing old log file: /Users/JarrodSmith/Library/Developer/CoreSimulator/Devices/A5E51A24-02BF-4762-B967-E6B103F89D27/data/Containers/Data/Application/898FA4DF-D430-4CDB-8C6F-293B21CC80E5/Documents/df589f00-560a-466f-9555-143d191eacb5.log
[TRACE]  [ioslib] iPhone 6 Simulator already running with the correct udid
[TRACE]  [ioslib] Tailing iPhone 6 Simulator system log: /Users/JarrodSmith/Library/Logs/CoreSimulator/A5E51A24-02BF-4762-B967-E6B103F89D27/system.log
[TRACE]  [ioslib] Running: osascript "/Users/JarrodSmith/Library/Application Support/Titanium/mobilesdk/osx/5.2.0.GA/node_modules/ioslib/lib/sim_focus.scpt" "Simulator"
[TRACE]  [ioslib] iPhone 6 Simulator successfully focused
[TRACE]  [ioslib] Running: /Applications/Xcode.app/Contents/Developer/usr/bin/simctl install A5E51A24-02BF-4762-B967-E6B103F89D27 /Users/JarrodSmith/GitHub/AVF1604_Smith_Jarrod/All Things Weather/build/iphone/build/Products/Debug-iphonesimulator/All Things Weather.app
[TRACE]  [ioslib] App installed
[TRACE]  [ioslib] Running: /Applications/Xcode.app/Contents/Developer/usr/bin/simctl launch A5E51A24-02BF-4762-B967-E6B103F89D27 com.JSDevelop.AllThingsWeather
[TRACE]  [ioslib] App launched
[TRACE]  [All Things Weather] assertion failed: 15E65 13A344: libxpc.dylib + 57978 [9D7FF5E0-5DAA-3118-9A08-436E517037E9]: 0x7d
[TRACE]  [ioslib] Found application log file: /Users/JarrodSmith/Library/Developer/CoreSimulator/Devices/A5E51A24-02BF-4762-B967-E6B103F89D27/data/Containers/Data/Application/AADFAEB8-5D98-4DBA-B9F1-55D79BA6ED22/Documents/df589f00-560a-466f-9555-143d191eacb5.log